{"/Users/prabhu/code/smart-tagz/src/components/CloseIcon.vue": {"path":"/Users/prabhu/code/smart-tagz/src/components/CloseIcon.vue","statementMap":{"0":{"start":{"line":28,"column":5},"end":{"line":30,"column":null}},"1":{"start":{"line":2,"column":7},"end":{"line":2,"column":null}}},"fnMap":{},"branchMap":{},"s":{"0":4,"1":4},"f":{},"b":{},"meta":{"lastBranch":0,"lastFunction":0,"lastStatement":0,"seen":{}}}
,"/Users/prabhu/code/smart-tagz/src/components/HandlePaste.ts": {"path":"/Users/prabhu/code/smart-tagz/src/components/HandlePaste.ts","statementMap":{"0":{"start":{"line":3,"column":20},"end":{"line":62,"column":null}},"1":{"start":{"line":11,"column":2},"end":{"line":61,"column":null}},"2":{"start":{"line":13,"column":27},"end":{"line":13,"column":null}},"3":{"start":{"line":16,"column":16},"end":{"line":16,"column":null}},"4":{"start":{"line":19,"column":4},"end":{"line":19,"column":null}},"5":{"start":{"line":19,"column":32},"end":{"line":19,"column":43}},"6":{"start":{"line":19,"column":62},"end":{"line":19,"column":77}},"7":{"start":{"line":21,"column":4},"end":{"line":60,"column":null}},"8":{"start":{"line":23,"column":6},"end":{"line":23,"column":null}},"9":{"start":{"line":26,"column":6},"end":{"line":33,"column":null}},"10":{"start":{"line":27,"column":30},"end":{"line":27,"column":null}},"11":{"start":{"line":27,"column":50},"end":{"line":27,"column":56}},"12":{"start":{"line":28,"column":23},"end":{"line":28,"column":null}},"13":{"start":{"line":28,"column":46},"end":{"line":28,"column":84}},"14":{"start":{"line":32,"column":8},"end":{"line":32,"column":null}},"15":{"start":{"line":36,"column":6},"end":{"line":48,"column":null}},"16":{"start":{"line":37,"column":24},"end":{"line":43,"column":null}},"17":{"start":{"line":38,"column":31},"end":{"line":42,"column":12}},"18":{"start":{"line":44,"column":8},"end":{"line":47,"column":null}},"19":{"start":{"line":50,"column":22},"end":{"line":54,"column":null}},"20":{"start":{"line":56,"column":6},"end":{"line":59,"column":null}}},"fnMap":{"0":{"name":"(anonymous_0)","decl":{"start":{"line":3,"column":20},"end":{"line":3,"column":null}},"loc":{"start":{"line":10,"column":58},"end":{"line":62,"column":null}},"line":10},"1":{"name":"(anonymous_1)","decl":{"start":{"line":19,"column":22},"end":{"line":19,"column":23}},"loc":{"start":{"line":19,"column":32},"end":{"line":19,"column":43}},"line":19},"2":{"name":"(anonymous_2)","decl":{"start":{"line":19,"column":52},"end":{"line":19,"column":53}},"loc":{"start":{"line":19,"column":62},"end":{"line":19,"column":77}},"line":19},"3":{"name":"(anonymous_3)","decl":{"start":{"line":27,"column":43},"end":{"line":27,"column":44}},"loc":{"start":{"line":27,"column":50},"end":{"line":27,"column":56}},"line":27},"4":{"name":"(anonymous_4)","decl":{"start":{"line":28,"column":36},"end":{"line":28,"column":37}},"loc":{"start":{"line":28,"column":46},"end":{"line":28,"column":84}},"line":28},"5":{"name":"(anonymous_5)","decl":{"start":{"line":38,"column":20},"end":{"line":38,"column":21}},"loc":{"start":{"line":38,"column":31},"end":{"line":42,"column":12}},"line":38}},"branchMap":{"0":{"loc":{"start":{"line":11,"column":2},"end":{"line":61,"column":null}},"type":"if","locations":[{"start":{"line":11,"column":2},"end":{"line":61,"column":null}},{"start":{},"end":{}}],"line":11},"1":{"loc":{"start":{"line":16,"column":16},"end":{"line":16,"column":null}},"type":"cond-expr","locations":[{"start":{"line":16,"column":28},"end":{"line":16,"column":57}},{"start":{"line":16,"column":57},"end":{"line":16,"column":null}}],"line":16},"2":{"loc":{"start":{"line":21,"column":4},"end":{"line":60,"column":null}},"type":"if","locations":[{"start":{"line":21,"column":4},"end":{"line":60,"column":null}},{"start":{"line":49,"column":11},"end":{"line":60,"column":null}}],"line":21},"3":{"loc":{"start":{"line":26,"column":6},"end":{"line":33,"column":null}},"type":"if","locations":[{"start":{"line":26,"column":6},"end":{"line":33,"column":null}},{"start":{},"end":{}}],"line":26},"4":{"loc":{"start":{"line":36,"column":6},"end":{"line":48,"column":null}},"type":"if","locations":[{"start":{"line":36,"column":6},"end":{"line":48,"column":null}},{"start":{},"end":{}}],"line":36}},"s":{"0":3,"1":42,"2":40,"3":40,"4":40,"5":104,"6":104,"7":40,"8":32,"9":32,"10":30,"11":32,"12":30,"13":78,"14":30,"15":32,"16":31,"17":73,"18":31,"19":8,"20":8},"f":{"0":42,"1":104,"2":104,"3":32,"4":78,"5":73},"b":{"0":[40,2],"1":[40,0],"2":[32,8],"3":[30,2],"4":[31,1]},"meta":{"lastBranch":5,"lastFunction":6,"lastStatement":21,"seen":{"s:3:20:62:Infinity":0,"f:3:20:3:Infinity":0,"b:11:2:61:Infinity:undefined:undefined:undefined:undefined":0,"s:11:2:61:Infinity":1,"s:13:27:13:Infinity":2,"s:16:16:16:Infinity":3,"b:16:28:16:57:16:57:16:Infinity":1,"s:19:4:19:Infinity":4,"f:19:22:19:23":1,"s:19:32:19:43":5,"f:19:52:19:53":2,"s:19:62:19:77":6,"b:21:4:60:Infinity:49:11:60:Infinity":2,"s:21:4:60:Infinity":7,"s:23:6:23:Infinity":8,"b:26:6:33:Infinity:undefined:undefined:undefined:undefined":3,"s:26:6:33:Infinity":9,"s:27:30:27:Infinity":10,"f:27:43:27:44":3,"s:27:50:27:56":11,"s:28:23:28:Infinity":12,"f:28:36:28:37":4,"s:28:46:28:84":13,"s:32:8:32:Infinity":14,"b:36:6:48:Infinity:undefined:undefined:undefined:undefined":4,"s:36:6:48:Infinity":15,"s:37:24:43:Infinity":16,"f:38:20:38:21":5,"s:38:31:42:12":17,"s:44:8:47:Infinity":18,"s:50:22:54:Infinity":19,"s:56:6:59:Infinity":20}}}
,"/Users/prabhu/code/smart-tagz/src/components/Main.vue": {"path":"/Users/prabhu/code/smart-tagz/src/components/Main.vue","statementMap":{"0":{"start":{"line":115,"column":5},"end":{"line":209,"column":null}},"1":{"start":{"line":135,"column":22},"end":{"line":140,"column":null}},"2":{"start":{"line":144,"column":21},"end":{"line":144,"column":null}},"3":{"start":{"line":154,"column":21},"end":{"line":154,"column":null}},"4":{"start":{"line":201,"column":22},"end":{"line":205,"column":null}},"5":{"start":{"line":5,"column":17},"end":{"line":5,"column":32}},"6":{"start":{"line":46,"column":19},"end":{"line":46,"column":null}},"7":{"start":{"line":55,"column":24},"end":{"line":55,"column":null}},"8":{"start":{"line":56,"column":25},"end":{"line":56,"column":37}},"9":{"start":{"line":57,"column":22},"end":{"line":57,"column":34}},"10":{"start":{"line":58,"column":25},"end":{"line":58,"column":38}},"11":{"start":{"line":59,"column":23},"end":{"line":59,"column":34}},"12":{"start":{"line":60,"column":25},"end":{"line":60,"column":35}},"13":{"start":{"line":61,"column":24},"end":{"line":61,"column":33}},"14":{"start":{"line":62,"column":24},"end":{"line":62,"column":33}},"15":{"start":{"line":63,"column":31},"end":{"line":63,"column":46}},"16":{"start":{"line":64,"column":18},"end":{"line":64,"column":null}},"17":{"start":{"line":65,"column":18},"end":{"line":65,"column":null}},"18":{"start":{"line":66,"column":17},"end":{"line":66,"column":null}}},"fnMap":{"0":{"name":"(anonymous_0)","decl":{"start":{"line":135,"column":15},"end":{"line":135,"column":22}},"loc":{"start":{"line":135,"column":22},"end":{"line":140,"column":null}},"line":135},"1":{"name":"(anonymous_1)","decl":{"start":{"line":144,"column":15},"end":{"line":144,"column":21}},"loc":{"start":{"line":144,"column":21},"end":{"line":144,"column":null}},"line":144},"2":{"name":"(anonymous_2)","decl":{"start":{"line":154,"column":15},"end":{"line":154,"column":21}},"loc":{"start":{"line":154,"column":21},"end":{"line":154,"column":null}},"line":154},"3":{"name":"(anonymous_3)","decl":{"start":{"line":201,"column":15},"end":{"line":201,"column":22}},"loc":{"start":{"line":201,"column":22},"end":{"line":205,"column":null}},"line":201},"4":{"name":"(anonymous_4)","decl":{"start":{"line":5,"column":10},"end":{"line":5,"column":17}},"loc":{"start":{"line":5,"column":17},"end":{"line":5,"column":32}},"line":5},"5":{"name":"(anonymous_5)","decl":{"start":{"line":45,"column":14},"end":{"line":45,"column":null}},"loc":{"start":{"line":46,"column":19},"end":{"line":46,"column":null}},"line":46},"6":{"name":"(anonymous_6)","decl":{"start":{"line":55,"column":16},"end":{"line":55,"column":24}},"loc":{"start":{"line":55,"column":24},"end":{"line":55,"column":null}},"line":55},"7":{"name":"(anonymous_7)","decl":{"start":{"line":55,"column":83},"end":{"line":55,"column":null}},"loc":{"start":{"line":56,"column":25},"end":{"line":56,"column":37}},"line":56},"8":{"name":"(anonymous_8)","decl":{"start":{"line":56,"column":37},"end":{"line":56,"column":null}},"loc":{"start":{"line":57,"column":22},"end":{"line":57,"column":34}},"line":57},"9":{"name":"(anonymous_9)","decl":{"start":{"line":58,"column":18},"end":{"line":58,"column":25}},"loc":{"start":{"line":58,"column":25},"end":{"line":58,"column":38}},"line":58},"10":{"name":"(anonymous_10)","decl":{"start":{"line":58,"column":38},"end":{"line":58,"column":null}},"loc":{"start":{"line":59,"column":23},"end":{"line":59,"column":34}},"line":59},"11":{"name":"(anonymous_11)","decl":{"start":{"line":59,"column":34},"end":{"line":59,"column":null}},"loc":{"start":{"line":60,"column":25},"end":{"line":60,"column":35}},"line":60},"12":{"name":"(anonymous_12)","decl":{"start":{"line":60,"column":35},"end":{"line":60,"column":null}},"loc":{"start":{"line":61,"column":24},"end":{"line":61,"column":33}},"line":61},"13":{"name":"(anonymous_13)","decl":{"start":{"line":61,"column":33},"end":{"line":61,"column":null}},"loc":{"start":{"line":62,"column":24},"end":{"line":62,"column":33}},"line":62},"14":{"name":"(anonymous_14)","decl":{"start":{"line":62,"column":33},"end":{"line":62,"column":null}},"loc":{"start":{"line":63,"column":31},"end":{"line":63,"column":46}},"line":63},"15":{"name":"(anonymous_15)","decl":{"start":{"line":64,"column":16},"end":{"line":64,"column":18}},"loc":{"start":{"line":64,"column":18},"end":{"line":64,"column":null}},"line":64},"16":{"name":"(anonymous_16)","decl":{"start":{"line":65,"column":16},"end":{"line":65,"column":18}},"loc":{"start":{"line":65,"column":18},"end":{"line":65,"column":null}},"line":65},"17":{"name":"(anonymous_17)","decl":{"start":{"line":66,"column":15},"end":{"line":66,"column":17}},"loc":{"start":{"line":66,"column":17},"end":{"line":66,"column":null}},"line":66}},"branchMap":{"0":{"loc":{"start":{"line":5,"column":10},"end":{"line":5,"column":null}},"type":"binary-expr","locations":[{"start":{"line":5,"column":10},"end":{"line":5,"column":17}},{"start":{"line":5,"column":10},"end":{"line":5,"column":null}}],"line":5},"1":{"loc":{"start":{"line":5,"column":17},"end":{"line":5,"column":32}},"type":"binary-expr","locations":[{"start":{"line":5,"column":17},"end":{"line":5,"column":32}},{"start":{"line":5,"column":17},"end":{"line":5,"column":32}}],"line":5},"2":{"loc":{"start":{"line":20,"column":41},"end":{"line":20,"column":87}},"type":"binary-expr","locations":[{"start":{"line":20,"column":41},"end":{"line":20,"column":65}},{"start":{"line":20,"column":65},"end":{"line":20,"column":87}}],"line":20},"3":{"loc":{"start":{"line":20,"column":87},"end":{"line":20,"column":135}},"type":"binary-expr","locations":[{"start":{"line":20,"column":87},"end":{"line":20,"column":106}},{"start":{"line":20,"column":106},"end":{"line":20,"column":135}}],"line":20},"4":{"loc":{"start":{"line":20,"column":135},"end":{"line":20,"column":null}},"type":"binary-expr","locations":[{"start":{"line":20,"column":135},"end":{"line":20,"column":159}},{"start":{"line":20,"column":159},"end":{"line":20,"column":null}}],"line":20},"5":{"loc":{"start":{"line":32,"column":17},"end":{"line":32,"column":null}},"type":"binary-expr","locations":[{"start":{"line":32,"column":17},"end":{"line":32,"column":39}},{"start":{"line":32,"column":39},"end":{"line":32,"column":53}},{"start":{"line":32,"column":53},"end":{"line":32,"column":null}}],"line":32},"6":{"loc":{"start":{"line":44,"column":17},"end":{"line":46,"column":null}},"type":"cond-expr","locations":[{"start":{"line":44,"column":17},"end":{"line":46,"column":null}},{"start":{"line":46,"column":24},"end":{"line":46,"column":null}}],"line":44},"7":{"loc":{"start":{"line":45,"column":14},"end":{"line":46,"column":null}},"type":"binary-expr","locations":[{"start":{"line":45,"column":14},"end":{"line":45,"column":null}},{"start":{"line":45,"column":14},"end":{"line":46,"column":null}}],"line":45},"8":{"loc":{"start":{"line":53,"column":34},"end":{"line":53,"column":null}},"type":"cond-expr","locations":[{"start":{"line":53,"column":47},"end":{"line":53,"column":null}},{"start":{"line":53,"column":82},"end":{"line":53,"column":null}}],"line":53},"9":{"loc":{"start":{"line":54,"column":34},"end":{"line":54,"column":null}},"type":"cond-expr","locations":[{"start":{"line":54,"column":41},"end":{"line":54,"column":null}},{"start":{"line":54,"column":78},"end":{"line":54,"column":null}}],"line":54},"10":{"loc":{"start":{"line":55,"column":16},"end":{"line":55,"column":null}},"type":"binary-expr","locations":[{"start":{"line":55,"column":16},"end":{"line":55,"column":24}},{"start":{"line":55,"column":16},"end":{"line":55,"column":null}}],"line":55},"11":{"loc":{"start":{"line":55,"column":83},"end":{"line":56,"column":null}},"type":"binary-expr","locations":[{"start":{"line":55,"column":83},"end":{"line":55,"column":null}},{"start":{"line":55,"column":83},"end":{"line":56,"column":null}}],"line":55},"12":{"loc":{"start":{"line":56,"column":25},"end":{"line":56,"column":37}},"type":"binary-expr","locations":[{"start":{"line":56,"column":25},"end":{"line":56,"column":37}},{"start":{"line":56,"column":25},"end":{"line":56,"column":37}}],"line":56},"13":{"loc":{"start":{"line":56,"column":37},"end":{"line":57,"column":null}},"type":"binary-expr","locations":[{"start":{"line":56,"column":37},"end":{"line":56,"column":null}},{"start":{"line":56,"column":37},"end":{"line":57,"column":null}}],"line":56},"14":{"loc":{"start":{"line":57,"column":22},"end":{"line":57,"column":34}},"type":"binary-expr","locations":[{"start":{"line":57,"column":22},"end":{"line":57,"column":34}},{"start":{"line":57,"column":22},"end":{"line":57,"column":34}}],"line":57},"15":{"loc":{"start":{"line":58,"column":18},"end":{"line":58,"column":null}},"type":"binary-expr","locations":[{"start":{"line":58,"column":18},"end":{"line":58,"column":25}},{"start":{"line":58,"column":18},"end":{"line":58,"column":null}}],"line":58},"16":{"loc":{"start":{"line":58,"column":25},"end":{"line":58,"column":38}},"type":"binary-expr","locations":[{"start":{"line":58,"column":25},"end":{"line":58,"column":38}},{"start":{"line":58,"column":25},"end":{"line":58,"column":38}}],"line":58},"17":{"loc":{"start":{"line":58,"column":38},"end":{"line":59,"column":null}},"type":"binary-expr","locations":[{"start":{"line":58,"column":38},"end":{"line":58,"column":null}},{"start":{"line":58,"column":38},"end":{"line":59,"column":null}}],"line":58},"18":{"loc":{"start":{"line":59,"column":23},"end":{"line":59,"column":34}},"type":"binary-expr","locations":[{"start":{"line":59,"column":23},"end":{"line":59,"column":34}},{"start":{"line":59,"column":23},"end":{"line":59,"column":34}}],"line":59},"19":{"loc":{"start":{"line":59,"column":34},"end":{"line":60,"column":null}},"type":"binary-expr","locations":[{"start":{"line":59,"column":34},"end":{"line":59,"column":null}},{"start":{"line":59,"column":34},"end":{"line":60,"column":null}}],"line":59},"20":{"loc":{"start":{"line":60,"column":25},"end":{"line":60,"column":35}},"type":"binary-expr","locations":[{"start":{"line":60,"column":25},"end":{"line":60,"column":35}},{"start":{"line":60,"column":25},"end":{"line":60,"column":35}}],"line":60},"21":{"loc":{"start":{"line":60,"column":35},"end":{"line":61,"column":null}},"type":"binary-expr","locations":[{"start":{"line":60,"column":35},"end":{"line":60,"column":null}},{"start":{"line":60,"column":35},"end":{"line":61,"column":null}}],"line":60},"22":{"loc":{"start":{"line":61,"column":24},"end":{"line":61,"column":33}},"type":"binary-expr","locations":[{"start":{"line":61,"column":24},"end":{"line":61,"column":33}},{"start":{"line":61,"column":24},"end":{"line":61,"column":33}}],"line":61},"23":{"loc":{"start":{"line":61,"column":33},"end":{"line":62,"column":null}},"type":"binary-expr","locations":[{"start":{"line":61,"column":33},"end":{"line":61,"column":null}},{"start":{"line":61,"column":33},"end":{"line":62,"column":null}}],"line":61},"24":{"loc":{"start":{"line":62,"column":24},"end":{"line":62,"column":33}},"type":"binary-expr","locations":[{"start":{"line":62,"column":24},"end":{"line":62,"column":33}},{"start":{"line":62,"column":24},"end":{"line":62,"column":33}}],"line":62},"25":{"loc":{"start":{"line":62,"column":33},"end":{"line":63,"column":null}},"type":"binary-expr","locations":[{"start":{"line":62,"column":33},"end":{"line":62,"column":null}},{"start":{"line":62,"column":33},"end":{"line":63,"column":null}}],"line":62},"26":{"loc":{"start":{"line":63,"column":31},"end":{"line":63,"column":46}},"type":"binary-expr","locations":[{"start":{"line":63,"column":31},"end":{"line":63,"column":46}},{"start":{"line":63,"column":31},"end":{"line":63,"column":46}}],"line":63},"27":{"loc":{"start":{"line":64,"column":16},"end":{"line":64,"column":null}},"type":"binary-expr","locations":[{"start":{"line":64,"column":16},"end":{"line":64,"column":18}},{"start":{"line":64,"column":16},"end":{"line":64,"column":null}}],"line":64},"28":{"loc":{"start":{"line":64,"column":18},"end":{"line":64,"column":null}},"type":"binary-expr","locations":[{"start":{"line":64,"column":18},"end":{"line":64,"column":null}},{"start":{"line":64,"column":18},"end":{"line":64,"column":null}}],"line":64},"29":{"loc":{"start":{"line":65,"column":16},"end":{"line":65,"column":null}},"type":"binary-expr","locations":[{"start":{"line":65,"column":16},"end":{"line":65,"column":18}},{"start":{"line":65,"column":16},"end":{"line":65,"column":null}}],"line":65},"30":{"loc":{"start":{"line":65,"column":18},"end":{"line":65,"column":null}},"type":"binary-expr","locations":[{"start":{"line":65,"column":18},"end":{"line":65,"column":null}},{"start":{"line":65,"column":18},"end":{"line":65,"column":null}}],"line":65},"31":{"loc":{"start":{"line":66,"column":15},"end":{"line":66,"column":null}},"type":"binary-expr","locations":[{"start":{"line":66,"column":15},"end":{"line":66,"column":17}},{"start":{"line":66,"column":15},"end":{"line":66,"column":null}}],"line":66},"32":{"loc":{"start":{"line":66,"column":17},"end":{"line":66,"column":null}},"type":"binary-expr","locations":[{"start":{"line":66,"column":17},"end":{"line":66,"column":null}},{"start":{"line":66,"column":17},"end":{"line":66,"column":null}}],"line":66}},"s":{"0":1,"1":52,"2":41,"3":45,"4":50,"5":0,"6":17,"7":11,"8":1,"9":1,"10":1,"11":1,"12":0,"13":0,"14":0,"15":0,"16":1,"17":0,"18":1},"f":{"0":52,"1":41,"2":45,"3":50,"4":0,"5":17,"6":11,"7":1,"8":1,"9":1,"10":1,"11":0,"12":0,"13":0,"14":0,"15":1,"16":0,"17":1},"b":{"0":[75,53],"1":[0,0],"2":[75,0],"3":[75,0],"4":[75,0],"5":[101,0,0],"6":[99,2],"7":[99,50],"8":[2,97],"9":[99,0],"10":[99,50],"11":[99,50],"12":[1,1],"13":[99,50],"14":[1,1],"15":[99,50],"16":[1,1],"17":[99,50],"18":[1,1],"19":[99,50],"20":[0,0],"21":[99,50],"22":[0,0],"23":[99,50],"24":[0,0],"25":[99,50],"26":[0,0],"27":[99,50],"28":[1,1],"29":[99,50],"30":[0,0],"31":[99,50],"32":[1,1]},"meta":{"lastBranch":0,"lastFunction":0,"lastStatement":0,"seen":{}}}
,"/Users/prabhu/code/smart-tagz/src/components/MainSetup.ts": {"path":"/Users/prabhu/code/smart-tagz/src/components/MainSetup.ts","statementMap":{"0":{"start":{"line":32,"column":8},"end":{"line":32,"column":null}},"1":{"start":{"line":34,"column":8},"end":{"line":40,"column":null}},"2":{"start":{"line":35,"column":49},"end":{"line":39,"column":6}},"3":{"start":{"line":41,"column":8},"end":{"line":41,"column":null}},"4":{"start":{"line":42,"column":8},"end":{"line":42,"column":null}},"5":{"start":{"line":44,"column":8},"end":{"line":44,"column":null}},"6":{"start":{"line":46,"column":8},"end":{"line":46,"column":null}},"7":{"start":{"line":48,"column":8},"end":{"line":48,"column":null}},"8":{"start":{"line":50,"column":8},"end":{"line":50,"column":null}},"9":{"start":{"line":51,"column":8},"end":{"line":51,"column":null}},"10":{"start":{"line":53,"column":8},"end":{"line":53,"column":null}},"11":{"start":{"line":55,"column":8},"end":{"line":55,"column":null}},"12":{"start":{"line":56,"column":8},"end":{"line":56,"column":null}},"13":{"start":{"line":57,"column":8},"end":{"line":57,"column":null}},"14":{"start":{"line":60,"column":19},"end":{"line":66,"column":null}},"15":{"start":{"line":61,"column":4},"end":{"line":61,"column":null}},"16":{"start":{"line":63,"column":4},"end":{"line":65,"column":null}},"17":{"start":{"line":64,"column":6},"end":{"line":64,"column":null}},"18":{"start":{"line":69,"column":20},"end":{"line":76,"column":null}},"19":{"start":{"line":70,"column":4},"end":{"line":70,"column":null}},"20":{"start":{"line":71,"column":4},"end":{"line":71,"column":null}},"21":{"start":{"line":73,"column":4},"end":{"line":75,"column":null}},"22":{"start":{"line":74,"column":6},"end":{"line":74,"column":null}},"23":{"start":{"line":78,"column":8},"end":{"line":80,"column":null}},"24":{"start":{"line":78,"column":32},"end":{"line":80,"column":4}},"25":{"start":{"line":82,"column":8},"end":{"line":95,"column":null}},"26":{"start":{"line":83,"column":4},"end":{"line":85,"column":null}},"27":{"start":{"line":84,"column":6},"end":{"line":84,"column":null}},"28":{"start":{"line":88,"column":17},"end":{"line":91,"column":null}},"29":{"start":{"line":93,"column":20},"end":{"line":93,"column":null}},"30":{"start":{"line":94,"column":4},"end":{"line":94,"column":null}},"31":{"start":{"line":94,"column":35},"end":{"line":94,"column":46}},"32":{"start":{"line":97,"column":8},"end":{"line":97,"column":null}},"33":{"start":{"line":97,"column":35},"end":{"line":97,"column":75}},"34":{"start":{"line":97,"column":64},"end":{"line":97,"column":74}},"35":{"start":{"line":100,"column":8},"end":{"line":104,"column":null}},"36":{"start":{"line":107,"column":33},"end":{"line":116,"column":null}},"37":{"start":{"line":108,"column":4},"end":{"line":108,"column":null}},"38":{"start":{"line":108,"column":32},"end":{"line":108,"column":null}},"39":{"start":{"line":110,"column":17},"end":{"line":110,"column":null}},"40":{"start":{"line":111,"column":4},"end":{"line":115,"column":null}},"41":{"start":{"line":119,"column":2},"end":{"line":126,"column":null}},"42":{"start":{"line":120,"column":4},"end":{"line":125,"column":null}},"43":{"start":{"line":122,"column":6},"end":{"line":124,"column":null}},"44":{"start":{"line":123,"column":8},"end":{"line":123,"column":null}},"45":{"start":{"line":129,"column":2},"end":{"line":132,"column":null}},"46":{"start":{"line":130,"column":4},"end":{"line":130,"column":null}},"47":{"start":{"line":131,"column":4},"end":{"line":131,"column":null}},"48":{"start":{"line":134,"column":2},"end":{"line":137,"column":null}},"49":{"start":{"line":135,"column":4},"end":{"line":135,"column":null}},"50":{"start":{"line":136,"column":4},"end":{"line":136,"column":null}},"51":{"start":{"line":139,"column":16},"end":{"line":143,"column":null}},"52":{"start":{"line":140,"column":4},"end":{"line":142,"column":null}},"53":{"start":{"line":141,"column":8},"end":{"line":141,"column":null}},"54":{"start":{"line":146,"column":27},"end":{"line":150,"column":null}},"55":{"start":{"line":147,"column":4},"end":{"line":149,"column":null}},"56":{"start":{"line":148,"column":6},"end":{"line":148,"column":null}},"57":{"start":{"line":153,"column":26},"end":{"line":157,"column":null}},"58":{"start":{"line":154,"column":4},"end":{"line":154,"column":null}},"59":{"start":{"line":155,"column":4},"end":{"line":155,"column":null}},"60":{"start":{"line":156,"column":4},"end":{"line":156,"column":null}},"61":{"start":{"line":160,"column":40},"end":{"line":163,"column":null}},"62":{"start":{"line":161,"column":4},"end":{"line":161,"column":null}},"63":{"start":{"line":162,"column":4},"end":{"line":162,"column":null}},"64":{"start":{"line":166,"column":31},"end":{"line":175,"column":null}},"65":{"start":{"line":167,"column":4},"end":{"line":167,"column":null}},"66":{"start":{"line":168,"column":4},"end":{"line":174,"column":null}},"67":{"start":{"line":169,"column":6},"end":{"line":172,"column":null}},"68":{"start":{"line":170,"column":39},"end":{"line":170,"column":null}},"69":{"start":{"line":171,"column":8},"end":{"line":171,"column":null}},"70":{"start":{"line":173,"column":6},"end":{"line":173,"column":null}},"71":{"start":{"line":177,"column":28},"end":{"line":184,"column":null}},"72":{"start":{"line":179,"column":4},"end":{"line":179,"column":null}},"73":{"start":{"line":179,"column":68},"end":{"line":179,"column":72}},"74":{"start":{"line":181,"column":4},"end":{"line":181,"column":null}},"75":{"start":{"line":182,"column":4},"end":{"line":182,"column":null}},"76":{"start":{"line":183,"column":4},"end":{"line":183,"column":null}},"77":{"start":{"line":186,"column":2},"end":{"line":188,"column":null}},"78":{"start":{"line":187,"column":4},"end":{"line":187,"column":null}},"79":{"start":{"line":190,"column":2},"end":{"line":212,"column":null}},"80":{"start":{"line":191,"column":4},"end":{"line":194,"column":null}},"81":{"start":{"line":192,"column":6},"end":{"line":192,"column":null}},"82":{"start":{"line":193,"column":6},"end":{"line":193,"column":null}},"83":{"start":{"line":193,"column":70},"end":{"line":193,"column":74}},"84":{"start":{"line":197,"column":4},"end":{"line":199,"column":null}},"85":{"start":{"line":198,"column":6},"end":{"line":198,"column":null}},"86":{"start":{"line":201,"column":4},"end":{"line":211,"column":null}},"87":{"start":{"line":202,"column":6},"end":{"line":202,"column":null}},"88":{"start":{"line":204,"column":6},"end":{"line":208,"column":null}},"89":{"start":{"line":205,"column":8},"end":{"line":205,"column":null}},"90":{"start":{"line":206,"column":6},"end":{"line":208,"column":null}},"91":{"start":{"line":207,"column":8},"end":{"line":207,"column":null}},"92":{"start":{"line":210,"column":6},"end":{"line":210,"column":null}},"93":{"start":{"line":214,"column":2},"end":{"line":220,"column":null}},"94":{"start":{"line":215,"column":4},"end":{"line":219,"column":null}},"95":{"start":{"line":216,"column":6},"end":{"line":218,"column":null}},"96":{"start":{"line":223,"column":20},"end":{"line":235,"column":null}},"97":{"start":{"line":225,"column":4},"end":{"line":227,"column":null}},"98":{"start":{"line":226,"column":6},"end":{"line":226,"column":null}},"99":{"start":{"line":229,"column":19},"end":{"line":229,"column":null}},"100":{"start":{"line":230,"column":28},"end":{"line":232,"column":null}},"101":{"start":{"line":231,"column":38},"end":{"line":231,"column":80}},"102":{"start":{"line":233,"column":23},"end":{"line":233,"column":null}},"103":{"start":{"line":234,"column":4},"end":{"line":234,"column":null}},"104":{"start":{"line":238,"column":47},"end":{"line":289,"column":null}},"105":{"start":{"line":239,"column":20},"end":{"line":239,"column":null}},"106":{"start":{"line":240,"column":10},"end":{"line":240,"column":null}},"107":{"start":{"line":242,"column":4},"end":{"line":246,"column":null}},"108":{"start":{"line":243,"column":6},"end":{"line":243,"column":null}},"109":{"start":{"line":245,"column":6},"end":{"line":245,"column":null}},"110":{"start":{"line":248,"column":4},"end":{"line":262,"column":null}},"111":{"start":{"line":249,"column":26},"end":{"line":251,"column":null}},"112":{"start":{"line":250,"column":17},"end":{"line":250,"column":null}},"113":{"start":{"line":252,"column":6},"end":{"line":256,"column":null}},"114":{"start":{"line":253,"column":8},"end":{"line":253,"column":null}},"115":{"start":{"line":254,"column":6},"end":{"line":256,"column":null}},"116":{"start":{"line":255,"column":8},"end":{"line":255,"column":null}},"117":{"start":{"line":258,"column":6},"end":{"line":258,"column":null}},"118":{"start":{"line":259,"column":6},"end":{"line":259,"column":null}},"119":{"start":{"line":260,"column":6},"end":{"line":260,"column":null}},"120":{"start":{"line":261,"column":6},"end":{"line":261,"column":null}},"121":{"start":{"line":264,"column":17},"end":{"line":264,"column":null}},"122":{"start":{"line":266,"column":4},"end":{"line":270,"column":null}},"123":{"start":{"line":267,"column":6},"end":{"line":267,"column":null}},"124":{"start":{"line":269,"column":6},"end":{"line":269,"column":null}},"125":{"start":{"line":272,"column":4},"end":{"line":282,"column":null}},"126":{"start":{"line":273,"column":6},"end":{"line":277,"column":null}},"127":{"start":{"line":279,"column":6},"end":{"line":279,"column":null}},"128":{"start":{"line":281,"column":6},"end":{"line":281,"column":null}},"129":{"start":{"line":284,"column":4},"end":{"line":284,"column":null}},"130":{"start":{"line":285,"column":4},"end":{"line":285,"column":null}},"131":{"start":{"line":286,"column":4},"end":{"line":286,"column":null}},"132":{"start":{"line":288,"column":4},"end":{"line":288,"column":null}},"133":{"start":{"line":288,"column":19},"end":{"line":288,"column":26}},"134":{"start":{"line":292,"column":48},"end":{"line":301,"column":null}},"135":{"start":{"line":293,"column":23},"end":{"line":293,"column":null}},"136":{"start":{"line":293,"column":50},"end":{"line":293,"column":61}},"137":{"start":{"line":294,"column":4},"end":{"line":294,"column":null}},"138":{"start":{"line":294,"column":50},"end":{"line":294,"column":61}},"139":{"start":{"line":295,"column":4},"end":{"line":295,"column":null}},"140":{"start":{"line":297,"column":4},"end":{"line":300,"column":null}},"141":{"start":{"line":298,"column":28},"end":{"line":298,"column":null}},"142":{"start":{"line":299,"column":6},"end":{"line":299,"column":null}},"143":{"start":{"line":304,"column":35},"end":{"line":316,"column":null}},"144":{"start":{"line":305,"column":21},"end":{"line":305,"column":null}},"145":{"start":{"line":306,"column":4},"end":{"line":306,"column":null}},"146":{"start":{"line":307,"column":4},"end":{"line":307,"column":null}},"147":{"start":{"line":308,"column":4},"end":{"line":308,"column":null}},"148":{"start":{"line":309,"column":4},"end":{"line":309,"column":null}},"149":{"start":{"line":310,"column":4},"end":{"line":310,"column":null}},"150":{"start":{"line":311,"column":4},"end":{"line":311,"column":null}},"151":{"start":{"line":313,"column":4},"end":{"line":315,"column":null}},"152":{"start":{"line":314,"column":6},"end":{"line":314,"column":null}},"153":{"start":{"line":318,"column":35},"end":{"line":352,"column":null}},"154":{"start":{"line":319,"column":4},"end":{"line":321,"column":null}},"155":{"start":{"line":320,"column":6},"end":{"line":320,"column":null}},"156":{"start":{"line":323,"column":4},"end":{"line":328,"column":null}},"157":{"start":{"line":324,"column":6},"end":{"line":324,"column":null}},"158":{"start":{"line":325,"column":6},"end":{"line":325,"column":null}},"159":{"start":{"line":326,"column":6},"end":{"line":326,"column":null}},"160":{"start":{"line":327,"column":6},"end":{"line":327,"column":null}},"161":{"start":{"line":330,"column":4},"end":{"line":351,"column":null}},"162":{"start":{"line":331,"column":18},"end":{"line":331,"column":null}},"163":{"start":{"line":332,"column":6},"end":{"line":332,"column":null}},"164":{"start":{"line":332,"column":52},"end":{"line":332,"column":67}},"165":{"start":{"line":333,"column":6},"end":{"line":333,"column":null}},"166":{"start":{"line":334,"column":6},"end":{"line":334,"column":null}},"167":{"start":{"line":335,"column":4},"end":{"line":351,"column":null}},"168":{"start":{"line":336,"column":18},"end":{"line":336,"column":null}},"169":{"start":{"line":337,"column":6},"end":{"line":350,"column":null}},"170":{"start":{"line":338,"column":8},"end":{"line":340,"column":null}},"171":{"start":{"line":341,"column":8},"end":{"line":349,"column":null}},"172":{"start":{"line":342,"column":10},"end":{"line":348,"column":null}},"173":{"start":{"line":343,"column":12},"end":{"line":345,"column":null}},"174":{"start":{"line":347,"column":12},"end":{"line":347,"column":null}},"175":{"start":{"line":355,"column":55},"end":{"line":383,"column":null}},"176":{"start":{"line":357,"column":4},"end":{"line":359,"column":null}},"177":{"start":{"line":358,"column":6},"end":{"line":358,"column":null}},"178":{"start":{"line":362,"column":4},"end":{"line":362,"column":null}},"179":{"start":{"line":363,"column":4},"end":{"line":363,"column":null}},"180":{"start":{"line":366,"column":17},"end":{"line":366,"column":null}},"181":{"start":{"line":368,"column":4},"end":{"line":382,"column":null}},"182":{"start":{"line":369,"column":12},"end":{"line":376,"column":null}},"183":{"start":{"line":378,"column":6},"end":{"line":381,"column":null}},"184":{"start":{"line":379,"column":8},"end":{"line":379,"column":null}},"185":{"start":{"line":380,"column":8},"end":{"line":380,"column":null}},"186":{"start":{"line":385,"column":23},"end":{"line":385,"column":null}},"187":{"start":{"line":385,"column":29},"end":{"line":385,"column":null}},"188":{"start":{"line":387,"column":64},"end":{"line":398,"column":null}},"189":{"start":{"line":388,"column":4},"end":{"line":397,"column":null}},"190":{"start":{"line":389,"column":6},"end":{"line":396,"column":null}},"191":{"start":{"line":390,"column":8},"end":{"line":393,"column":null}},"192":{"start":{"line":395,"column":8},"end":{"line":395,"column":null}},"193":{"start":{"line":400,"column":57},"end":{"line":405,"column":null}},"194":{"start":{"line":401,"column":4},"end":{"line":401,"column":null}},"195":{"start":{"line":402,"column":4},"end":{"line":404,"column":null}},"196":{"start":{"line":403,"column":6},"end":{"line":403,"column":null}},"197":{"start":{"line":407,"column":56},"end":{"line":417,"column":null}},"198":{"start":{"line":408,"column":4},"end":{"line":408,"column":null}},"199":{"start":{"line":410,"column":10},"end":{"line":410,"column":null}},"200":{"start":{"line":412,"column":4},"end":{"line":416,"column":null}},"201":{"start":{"line":413,"column":6},"end":{"line":413,"column":null}},"202":{"start":{"line":415,"column":6},"end":{"line":415,"column":null}},"203":{"start":{"line":419,"column":54},"end":{"line":429,"column":null}},"204":{"start":{"line":420,"column":4},"end":{"line":420,"column":null}},"205":{"start":{"line":422,"column":10},"end":{"line":422,"column":null}},"206":{"start":{"line":424,"column":4},"end":{"line":428,"column":null}},"207":{"start":{"line":425,"column":6},"end":{"line":425,"column":null}},"208":{"start":{"line":427,"column":6},"end":{"line":427,"column":null}},"209":{"start":{"line":431,"column":39},"end":{"line":434,"column":null}},"210":{"start":{"line":432,"column":4},"end":{"line":432,"column":null}},"211":{"start":{"line":433,"column":4},"end":{"line":433,"column":null}},"212":{"start":{"line":436,"column":58},"end":{"line":444,"column":null}},"213":{"start":{"line":437,"column":4},"end":{"line":439,"column":null}},"214":{"start":{"line":438,"column":6},"end":{"line":438,"column":null}},"215":{"start":{"line":440,"column":4},"end":{"line":443,"column":null}},"216":{"start":{"line":441,"column":6},"end":{"line":441,"column":null}},"217":{"start":{"line":442,"column":6},"end":{"line":442,"column":null}},"218":{"start":{"line":447,"column":53},"end":{"line":452,"column":null}},"219":{"start":{"line":448,"column":4},"end":{"line":451,"column":null}},"220":{"start":{"line":449,"column":6},"end":{"line":449,"column":null}},"221":{"start":{"line":450,"column":6},"end":{"line":450,"column":null}},"222":{"start":{"line":455,"column":52},"end":{"line":460,"column":null}},"223":{"start":{"line":456,"column":4},"end":{"line":459,"column":null}},"224":{"start":{"line":457,"column":6},"end":{"line":457,"column":null}},"225":{"start":{"line":458,"column":6},"end":{"line":458,"column":null}},"226":{"start":{"line":463,"column":52},"end":{"line":484,"column":null}},"227":{"start":{"line":464,"column":4},"end":{"line":483,"column":null}},"228":{"start":{"line":465,"column":6},"end":{"line":465,"column":null}},"229":{"start":{"line":466,"column":27},"end":{"line":466,"column":null}},"230":{"start":{"line":467,"column":6},"end":{"line":477,"column":null}},"231":{"start":{"line":473,"column":8},"end":{"line":473,"column":null}},"232":{"start":{"line":476,"column":8},"end":{"line":476,"column":null}},"233":{"start":{"line":479,"column":6},"end":{"line":482,"column":null}},"234":{"start":{"line":480,"column":28},"end":{"line":480,"column":null}},"235":{"start":{"line":481,"column":8},"end":{"line":481,"column":null}},"236":{"start":{"line":486,"column":50},"end":{"line":488,"column":null}},"237":{"start":{"line":487,"column":4},"end":{"line":487,"column":null}},"238":{"start":{"line":490,"column":2},"end":{"line":525,"column":null}}},"fnMap":{"0":{"name":"(anonymous_0)","decl":{"start":{"line":21,"column":0},"end":{"line":21,"column":25}},"loc":{"start":{"line":31,"column":14},"end":{"line":526,"column":null}},"line":31},"1":{"name":"(anonymous_1)","decl":{"start":{"line":35,"column":38},"end":{"line":35,"column":39}},"loc":{"start":{"line":35,"column":49},"end":{"line":39,"column":6}},"line":35},"2":{"name":"(anonymous_2)","decl":{"start":{"line":60,"column":19},"end":{"line":60,"column":20}},"loc":{"start":{"line":60,"column":40},"end":{"line":66,"column":null}},"line":60},"3":{"name":"(anonymous_3)","decl":{"start":{"line":63,"column":15},"end":{"line":63,"column":21}},"loc":{"start":{"line":63,"column":21},"end":{"line":65,"column":7}},"line":63},"4":{"name":"(anonymous_4)","decl":{"start":{"line":69,"column":20},"end":{"line":69,"column":21}},"loc":{"start":{"line":69,"column":41},"end":{"line":76,"column":null}},"line":69},"5":{"name":"(anonymous_5)","decl":{"start":{"line":73,"column":15},"end":{"line":73,"column":21}},"loc":{"start":{"line":73,"column":21},"end":{"line":75,"column":7}},"line":73},"6":{"name":"(anonymous_6)","decl":{"start":{"line":78,"column":25},"end":{"line":78,"column":32}},"loc":{"start":{"line":78,"column":32},"end":{"line":80,"column":4}},"line":78},"7":{"name":"(anonymous_7)","decl":{"start":{"line":82,"column":33},"end":{"line":82,"column":39}},"loc":{"start":{"line":82,"column":39},"end":{"line":95,"column":3}},"line":82},"8":{"name":"(anonymous_8)","decl":{"start":{"line":94,"column":23},"end":{"line":94,"column":24}},"loc":{"start":{"line":94,"column":35},"end":{"line":94,"column":46}},"line":94},"9":{"name":"(anonymous_9)","decl":{"start":{"line":97,"column":29},"end":{"line":97,"column":35}},"loc":{"start":{"line":97,"column":35},"end":{"line":97,"column":75}},"line":97},"10":{"name":"(anonymous_10)","decl":{"start":{"line":97,"column":54},"end":{"line":97,"column":55}},"loc":{"start":{"line":97,"column":64},"end":{"line":97,"column":74}},"line":97},"11":{"name":"(anonymous_11)","decl":{"start":{"line":107,"column":33},"end":{"line":107,"column":39}},"loc":{"start":{"line":107,"column":39},"end":{"line":116,"column":null}},"line":107},"12":{"name":"(anonymous_12)","decl":{"start":{"line":119,"column":25},"end":{"line":119,"column":26}},"loc":{"start":{"line":119,"column":38},"end":{"line":126,"column":3}},"line":119},"13":{"name":"(anonymous_13)","decl":{"start":{"line":122,"column":15},"end":{"line":122,"column":21}},"loc":{"start":{"line":122,"column":21},"end":{"line":124,"column":7}},"line":122},"14":{"name":"(anonymous_14)","decl":{"start":{"line":129,"column":12},"end":{"line":129,"column":18}},"loc":{"start":{"line":129,"column":18},"end":{"line":132,"column":3}},"line":129},"15":{"name":"(anonymous_15)","decl":{"start":{"line":134,"column":14},"end":{"line":134,"column":20}},"loc":{"start":{"line":134,"column":20},"end":{"line":137,"column":3}},"line":134},"16":{"name":"(anonymous_16)","decl":{"start":{"line":139,"column":16},"end":{"line":139,"column":22}},"loc":{"start":{"line":139,"column":22},"end":{"line":143,"column":null}},"line":139},"17":{"name":"(anonymous_17)","decl":{"start":{"line":146,"column":27},"end":{"line":146,"column":33}},"loc":{"start":{"line":146,"column":33},"end":{"line":150,"column":null}},"line":146},"18":{"name":"(anonymous_18)","decl":{"start":{"line":153,"column":26},"end":{"line":153,"column":32}},"loc":{"start":{"line":153,"column":32},"end":{"line":157,"column":null}},"line":153},"19":{"name":"(anonymous_19)","decl":{"start":{"line":160,"column":40},"end":{"line":160,"column":46}},"loc":{"start":{"line":160,"column":46},"end":{"line":163,"column":null}},"line":160},"20":{"name":"(anonymous_20)","decl":{"start":{"line":166,"column":31},"end":{"line":166,"column":32}},"loc":{"start":{"line":166,"column":47},"end":{"line":175,"column":null}},"line":166},"21":{"name":"(anonymous_21)","decl":{"start":{"line":168,"column":40},"end":{"line":168,"column":41}},"loc":{"start":{"line":168,"column":49},"end":{"line":174,"column":5}},"line":168},"22":{"name":"(anonymous_22)","decl":{"start":{"line":177,"column":28},"end":{"line":177,"column":34}},"loc":{"start":{"line":177,"column":34},"end":{"line":184,"column":null}},"line":177},"23":{"name":"(anonymous_23)","decl":{"start":{"line":179,"column":40},"end":{"line":179,"column":41}},"loc":{"start":{"line":179,"column":68},"end":{"line":179,"column":72}},"line":179},"24":{"name":"(anonymous_24)","decl":{"start":{"line":186,"column":19},"end":{"line":186,"column":20}},"loc":{"start":{"line":186,"column":34},"end":{"line":188,"column":3}},"line":186},"25":{"name":"(anonymous_25)","decl":{"start":{"line":190,"column":15},"end":{"line":190,"column":16}},"loc":{"start":{"line":190,"column":29},"end":{"line":212,"column":3}},"line":190},"26":{"name":"(anonymous_26)","decl":{"start":{"line":193,"column":42},"end":{"line":193,"column":43}},"loc":{"start":{"line":193,"column":70},"end":{"line":193,"column":74}},"line":193},"27":{"name":"(anonymous_27)","decl":{"start":{"line":214,"column":22},"end":{"line":214,"column":23}},"loc":{"start":{"line":214,"column":36},"end":{"line":220,"column":3}},"line":214},"28":{"name":"(anonymous_28)","decl":{"start":{"line":215,"column":40},"end":{"line":215,"column":41}},"loc":{"start":{"line":216,"column":6},"end":{"line":218,"column":null}},"line":216},"29":{"name":"(anonymous_29)","decl":{"start":{"line":223,"column":20},"end":{"line":223,"column":21}},"loc":{"start":{"line":223,"column":38},"end":{"line":235,"column":null}},"line":223},"30":{"name":"(anonymous_30)","decl":{"start":{"line":231,"column":29},"end":{"line":231,"column":30}},"loc":{"start":{"line":231,"column":38},"end":{"line":231,"column":80}},"line":231},"31":{"name":"(anonymous_31)","decl":{"start":{"line":238,"column":47},"end":{"line":238,"column":48}},"loc":{"start":{"line":238,"column":57},"end":{"line":289,"column":null}},"line":238},"32":{"name":"(anonymous_32)","decl":{"start":{"line":250,"column":8},"end":{"line":250,"column":9}},"loc":{"start":{"line":250,"column":17},"end":{"line":250,"column":null}},"line":250},"33":{"name":"(anonymous_33)","decl":{"start":{"line":288,"column":13},"end":{"line":288,"column":19}},"loc":{"start":{"line":288,"column":19},"end":{"line":288,"column":26}},"line":288},"34":{"name":"(anonymous_34)","decl":{"start":{"line":292,"column":48},"end":{"line":292,"column":49}},"loc":{"start":{"line":292,"column":56},"end":{"line":301,"column":null}},"line":292},"35":{"name":"(anonymous_35)","decl":{"start":{"line":293,"column":43},"end":{"line":293,"column":44}},"loc":{"start":{"line":293,"column":50},"end":{"line":293,"column":61}},"line":293},"36":{"name":"(anonymous_36)","decl":{"start":{"line":294,"column":43},"end":{"line":294,"column":44}},"loc":{"start":{"line":294,"column":50},"end":{"line":294,"column":61}},"line":294},"37":{"name":"(anonymous_37)","decl":{"start":{"line":304,"column":35},"end":{"line":304,"column":41}},"loc":{"start":{"line":304,"column":41},"end":{"line":316,"column":null}},"line":304},"38":{"name":"(anonymous_38)","decl":{"start":{"line":318,"column":35},"end":{"line":318,"column":41}},"loc":{"start":{"line":318,"column":41},"end":{"line":352,"column":null}},"line":318},"39":{"name":"(anonymous_39)","decl":{"start":{"line":332,"column":45},"end":{"line":332,"column":46}},"loc":{"start":{"line":332,"column":52},"end":{"line":332,"column":67}},"line":332},"40":{"name":"(anonymous_40)","decl":{"start":{"line":341,"column":44},"end":{"line":341,"column":45}},"loc":{"start":{"line":341,"column":51},"end":{"line":349,"column":9}},"line":341},"41":{"name":"(anonymous_41)","decl":{"start":{"line":355,"column":55},"end":{"line":355,"column":56}},"loc":{"start":{"line":355,"column":66},"end":{"line":383,"column":null}},"line":355},"42":{"name":"(anonymous_42)","decl":{"start":{"line":385,"column":23},"end":{"line":385,"column":29}},"loc":{"start":{"line":385,"column":29},"end":{"line":385,"column":null}},"line":385},"43":{"name":"(anonymous_43)","decl":{"start":{"line":387,"column":64},"end":{"line":387,"column":65}},"loc":{"start":{"line":387,"column":82},"end":{"line":398,"column":null}},"line":387},"44":{"name":"(anonymous_44)","decl":{"start":{"line":388,"column":40},"end":{"line":388,"column":41}},"loc":{"start":{"line":388,"column":49},"end":{"line":397,"column":5}},"line":388},"45":{"name":"(anonymous_45)","decl":{"start":{"line":400,"column":57},"end":{"line":400,"column":58}},"loc":{"start":{"line":400,"column":67},"end":{"line":405,"column":null}},"line":400},"46":{"name":"(anonymous_46)","decl":{"start":{"line":402,"column":13},"end":{"line":402,"column":19}},"loc":{"start":{"line":402,"column":19},"end":{"line":404,"column":5}},"line":402},"47":{"name":"(anonymous_47)","decl":{"start":{"line":407,"column":56},"end":{"line":407,"column":57}},"loc":{"start":{"line":407,"column":67},"end":{"line":417,"column":null}},"line":407},"48":{"name":"(anonymous_48)","decl":{"start":{"line":419,"column":54},"end":{"line":419,"column":55}},"loc":{"start":{"line":419,"column":65},"end":{"line":429,"column":null}},"line":419},"49":{"name":"(anonymous_49)","decl":{"start":{"line":431,"column":39},"end":{"line":431,"column":45}},"loc":{"start":{"line":431,"column":45},"end":{"line":434,"column":null}},"line":431},"50":{"name":"(anonymous_50)","decl":{"start":{"line":436,"column":58},"end":{"line":436,"column":59}},"loc":{"start":{"line":436,"column":69},"end":{"line":444,"column":null}},"line":436},"51":{"name":"(anonymous_51)","decl":{"start":{"line":447,"column":53},"end":{"line":447,"column":54}},"loc":{"start":{"line":447,"column":64},"end":{"line":452,"column":null}},"line":447},"52":{"name":"(anonymous_52)","decl":{"start":{"line":455,"column":52},"end":{"line":455,"column":53}},"loc":{"start":{"line":455,"column":63},"end":{"line":460,"column":null}},"line":455},"53":{"name":"(anonymous_53)","decl":{"start":{"line":463,"column":52},"end":{"line":463,"column":53}},"loc":{"start":{"line":463,"column":63},"end":{"line":484,"column":null}},"line":463},"54":{"name":"(anonymous_54)","decl":{"start":{"line":479,"column":17},"end":{"line":479,"column":23}},"loc":{"start":{"line":479,"column":23},"end":{"line":482,"column":9}},"line":479},"55":{"name":"(anonymous_55)","decl":{"start":{"line":486,"column":50},"end":{"line":486,"column":56}},"loc":{"start":{"line":486,"column":56},"end":{"line":488,"column":null}},"line":486}},"branchMap":{"0":{"loc":{"start":{"line":23,"column":2},"end":{"line":23,"column":null}},"type":"default-arg","locations":[{"start":{"line":23,"column":15},"end":{"line":23,"column":null}}],"line":23},"1":{"loc":{"start":{"line":26,"column":2},"end":{"line":26,"column":null}},"type":"default-arg","locations":[{"start":{"line":26,"column":16},"end":{"line":26,"column":null}}],"line":26},"2":{"loc":{"start":{"line":46,"column":34},"end":{"line":46,"column":96}},"type":"cond-expr","locations":[{"start":{"line":46,"column":55},"end":{"line":46,"column":95}},{"start":{"line":46,"column":95},"end":{"line":46,"column":96}}],"line":46},"3":{"loc":{"start":{"line":83,"column":4},"end":{"line":85,"column":null}},"type":"if","locations":[{"start":{"line":83,"column":4},"end":{"line":85,"column":null}},{"start":{},"end":{}}],"line":83},"4":{"loc":{"start":{"line":108,"column":4},"end":{"line":108,"column":null}},"type":"if","locations":[{"start":{"line":108,"column":4},"end":{"line":108,"column":null}},{"start":{},"end":{}}],"line":108},"5":{"loc":{"start":{"line":120,"column":4},"end":{"line":125,"column":null}},"type":"if","locations":[{"start":{"line":120,"column":4},"end":{"line":125,"column":null}},{"start":{},"end":{}}],"line":120},"6":{"loc":{"start":{"line":140,"column":4},"end":{"line":142,"column":null}},"type":"if","locations":[{"start":{"line":140,"column":4},"end":{"line":142,"column":null}},{"start":{},"end":{}}],"line":140},"7":{"loc":{"start":{"line":147,"column":4},"end":{"line":149,"column":null}},"type":"if","locations":[{"start":{"line":147,"column":4},"end":{"line":149,"column":null}},{"start":{},"end":{}}],"line":147},"8":{"loc":{"start":{"line":147,"column":8},"end":{"line":147,"column":78}},"type":"binary-expr","locations":[{"start":{"line":147,"column":8},"end":{"line":147,"column":24}},{"start":{"line":147,"column":24},"end":{"line":147,"column":60}},{"start":{"line":147,"column":60},"end":{"line":147,"column":78}}],"line":147},"9":{"loc":{"start":{"line":169,"column":6},"end":{"line":172,"column":null}},"type":"if","locations":[{"start":{"line":169,"column":6},"end":{"line":172,"column":null}},{"start":{},"end":{}}],"line":169},"10":{"loc":{"start":{"line":191,"column":4},"end":{"line":194,"column":null}},"type":"if","locations":[{"start":{"line":191,"column":4},"end":{"line":194,"column":null}},{"start":{},"end":{}}],"line":191},"11":{"loc":{"start":{"line":197,"column":4},"end":{"line":199,"column":null}},"type":"if","locations":[{"start":{"line":197,"column":4},"end":{"line":199,"column":null}},{"start":{},"end":{}}],"line":197},"12":{"loc":{"start":{"line":197,"column":8},"end":{"line":197,"column":50}},"type":"binary-expr","locations":[{"start":{"line":197,"column":8},"end":{"line":197,"column":20}},{"start":{"line":197,"column":20},"end":{"line":197,"column":50}}],"line":197},"13":{"loc":{"start":{"line":201,"column":4},"end":{"line":211,"column":null}},"type":"if","locations":[{"start":{"line":201,"column":4},"end":{"line":211,"column":null}},{"start":{"line":209,"column":11},"end":{"line":211,"column":null}}],"line":201},"14":{"loc":{"start":{"line":204,"column":6},"end":{"line":208,"column":null}},"type":"if","locations":[{"start":{"line":204,"column":6},"end":{"line":208,"column":null}},{"start":{"line":206,"column":6},"end":{"line":208,"column":null}}],"line":204},"15":{"loc":{"start":{"line":204,"column":10},"end":{"line":204,"column":46}},"type":"binary-expr","locations":[{"start":{"line":204,"column":10},"end":{"line":204,"column":25}},{"start":{"line":204,"column":25},"end":{"line":204,"column":46}}],"line":204},"16":{"loc":{"start":{"line":206,"column":6},"end":{"line":208,"column":null}},"type":"if","locations":[{"start":{"line":206,"column":6},"end":{"line":208,"column":null}},{"start":{},"end":{}}],"line":206},"17":{"loc":{"start":{"line":206,"column":17},"end":{"line":206,"column":53}},"type":"binary-expr","locations":[{"start":{"line":206,"column":17},"end":{"line":206,"column":32}},{"start":{"line":206,"column":32},"end":{"line":206,"column":53}}],"line":206},"18":{"loc":{"start":{"line":225,"column":4},"end":{"line":227,"column":null}},"type":"if","locations":[{"start":{"line":225,"column":4},"end":{"line":227,"column":null}},{"start":{},"end":{}}],"line":225},"19":{"loc":{"start":{"line":225,"column":8},"end":{"line":225,"column":43}},"type":"binary-expr","locations":[{"start":{"line":225,"column":8},"end":{"line":225,"column":17}},{"start":{"line":225,"column":17},"end":{"line":225,"column":43}}],"line":225},"20":{"loc":{"start":{"line":230,"column":28},"end":{"line":232,"column":null}},"type":"cond-expr","locations":[{"start":{"line":231,"column":8},"end":{"line":231,"column":null}},{"start":{"line":232,"column":8},"end":{"line":232,"column":null}}],"line":230},"21":{"loc":{"start":{"line":231,"column":38},"end":{"line":231,"column":80}},"type":"binary-expr","locations":[{"start":{"line":231,"column":38},"end":{"line":231,"column":59}},{"start":{"line":231,"column":59},"end":{"line":231,"column":80}}],"line":231},"22":{"loc":{"start":{"line":234,"column":11},"end":{"line":234,"column":null}},"type":"binary-expr","locations":[{"start":{"line":234,"column":11},"end":{"line":234,"column":30}},{"start":{"line":234,"column":30},"end":{"line":234,"column":null}}],"line":234},"23":{"loc":{"start":{"line":242,"column":4},"end":{"line":246,"column":null}},"type":"if","locations":[{"start":{"line":242,"column":4},"end":{"line":246,"column":null}},{"start":{"line":244,"column":11},"end":{"line":246,"column":null}}],"line":242},"24":{"loc":{"start":{"line":243,"column":18},"end":{"line":243,"column":null}},"type":"binary-expr","locations":[{"start":{"line":243,"column":18},"end":{"line":243,"column":51}},{"start":{"line":243,"column":51},"end":{"line":243,"column":null}}],"line":243},"25":{"loc":{"start":{"line":248,"column":4},"end":{"line":262,"column":null}},"type":"if","locations":[{"start":{"line":248,"column":4},"end":{"line":262,"column":null}},{"start":{},"end":{}}],"line":248},"26":{"loc":{"start":{"line":252,"column":6},"end":{"line":256,"column":null}},"type":"if","locations":[{"start":{"line":252,"column":6},"end":{"line":256,"column":null}},{"start":{"line":254,"column":6},"end":{"line":256,"column":null}}],"line":252},"27":{"loc":{"start":{"line":252,"column":10},"end":{"line":252,"column":43}},"type":"binary-expr","locations":[{"start":{"line":252,"column":10},"end":{"line":252,"column":25}},{"start":{"line":252,"column":25},"end":{"line":252,"column":43}}],"line":252},"28":{"loc":{"start":{"line":254,"column":6},"end":{"line":256,"column":null}},"type":"if","locations":[{"start":{"line":254,"column":6},"end":{"line":256,"column":null}},{"start":{},"end":{}}],"line":254},"29":{"loc":{"start":{"line":266,"column":4},"end":{"line":270,"column":null}},"type":"if","locations":[{"start":{"line":266,"column":4},"end":{"line":270,"column":null}},{"start":{"line":268,"column":11},"end":{"line":270,"column":null}}],"line":266},"30":{"loc":{"start":{"line":266,"column":8},"end":{"line":266,"column":59}},"type":"binary-expr","locations":[{"start":{"line":266,"column":8},"end":{"line":266,"column":33}},{"start":{"line":266,"column":33},"end":{"line":266,"column":59}}],"line":266},"31":{"loc":{"start":{"line":272,"column":4},"end":{"line":282,"column":null}},"type":"if","locations":[{"start":{"line":272,"column":4},"end":{"line":282,"column":null}},{"start":{},"end":{}}],"line":272},"32":{"loc":{"start":{"line":297,"column":4},"end":{"line":300,"column":null}},"type":"if","locations":[{"start":{"line":297,"column":4},"end":{"line":300,"column":null}},{"start":{},"end":{}}],"line":297},"33":{"loc":{"start":{"line":313,"column":4},"end":{"line":315,"column":null}},"type":"if","locations":[{"start":{"line":313,"column":4},"end":{"line":315,"column":null}},{"start":{},"end":{}}],"line":313},"34":{"loc":{"start":{"line":319,"column":4},"end":{"line":321,"column":null}},"type":"if","locations":[{"start":{"line":319,"column":4},"end":{"line":321,"column":null}},{"start":{},"end":{}}],"line":319},"35":{"loc":{"start":{"line":323,"column":4},"end":{"line":328,"column":null}},"type":"if","locations":[{"start":{"line":323,"column":4},"end":{"line":328,"column":null}},{"start":{},"end":{}}],"line":323},"36":{"loc":{"start":{"line":330,"column":4},"end":{"line":351,"column":null}},"type":"if","locations":[{"start":{"line":330,"column":4},"end":{"line":351,"column":null}},{"start":{"line":335,"column":4},"end":{"line":351,"column":null}}],"line":330},"37":{"loc":{"start":{"line":335,"column":4},"end":{"line":351,"column":null}},"type":"if","locations":[{"start":{"line":335,"column":4},"end":{"line":351,"column":null}},{"start":{},"end":{}}],"line":335},"38":{"loc":{"start":{"line":337,"column":6},"end":{"line":350,"column":null}},"type":"if","locations":[{"start":{"line":337,"column":6},"end":{"line":350,"column":null}},{"start":{},"end":{}}],"line":337},"39":{"loc":{"start":{"line":342,"column":10},"end":{"line":348,"column":null}},"type":"if","locations":[{"start":{"line":342,"column":10},"end":{"line":348,"column":null}},{"start":{"line":346,"column":17},"end":{"line":348,"column":null}}],"line":342},"40":{"loc":{"start":{"line":357,"column":4},"end":{"line":359,"column":null}},"type":"if","locations":[{"start":{"line":357,"column":4},"end":{"line":359,"column":null}},{"start":{},"end":{}}],"line":357},"41":{"loc":{"start":{"line":357,"column":8},"end":{"line":357,"column":46}},"type":"binary-expr","locations":[{"start":{"line":357,"column":8},"end":{"line":357,"column":23}},{"start":{"line":357,"column":23},"end":{"line":357,"column":46}}],"line":357},"42":{"loc":{"start":{"line":368,"column":4},"end":{"line":382,"column":null}},"type":"if","locations":[{"start":{"line":368,"column":4},"end":{"line":382,"column":null}},{"start":{},"end":{}}],"line":368},"43":{"loc":{"start":{"line":378,"column":6},"end":{"line":381,"column":null}},"type":"if","locations":[{"start":{"line":378,"column":6},"end":{"line":381,"column":null}},{"start":{},"end":{}}],"line":378},"44":{"loc":{"start":{"line":389,"column":6},"end":{"line":396,"column":null}},"type":"if","locations":[{"start":{"line":389,"column":6},"end":{"line":396,"column":null}},{"start":{"line":394,"column":13},"end":{"line":396,"column":null}}],"line":389},"45":{"loc":{"start":{"line":412,"column":4},"end":{"line":416,"column":null}},"type":"if","locations":[{"start":{"line":412,"column":4},"end":{"line":416,"column":null}},{"start":{"line":414,"column":11},"end":{"line":416,"column":null}}],"line":412},"46":{"loc":{"start":{"line":424,"column":4},"end":{"line":428,"column":null}},"type":"if","locations":[{"start":{"line":424,"column":4},"end":{"line":428,"column":null}},{"start":{"line":426,"column":11},"end":{"line":428,"column":null}}],"line":424},"47":{"loc":{"start":{"line":437,"column":4},"end":{"line":439,"column":null}},"type":"if","locations":[{"start":{"line":437,"column":4},"end":{"line":439,"column":null}},{"start":{},"end":{}}],"line":437},"48":{"loc":{"start":{"line":440,"column":4},"end":{"line":443,"column":null}},"type":"if","locations":[{"start":{"line":440,"column":4},"end":{"line":443,"column":null}},{"start":{},"end":{}}],"line":440},"49":{"loc":{"start":{"line":440,"column":8},"end":{"line":440,"column":43}},"type":"binary-expr","locations":[{"start":{"line":440,"column":8},"end":{"line":440,"column":29}},{"start":{"line":440,"column":29},"end":{"line":440,"column":43}}],"line":440},"50":{"loc":{"start":{"line":448,"column":4},"end":{"line":451,"column":null}},"type":"if","locations":[{"start":{"line":448,"column":4},"end":{"line":451,"column":null}},{"start":{},"end":{}}],"line":448},"51":{"loc":{"start":{"line":448,"column":8},"end":{"line":448,"column":65}},"type":"binary-expr","locations":[{"start":{"line":448,"column":8},"end":{"line":448,"column":33}},{"start":{"line":448,"column":33},"end":{"line":448,"column":65}}],"line":448},"52":{"loc":{"start":{"line":456,"column":4},"end":{"line":459,"column":null}},"type":"if","locations":[{"start":{"line":456,"column":4},"end":{"line":459,"column":null}},{"start":{},"end":{}}],"line":456},"53":{"loc":{"start":{"line":456,"column":8},"end":{"line":456,"column":65}},"type":"binary-expr","locations":[{"start":{"line":456,"column":8},"end":{"line":456,"column":33}},{"start":{"line":456,"column":33},"end":{"line":456,"column":65}}],"line":456},"54":{"loc":{"start":{"line":464,"column":4},"end":{"line":483,"column":null}},"type":"if","locations":[{"start":{"line":464,"column":4},"end":{"line":483,"column":null}},{"start":{},"end":{}}],"line":464},"55":{"loc":{"start":{"line":467,"column":6},"end":{"line":477,"column":null}},"type":"if","locations":[{"start":{"line":467,"column":6},"end":{"line":477,"column":null}},{"start":{"line":474,"column":13},"end":{"line":477,"column":null}}],"line":467},"56":{"loc":{"start":{"line":468,"column":8},"end":{"line":470,"column":null}},"type":"binary-expr","locations":[{"start":{"line":468,"column":8},"end":{"line":468,"column":null}},{"start":{"line":469,"column":8},"end":{"line":469,"column":null}},{"start":{"line":470,"column":8},"end":{"line":470,"column":null}}],"line":468}},"s":{"0":166,"1":166,"2":32,"3":166,"4":166,"5":166,"6":166,"7":166,"8":166,"9":166,"10":166,"11":166,"12":166,"13":166,"14":166,"15":59,"16":59,"17":2,"18":166,"19":14,"20":14,"21":14,"22":1,"23":166,"24":2,"25":166,"26":28,"27":3,"28":25,"29":25,"30":25,"31":42,"32":166,"33":253,"34":159,"35":166,"36":166,"37":34,"38":29,"39":5,"40":5,"41":166,"42":44,"43":34,"44":34,"45":166,"46":53,"47":53,"48":166,"49":0,"50":0,"51":166,"52":37,"53":16,"54":166,"55":0,"56":0,"57":166,"58":1,"59":1,"60":1,"61":166,"62":0,"63":0,"64":166,"65":0,"66":0,"67":0,"68":0,"69":0,"70":0,"71":166,"72":7,"73":3,"74":7,"75":7,"76":7,"77":166,"78":87,"79":166,"80":64,"81":0,"82":0,"83":0,"84":64,"85":0,"86":64,"87":48,"88":48,"89":35,"90":13,"91":0,"92":16,"93":166,"94":1,"95":2,"96":166,"97":62,"98":12,"99":50,"100":50,"101":18,"102":62,"103":62,"104":166,"105":62,"106":62,"107":62,"108":3,"109":59,"110":62,"111":26,"112":19,"113":26,"114":11,"115":15,"116":3,"117":26,"118":26,"119":26,"120":26,"121":36,"122":36,"123":2,"124":34,"125":36,"126":36,"127":36,"128":36,"129":36,"130":36,"131":36,"132":36,"133":36,"134":166,"135":5,"136":7,"137":5,"138":12,"139":5,"140":5,"141":5,"142":5,"143":166,"144":5,"145":5,"146":5,"147":5,"148":5,"149":5,"150":5,"151":5,"152":4,"153":166,"154":11,"155":1,"156":10,"157":0,"158":0,"159":0,"160":0,"161":10,"162":2,"163":2,"164":4,"165":2,"166":2,"167":8,"168":7,"169":7,"170":7,"171":7,"172":13,"173":7,"174":6,"175":166,"176":4,"177":0,"178":4,"179":4,"180":4,"181":4,"182":4,"183":4,"184":4,"185":4,"186":166,"187":6,"188":166,"189":5,"190":6,"191":5,"192":1,"193":166,"194":3,"195":3,"196":3,"197":166,"198":4,"199":4,"200":4,"201":3,"202":1,"203":166,"204":3,"205":3,"206":3,"207":2,"208":1,"209":166,"210":1,"211":1,"212":166,"213":4,"214":2,"215":2,"216":1,"217":1,"218":166,"219":3,"220":1,"221":1,"222":166,"223":2,"224":1,"225":1,"226":166,"227":4,"228":3,"229":3,"230":3,"231":1,"232":2,"233":3,"234":3,"235":3,"236":166,"237":0,"238":166},"f":{"0":166,"1":32,"2":59,"3":2,"4":14,"5":1,"6":2,"7":28,"8":42,"9":253,"10":159,"11":34,"12":44,"13":34,"14":53,"15":0,"16":37,"17":0,"18":1,"19":0,"20":0,"21":0,"22":7,"23":3,"24":87,"25":64,"26":0,"27":1,"28":2,"29":62,"30":18,"31":62,"32":19,"33":36,"34":5,"35":7,"36":12,"37":5,"38":11,"39":4,"40":13,"41":4,"42":6,"43":5,"44":6,"45":3,"46":3,"47":4,"48":3,"49":1,"50":4,"51":3,"52":2,"53":4,"54":3,"55":0},"b":{"0":[166],"1":[166],"2":[20,146],"3":[3,25],"4":[29,5],"5":[34,10],"6":[16,21],"7":[0,0],"8":[0,0,0],"9":[0,0],"10":[0,64],"11":[0,64],"12":[64,48],"13":[48,16],"14":[35,13],"15":[48,35],"16":[0,13],"17":[13,0],"18":[12,50],"19":[62,56],"20":[34,16],"21":[18,12],"22":[62,39],"23":[3,59],"24":[3,1],"25":[26,36],"26":[11,15],"27":[26,11],"28":[3,12],"29":[2,34],"30":[36,3],"31":[36,0],"32":[5,0],"33":[4,1],"34":[1,10],"35":[0,10],"36":[2,8],"37":[7,1],"38":[7,0],"39":[7,6],"40":[0,4],"41":[4,4],"42":[4,0],"43":[4,0],"44":[5,1],"45":[3,1],"46":[2,1],"47":[2,2],"48":[1,1],"49":[2,1],"50":[1,2],"51":[3,2],"52":[1,1],"53":[2,1],"54":[3,1],"55":[1,2],"56":[3,2,1]},"meta":{"lastBranch":57,"lastFunction":56,"lastStatement":239,"seen":{"f:21:0:21:25":0,"b:23:15:23:Infinity":0,"b:26:16:26:Infinity":1,"s:32:8:32:Infinity":0,"s:34:8:40:Infinity":1,"f:35:38:35:39":1,"s:35:49:39:6":2,"s:41:8:41:Infinity":3,"s:42:8:42:Infinity":4,"s:44:8:44:Infinity":5,"s:46:8:46:Infinity":6,"b:46:55:46:95:46:95:46:96":2,"s:48:8:48:Infinity":7,"s:50:8:50:Infinity":8,"s:51:8:51:Infinity":9,"s:53:8:53:Infinity":10,"s:55:8:55:Infinity":11,"s:56:8:56:Infinity":12,"s:57:8:57:Infinity":13,"s:60:19:66:Infinity":14,"f:60:19:60:20":2,"s:61:4:61:Infinity":15,"s:63:4:65:Infinity":16,"f:63:15:63:21":3,"s:64:6:64:Infinity":17,"s:69:20:76:Infinity":18,"f:69:20:69:21":4,"s:70:4:70:Infinity":19,"s:71:4:71:Infinity":20,"s:73:4:75:Infinity":21,"f:73:15:73:21":5,"s:74:6:74:Infinity":22,"s:78:8:80:Infinity":23,"f:78:25:78:32":6,"s:78:32:80:4":24,"s:82:8:95:Infinity":25,"f:82:33:82:39":7,"b:83:4:85:Infinity:undefined:undefined:undefined:undefined":3,"s:83:4:85:Infinity":26,"s:84:6:84:Infinity":27,"s:88:17:91:Infinity":28,"s:93:20:93:Infinity":29,"s:94:4:94:Infinity":30,"f:94:23:94:24":8,"s:94:35:94:46":31,"s:97:8:97:Infinity":32,"f:97:29:97:35":9,"s:97:35:97:75":33,"f:97:54:97:55":10,"s:97:64:97:74":34,"s:100:8:104:Infinity":35,"s:107:33:116:Infinity":36,"f:107:33:107:39":11,"b:108:4:108:Infinity:undefined:undefined:undefined:undefined":4,"s:108:4:108:Infinity":37,"s:108:32:108:Infinity":38,"s:110:17:110:Infinity":39,"s:111:4:115:Infinity":40,"s:119:2:126:Infinity":41,"f:119:25:119:26":12,"b:120:4:125:Infinity:undefined:undefined:undefined:undefined":5,"s:120:4:125:Infinity":42,"s:122:6:124:Infinity":43,"f:122:15:122:21":13,"s:123:8:123:Infinity":44,"s:129:2:132:Infinity":45,"f:129:12:129:18":14,"s:130:4:130:Infinity":46,"s:131:4:131:Infinity":47,"s:134:2:137:Infinity":48,"f:134:14:134:20":15,"s:135:4:135:Infinity":49,"s:136:4:136:Infinity":50,"s:139:16:143:Infinity":51,"f:139:16:139:22":16,"b:140:4:142:Infinity:undefined:undefined:undefined:undefined":6,"s:140:4:142:Infinity":52,"s:141:8:141:Infinity":53,"s:146:27:150:Infinity":54,"f:146:27:146:33":17,"b:147:4:149:Infinity:undefined:undefined:undefined:undefined":7,"s:147:4:149:Infinity":55,"b:147:8:147:24:147:24:147:60:147:60:147:78":8,"s:148:6:148:Infinity":56,"s:153:26:157:Infinity":57,"f:153:26:153:32":18,"s:154:4:154:Infinity":58,"s:155:4:155:Infinity":59,"s:156:4:156:Infinity":60,"s:160:40:163:Infinity":61,"f:160:40:160:46":19,"s:161:4:161:Infinity":62,"s:162:4:162:Infinity":63,"s:166:31:175:Infinity":64,"f:166:31:166:32":20,"s:167:4:167:Infinity":65,"s:168:4:174:Infinity":66,"f:168:40:168:41":21,"b:169:6:172:Infinity:undefined:undefined:undefined:undefined":9,"s:169:6:172:Infinity":67,"s:170:39:170:Infinity":68,"s:171:8:171:Infinity":69,"s:173:6:173:Infinity":70,"s:177:28:184:Infinity":71,"f:177:28:177:34":22,"s:179:4:179:Infinity":72,"f:179:40:179:41":23,"s:179:68:179:72":73,"s:181:4:181:Infinity":74,"s:182:4:182:Infinity":75,"s:183:4:183:Infinity":76,"s:186:2:188:Infinity":77,"f:186:19:186:20":24,"s:187:4:187:Infinity":78,"s:190:2:212:Infinity":79,"f:190:15:190:16":25,"b:191:4:194:Infinity:undefined:undefined:undefined:undefined":10,"s:191:4:194:Infinity":80,"s:192:6:192:Infinity":81,"s:193:6:193:Infinity":82,"f:193:42:193:43":26,"s:193:70:193:74":83,"b:197:4:199:Infinity:undefined:undefined:undefined:undefined":11,"s:197:4:199:Infinity":84,"b:197:8:197:20:197:20:197:50":12,"s:198:6:198:Infinity":85,"b:201:4:211:Infinity:209:11:211:Infinity":13,"s:201:4:211:Infinity":86,"s:202:6:202:Infinity":87,"b:204:6:208:Infinity:206:6:208:Infinity":14,"s:204:6:208:Infinity":88,"b:204:10:204:25:204:25:204:46":15,"s:205:8:205:Infinity":89,"b:206:6:208:Infinity:undefined:undefined:undefined:undefined":16,"s:206:6:208:Infinity":90,"b:206:17:206:32:206:32:206:53":17,"s:207:8:207:Infinity":91,"s:210:6:210:Infinity":92,"s:214:2:220:Infinity":93,"f:214:22:214:23":27,"s:215:4:219:Infinity":94,"f:215:40:215:41":28,"s:216:6:218:Infinity":95,"s:223:20:235:Infinity":96,"f:223:20:223:21":29,"b:225:4:227:Infinity:undefined:undefined:undefined:undefined":18,"s:225:4:227:Infinity":97,"b:225:8:225:17:225:17:225:43":19,"s:226:6:226:Infinity":98,"s:229:19:229:Infinity":99,"s:230:28:232:Infinity":100,"b:231:8:231:Infinity:232:8:232:Infinity":20,"f:231:29:231:30":30,"s:231:38:231:80":101,"b:231:38:231:59:231:59:231:80":21,"s:233:23:233:Infinity":102,"s:234:4:234:Infinity":103,"b:234:11:234:30:234:30:234:Infinity":22,"s:238:47:289:Infinity":104,"f:238:47:238:48":31,"s:239:20:239:Infinity":105,"s:240:10:240:Infinity":106,"b:242:4:246:Infinity:244:11:246:Infinity":23,"s:242:4:246:Infinity":107,"s:243:6:243:Infinity":108,"b:243:18:243:51:243:51:243:Infinity":24,"s:245:6:245:Infinity":109,"b:248:4:262:Infinity:undefined:undefined:undefined:undefined":25,"s:248:4:262:Infinity":110,"s:249:26:251:Infinity":111,"f:250:8:250:9":32,"s:250:17:250:Infinity":112,"b:252:6:256:Infinity:254:6:256:Infinity":26,"s:252:6:256:Infinity":113,"b:252:10:252:25:252:25:252:43":27,"s:253:8:253:Infinity":114,"b:254:6:256:Infinity:undefined:undefined:undefined:undefined":28,"s:254:6:256:Infinity":115,"s:255:8:255:Infinity":116,"s:258:6:258:Infinity":117,"s:259:6:259:Infinity":118,"s:260:6:260:Infinity":119,"s:261:6:261:Infinity":120,"s:264:17:264:Infinity":121,"b:266:4:270:Infinity:268:11:270:Infinity":29,"s:266:4:270:Infinity":122,"b:266:8:266:33:266:33:266:59":30,"s:267:6:267:Infinity":123,"s:269:6:269:Infinity":124,"b:272:4:282:Infinity:undefined:undefined:undefined:undefined":31,"s:272:4:282:Infinity":125,"s:273:6:277:Infinity":126,"s:279:6:279:Infinity":127,"s:281:6:281:Infinity":128,"s:284:4:284:Infinity":129,"s:285:4:285:Infinity":130,"s:286:4:286:Infinity":131,"s:288:4:288:Infinity":132,"f:288:13:288:19":33,"s:288:19:288:26":133,"s:292:48:301:Infinity":134,"f:292:48:292:49":34,"s:293:23:293:Infinity":135,"f:293:43:293:44":35,"s:293:50:293:61":136,"s:294:4:294:Infinity":137,"f:294:43:294:44":36,"s:294:50:294:61":138,"s:295:4:295:Infinity":139,"b:297:4:300:Infinity:undefined:undefined:undefined:undefined":32,"s:297:4:300:Infinity":140,"s:298:28:298:Infinity":141,"s:299:6:299:Infinity":142,"s:304:35:316:Infinity":143,"f:304:35:304:41":37,"s:305:21:305:Infinity":144,"s:306:4:306:Infinity":145,"s:307:4:307:Infinity":146,"s:308:4:308:Infinity":147,"s:309:4:309:Infinity":148,"s:310:4:310:Infinity":149,"s:311:4:311:Infinity":150,"b:313:4:315:Infinity:undefined:undefined:undefined:undefined":33,"s:313:4:315:Infinity":151,"s:314:6:314:Infinity":152,"s:318:35:352:Infinity":153,"f:318:35:318:41":38,"b:319:4:321:Infinity:undefined:undefined:undefined:undefined":34,"s:319:4:321:Infinity":154,"s:320:6:320:Infinity":155,"b:323:4:328:Infinity:undefined:undefined:undefined:undefined":35,"s:323:4:328:Infinity":156,"s:324:6:324:Infinity":157,"s:325:6:325:Infinity":158,"s:326:6:326:Infinity":159,"s:327:6:327:Infinity":160,"b:330:4:351:Infinity:335:4:351:Infinity":36,"s:330:4:351:Infinity":161,"s:331:18:331:Infinity":162,"s:332:6:332:Infinity":163,"f:332:45:332:46":39,"s:332:52:332:67":164,"s:333:6:333:Infinity":165,"s:334:6:334:Infinity":166,"b:335:4:351:Infinity:undefined:undefined:undefined:undefined":37,"s:335:4:351:Infinity":167,"s:336:18:336:Infinity":168,"b:337:6:350:Infinity:undefined:undefined:undefined:undefined":38,"s:337:6:350:Infinity":169,"s:338:8:340:Infinity":170,"s:341:8:349:Infinity":171,"f:341:44:341:45":40,"b:342:10:348:Infinity:346:17:348:Infinity":39,"s:342:10:348:Infinity":172,"s:343:12:345:Infinity":173,"s:347:12:347:Infinity":174,"s:355:55:383:Infinity":175,"f:355:55:355:56":41,"b:357:4:359:Infinity:undefined:undefined:undefined:undefined":40,"s:357:4:359:Infinity":176,"b:357:8:357:23:357:23:357:46":41,"s:358:6:358:Infinity":177,"s:362:4:362:Infinity":178,"s:363:4:363:Infinity":179,"s:366:17:366:Infinity":180,"b:368:4:382:Infinity:undefined:undefined:undefined:undefined":42,"s:368:4:382:Infinity":181,"s:369:12:376:Infinity":182,"b:378:6:381:Infinity:undefined:undefined:undefined:undefined":43,"s:378:6:381:Infinity":183,"s:379:8:379:Infinity":184,"s:380:8:380:Infinity":185,"s:385:23:385:Infinity":186,"f:385:23:385:29":42,"s:385:29:385:Infinity":187,"s:387:64:398:Infinity":188,"f:387:64:387:65":43,"s:388:4:397:Infinity":189,"f:388:40:388:41":44,"b:389:6:396:Infinity:394:13:396:Infinity":44,"s:389:6:396:Infinity":190,"s:390:8:393:Infinity":191,"s:395:8:395:Infinity":192,"s:400:57:405:Infinity":193,"f:400:57:400:58":45,"s:401:4:401:Infinity":194,"s:402:4:404:Infinity":195,"f:402:13:402:19":46,"s:403:6:403:Infinity":196,"s:407:56:417:Infinity":197,"f:407:56:407:57":47,"s:408:4:408:Infinity":198,"s:410:10:410:Infinity":199,"b:412:4:416:Infinity:414:11:416:Infinity":45,"s:412:4:416:Infinity":200,"s:413:6:413:Infinity":201,"s:415:6:415:Infinity":202,"s:419:54:429:Infinity":203,"f:419:54:419:55":48,"s:420:4:420:Infinity":204,"s:422:10:422:Infinity":205,"b:424:4:428:Infinity:426:11:428:Infinity":46,"s:424:4:428:Infinity":206,"s:425:6:425:Infinity":207,"s:427:6:427:Infinity":208,"s:431:39:434:Infinity":209,"f:431:39:431:45":49,"s:432:4:432:Infinity":210,"s:433:4:433:Infinity":211,"s:436:58:444:Infinity":212,"f:436:58:436:59":50,"b:437:4:439:Infinity:undefined:undefined:undefined:undefined":47,"s:437:4:439:Infinity":213,"s:438:6:438:Infinity":214,"b:440:4:443:Infinity:undefined:undefined:undefined:undefined":48,"s:440:4:443:Infinity":215,"b:440:8:440:29:440:29:440:43":49,"s:441:6:441:Infinity":216,"s:442:6:442:Infinity":217,"s:447:53:452:Infinity":218,"f:447:53:447:54":51,"b:448:4:451:Infinity:undefined:undefined:undefined:undefined":50,"s:448:4:451:Infinity":219,"b:448:8:448:33:448:33:448:65":51,"s:449:6:449:Infinity":220,"s:450:6:450:Infinity":221,"s:455:52:460:Infinity":222,"f:455:52:455:53":52,"b:456:4:459:Infinity:undefined:undefined:undefined:undefined":52,"s:456:4:459:Infinity":223,"b:456:8:456:33:456:33:456:65":53,"s:457:6:457:Infinity":224,"s:458:6:458:Infinity":225,"s:463:52:484:Infinity":226,"f:463:52:463:53":53,"b:464:4:483:Infinity:undefined:undefined:undefined:undefined":54,"s:464:4:483:Infinity":227,"s:465:6:465:Infinity":228,"s:466:27:466:Infinity":229,"b:467:6:477:Infinity:474:13:477:Infinity":55,"s:467:6:477:Infinity":230,"b:468:8:468:Infinity:469:8:469:Infinity:470:8:470:Infinity":56,"s:473:8:473:Infinity":231,"s:476:8:476:Infinity":232,"s:479:6:482:Infinity":233,"f:479:17:479:23":54,"s:480:28:480:Infinity":234,"s:481:8:481:Infinity":235,"s:486:50:488:Infinity":236,"f:486:50:486:56":55,"s:487:4:487:Infinity":237,"s:490:2:525:Infinity":238}}}
,"/Users/prabhu/code/smart-tagz/src/components/SuggestPane.vue": {"path":"/Users/prabhu/code/smart-tagz/src/components/SuggestPane.vue","statementMap":{"0":{"start":{"line":55,"column":5},"end":{"line":132,"column":null}},"1":{"start":{"line":60,"column":21},"end":{"line":60,"column":null}},"2":{"start":{"line":81,"column":22},"end":{"line":83,"column":null}},"3":{"start":{"line":91,"column":10},"end":{"line":91,"column":null}},"4":{"start":{"line":92,"column":28},"end":{"line":92,"column":null}},"5":{"start":{"line":92,"column":46},"end":{"line":92,"column":null}},"6":{"start":{"line":93,"column":10},"end":{"line":93,"column":null}},"7":{"start":{"line":96,"column":4},"end":{"line":102,"column":null}},"8":{"start":{"line":97,"column":12},"end":{"line":97,"column":null}},"9":{"start":{"line":99,"column":8},"end":{"line":99,"column":null}},"10":{"start":{"line":105,"column":24},"end":{"line":111,"column":null}},"11":{"start":{"line":106,"column":6},"end":{"line":106,"column":null}},"12":{"start":{"line":107,"column":27},"end":{"line":107,"column":null}},"13":{"start":{"line":108,"column":6},"end":{"line":110,"column":null}},"14":{"start":{"line":109,"column":8},"end":{"line":109,"column":null}},"15":{"start":{"line":114,"column":27},"end":{"line":122,"column":null}},"16":{"start":{"line":115,"column":6},"end":{"line":115,"column":null}},"17":{"start":{"line":115,"column":18},"end":{"line":115,"column":null}},"18":{"start":{"line":118,"column":27},"end":{"line":118,"column":null}},"19":{"start":{"line":119,"column":20},"end":{"line":119,"column":null}},"20":{"start":{"line":121,"column":6},"end":{"line":121,"column":null}},"21":{"start":{"line":124,"column":4},"end":{"line":130,"column":null}},"22":{"start":{"line":46,"column":13},"end":{"line":46,"column":46}},"23":{"start":{"line":31,"column":24},"end":{"line":31,"column":null}}},"fnMap":{"0":{"name":"(anonymous_0)","decl":{"start":{"line":60,"column":15},"end":{"line":60,"column":21}},"loc":{"start":{"line":60,"column":21},"end":{"line":60,"column":null}},"line":60},"1":{"name":"(anonymous_1)","decl":{"start":{"line":81,"column":15},"end":{"line":81,"column":22}},"loc":{"start":{"line":81,"column":22},"end":{"line":83,"column":null}},"line":81},"2":{"name":"(anonymous_2)","decl":{"start":{"line":90,"column":2},"end":{"line":90,"column":8}},"loc":{"start":{"line":90,"column":15},"end":{"line":131,"column":null}},"line":90},"3":{"name":"(anonymous_3)","decl":{"start":{"line":92,"column":28},"end":{"line":92,"column":29}},"loc":{"start":{"line":92,"column":46},"end":{"line":92,"column":null}},"line":92},"4":{"name":"(anonymous_4)","decl":{"start":{"line":97,"column":6},"end":{"line":97,"column":12}},"loc":{"start":{"line":97,"column":12},"end":{"line":97,"column":null}},"line":97},"5":{"name":"(anonymous_5)","decl":{"start":{"line":98,"column":6},"end":{"line":98,"column":7}},"loc":{"start":{"line":98,"column":20},"end":{"line":100,"column":null}},"line":98},"6":{"name":"(anonymous_6)","decl":{"start":{"line":105,"column":24},"end":{"line":105,"column":25}},"loc":{"start":{"line":105,"column":50},"end":{"line":111,"column":null}},"line":105},"7":{"name":"(anonymous_7)","decl":{"start":{"line":114,"column":27},"end":{"line":114,"column":28}},"loc":{"start":{"line":114,"column":68},"end":{"line":122,"column":null}},"line":114},"8":{"name":"(anonymous_8)","decl":{"start":{"line":31,"column":22},"end":{"line":31,"column":24}},"loc":{"start":{"line":31,"column":24},"end":{"line":31,"column":null}},"line":31}},"branchMap":{"0":{"loc":{"start":{"line":92,"column":46},"end":{"line":92,"column":null}},"type":"binary-expr","locations":[{"start":{"line":92,"column":46},"end":{"line":92,"column":67}},{"start":{"line":92,"column":67},"end":{"line":92,"column":null}}],"line":92},"1":{"loc":{"start":{"line":108,"column":6},"end":{"line":110,"column":null}},"type":"if","locations":[{"start":{"line":108,"column":6},"end":{"line":110,"column":null}},{"start":{},"end":{}}],"line":108},"2":{"loc":{"start":{"line":115,"column":6},"end":{"line":115,"column":null}},"type":"if","locations":[{"start":{"line":115,"column":6},"end":{"line":115,"column":null}},{"start":{},"end":{}}],"line":115}},"s":{"0":2,"1":0,"2":31,"3":38,"4":38,"5":7,"6":38,"7":38,"8":39,"9":39,"10":38,"11":2,"12":2,"13":2,"14":2,"15":38,"16":1112,"17":0,"18":1112,"19":1112,"20":1112,"21":38,"22":2,"23":0},"f":{"0":0,"1":31,"2":38,"3":7,"4":39,"5":39,"6":2,"7":1112,"8":0},"b":{"0":[7,6],"1":[2,0],"2":[0,1112]},"meta":{"lastBranch":0,"lastFunction":0,"lastStatement":0,"seen":{}}}
,"/Users/prabhu/code/smart-tagz/src/components/Tag.vue": {"path":"/Users/prabhu/code/smart-tagz/src/components/Tag.vue","statementMap":{"0":{"start":{"line":54,"column":5},"end":{"line":162,"column":null}},"1":{"start":{"line":67,"column":22},"end":{"line":71,"column":null}},"2":{"start":{"line":96,"column":22},"end":{"line":99,"column":null}},"3":{"start":{"line":107,"column":29},"end":{"line":107,"column":null}},"4":{"start":{"line":110,"column":10},"end":{"line":110,"column":null}},"5":{"start":{"line":111,"column":10},"end":{"line":111,"column":null}},"6":{"start":{"line":112,"column":10},"end":{"line":112,"column":null}},"7":{"start":{"line":113,"column":10},"end":{"line":113,"column":null}},"8":{"start":{"line":115,"column":25},"end":{"line":115,"column":null}},"9":{"start":{"line":115,"column":41},"end":{"line":115,"column":null}},"10":{"start":{"line":116,"column":33},"end":{"line":116,"column":null}},"11":{"start":{"line":116,"column":39},"end":{"line":116,"column":null}},"12":{"start":{"line":117,"column":30},"end":{"line":126,"column":null}},"13":{"start":{"line":118,"column":6},"end":{"line":120,"column":null}},"14":{"start":{"line":119,"column":8},"end":{"line":119,"column":null}},"15":{"start":{"line":121,"column":6},"end":{"line":121,"column":null}},"16":{"start":{"line":123,"column":6},"end":{"line":125,"column":null}},"17":{"start":{"line":124,"column":8},"end":{"line":124,"column":null}},"18":{"start":{"line":128,"column":27},"end":{"line":131,"column":null}},"19":{"start":{"line":129,"column":6},"end":{"line":129,"column":null}},"20":{"start":{"line":130,"column":6},"end":{"line":130,"column":null}},"21":{"start":{"line":133,"column":25},"end":{"line":135,"column":null}},"22":{"start":{"line":134,"column":6},"end":{"line":134,"column":null}},"23":{"start":{"line":137,"column":10},"end":{"line":137,"column":null}},"24":{"start":{"line":137,"column":43},"end":{"line":137,"column":94}},"25":{"start":{"line":139,"column":10},"end":{"line":139,"column":null}},"26":{"start":{"line":139,"column":44},"end":{"line":139,"column":59}},"27":{"start":{"line":141,"column":10},"end":{"line":146,"column":null}},"28":{"start":{"line":142,"column":6},"end":{"line":145,"column":null}},"29":{"start":{"line":148,"column":4},"end":{"line":160,"column":null}},"30":{"start":{"line":22,"column":15},"end":{"line":22,"column":null}},"31":{"start":{"line":25,"column":13},"end":{"line":25,"column":null}},"32":{"start":{"line":26,"column":20},"end":{"line":26,"column":34}},"33":{"start":{"line":27,"column":18},"end":{"line":27,"column":30}},"34":{"start":{"line":32,"column":17},"end":{"line":32,"column":null}},"35":{"start":{"line":41,"column":14},"end":{"line":41,"column":null}}},"fnMap":{"0":{"name":"(anonymous_0)","decl":{"start":{"line":67,"column":15},"end":{"line":67,"column":22}},"loc":{"start":{"line":67,"column":22},"end":{"line":71,"column":null}},"line":67},"1":{"name":"(anonymous_1)","decl":{"start":{"line":96,"column":15},"end":{"line":96,"column":22}},"loc":{"start":{"line":96,"column":22},"end":{"line":99,"column":null}},"line":96},"2":{"name":"(anonymous_2)","decl":{"start":{"line":107,"column":23},"end":{"line":107,"column":29}},"loc":{"start":{"line":107,"column":29},"end":{"line":107,"column":null}},"line":107},"3":{"name":"(anonymous_3)","decl":{"start":{"line":109,"column":2},"end":{"line":109,"column":8}},"loc":{"start":{"line":109,"column":25},"end":{"line":161,"column":null}},"line":109},"4":{"name":"(anonymous_4)","decl":{"start":{"line":115,"column":25},"end":{"line":115,"column":26}},"loc":{"start":{"line":115,"column":41},"end":{"line":115,"column":null}},"line":115},"5":{"name":"(anonymous_5)","decl":{"start":{"line":116,"column":33},"end":{"line":116,"column":39}},"loc":{"start":{"line":116,"column":39},"end":{"line":116,"column":null}},"line":116},"6":{"name":"(anonymous_6)","decl":{"start":{"line":117,"column":30},"end":{"line":117,"column":36}},"loc":{"start":{"line":117,"column":36},"end":{"line":126,"column":null}},"line":117},"7":{"name":"(anonymous_7)","decl":{"start":{"line":123,"column":15},"end":{"line":123,"column":21}},"loc":{"start":{"line":123,"column":21},"end":{"line":125,"column":7}},"line":123},"8":{"name":"(anonymous_8)","decl":{"start":{"line":128,"column":27},"end":{"line":128,"column":33}},"loc":{"start":{"line":128,"column":33},"end":{"line":131,"column":null}},"line":128},"9":{"name":"(anonymous_9)","decl":{"start":{"line":133,"column":25},"end":{"line":133,"column":31}},"loc":{"start":{"line":133,"column":31},"end":{"line":135,"column":null}},"line":133},"10":{"name":"(anonymous_10)","decl":{"start":{"line":137,"column":37},"end":{"line":137,"column":43}},"loc":{"start":{"line":137,"column":43},"end":{"line":137,"column":94}},"line":137},"11":{"name":"(anonymous_11)","decl":{"start":{"line":139,"column":38},"end":{"line":139,"column":44}},"loc":{"start":{"line":139,"column":44},"end":{"line":139,"column":59}},"line":139},"12":{"name":"(anonymous_12)","decl":{"start":{"line":141,"column":27},"end":{"line":141,"column":33}},"loc":{"start":{"line":141,"column":33},"end":{"line":146,"column":5}},"line":141},"13":{"name":"(anonymous_13)","decl":{"start":{"line":21,"column":10},"end":{"line":21,"column":null}},"loc":{"start":{"line":22,"column":15},"end":{"line":22,"column":null}},"line":22},"14":{"name":"(anonymous_14)","decl":{"start":{"line":25,"column":11},"end":{"line":25,"column":13}},"loc":{"start":{"line":25,"column":13},"end":{"line":25,"column":null}},"line":25},"15":{"name":"(anonymous_15)","decl":{"start":{"line":26,"column":12},"end":{"line":26,"column":20}},"loc":{"start":{"line":26,"column":20},"end":{"line":26,"column":34}},"line":26},"16":{"name":"(anonymous_16)","decl":{"start":{"line":26,"column":34},"end":{"line":26,"column":null}},"loc":{"start":{"line":27,"column":18},"end":{"line":27,"column":30}},"line":27},"17":{"name":"(anonymous_17)","decl":{"start":{"line":32,"column":15},"end":{"line":32,"column":17}},"loc":{"start":{"line":32,"column":17},"end":{"line":32,"column":null}},"line":32},"18":{"name":"(anonymous_18)","decl":{"start":{"line":41,"column":12},"end":{"line":41,"column":14}},"loc":{"start":{"line":41,"column":14},"end":{"line":41,"column":null}},"line":41}},"branchMap":{"0":{"loc":{"start":{"line":118,"column":6},"end":{"line":120,"column":null}},"type":"if","locations":[{"start":{"line":118,"column":6},"end":{"line":120,"column":null}},{"start":{},"end":{}}],"line":118},"1":{"loc":{"start":{"line":118,"column":10},"end":{"line":118,"column":45}},"type":"binary-expr","locations":[{"start":{"line":118,"column":10},"end":{"line":118,"column":29}},{"start":{"line":118,"column":29},"end":{"line":118,"column":45}}],"line":118},"2":{"loc":{"start":{"line":137,"column":43},"end":{"line":137,"column":94}},"type":"binary-expr","locations":[{"start":{"line":137,"column":43},"end":{"line":137,"column":61}},{"start":{"line":137,"column":61},"end":{"line":137,"column":79}},{"start":{"line":137,"column":79},"end":{"line":137,"column":94}}],"line":137},"3":{"loc":{"start":{"line":143,"column":20},"end":{"line":143,"column":null}},"type":"cond-expr","locations":[{"start":{"line":143,"column":41},"end":{"line":143,"column":53}},{"start":{"line":143,"column":53},"end":{"line":143,"column":null}}],"line":143},"4":{"loc":{"start":{"line":3,"column":25},"end":{"line":4,"column":79}},"type":"cond-expr","locations":[{"start":{"line":4,"column":37},"end":{"line":4,"column":79}},{"start":{"line":4,"column":37},"end":{"line":4,"column":79}}],"line":3},"5":{"loc":{"start":{"line":10,"column":17},"end":{"line":10,"column":null}},"type":"cond-expr","locations":[{"start":{"line":10,"column":26},"end":{"line":10,"column":72}},{"start":{"line":10,"column":72},"end":{"line":10,"column":null}}],"line":10},"6":{"loc":{"start":{"line":13,"column":11},"end":{"line":13,"column":null}},"type":"binary-expr","locations":[{"start":{"line":13,"column":11},"end":{"line":13,"column":24}},{"start":{"line":13,"column":24},"end":{"line":13,"column":null}}],"line":13},"7":{"loc":{"start":{"line":20,"column":12},"end":{"line":34,"column":null}},"type":"cond-expr","locations":[{"start":{"line":20,"column":12},"end":{"line":22,"column":null}},{"start":{"line":22,"column":20},"end":{"line":34,"column":null}}],"line":20},"8":{"loc":{"start":{"line":21,"column":10},"end":{"line":22,"column":null}},"type":"binary-expr","locations":[{"start":{"line":21,"column":10},"end":{"line":21,"column":null}},{"start":{"line":21,"column":10},"end":{"line":22,"column":null}}],"line":21},"9":{"loc":{"start":{"line":25,"column":11},"end":{"line":25,"column":null}},"type":"binary-expr","locations":[{"start":{"line":25,"column":11},"end":{"line":25,"column":13}},{"start":{"line":25,"column":11},"end":{"line":25,"column":null}}],"line":25},"10":{"loc":{"start":{"line":25,"column":13},"end":{"line":25,"column":null}},"type":"binary-expr","locations":[{"start":{"line":25,"column":13},"end":{"line":25,"column":null}},{"start":{"line":25,"column":13},"end":{"line":25,"column":null}}],"line":25},"11":{"loc":{"start":{"line":26,"column":12},"end":{"line":26,"column":null}},"type":"binary-expr","locations":[{"start":{"line":26,"column":12},"end":{"line":26,"column":20}},{"start":{"line":26,"column":12},"end":{"line":26,"column":null}}],"line":26},"12":{"loc":{"start":{"line":26,"column":20},"end":{"line":26,"column":34}},"type":"binary-expr","locations":[{"start":{"line":26,"column":20},"end":{"line":26,"column":34}},{"start":{"line":26,"column":20},"end":{"line":26,"column":34}}],"line":26},"13":{"loc":{"start":{"line":26,"column":34},"end":{"line":27,"column":null}},"type":"binary-expr","locations":[{"start":{"line":26,"column":34},"end":{"line":26,"column":null}},{"start":{"line":26,"column":34},"end":{"line":27,"column":null}}],"line":26},"14":{"loc":{"start":{"line":27,"column":18},"end":{"line":27,"column":30}},"type":"binary-expr","locations":[{"start":{"line":27,"column":18},"end":{"line":27,"column":30}},{"start":{"line":27,"column":18},"end":{"line":27,"column":30}}],"line":27},"15":{"loc":{"start":{"line":32,"column":15},"end":{"line":32,"column":null}},"type":"binary-expr","locations":[{"start":{"line":32,"column":15},"end":{"line":32,"column":17}},{"start":{"line":32,"column":15},"end":{"line":32,"column":null}}],"line":32},"16":{"loc":{"start":{"line":32,"column":17},"end":{"line":32,"column":null}},"type":"binary-expr","locations":[{"start":{"line":32,"column":17},"end":{"line":32,"column":null}},{"start":{"line":32,"column":17},"end":{"line":32,"column":null}}],"line":32},"17":{"loc":{"start":{"line":41,"column":12},"end":{"line":41,"column":null}},"type":"binary-expr","locations":[{"start":{"line":41,"column":12},"end":{"line":41,"column":14}},{"start":{"line":41,"column":12},"end":{"line":41,"column":null}}],"line":41}},"s":{"0":3,"1":44,"2":41,"3":0,"4":262,"5":262,"6":262,"7":262,"8":262,"9":6,"10":262,"11":0,"12":262,"13":16,"14":2,"15":14,"16":14,"17":14,"18":262,"19":5,"20":5,"21":262,"22":4,"23":262,"24":285,"25":262,"26":262,"27":262,"28":283,"29":262,"30":3,"31":1,"32":5,"33":3,"34":16,"35":3},"f":{"0":44,"1":41,"2":0,"3":262,"4":6,"5":0,"6":16,"7":14,"8":5,"9":4,"10":285,"11":262,"12":283,"13":3,"14":1,"15":5,"16":3,"17":16,"18":3},"b":{"0":[2,14],"1":[16,15],"2":[285,51,14],"3":[5,278],"4":[18,292],"5":[5,305],"6":[310,5],"7":[17,293],"8":[17,14],"9":[17,14],"10":[1,1],"11":[17,14],"12":[5,5],"13":[17,14],"14":[3,3],"15":[293,262],"16":[16,16],"17":[292,244]},"meta":{"lastBranch":0,"lastFunction":0,"lastStatement":0,"seen":{}}}
,"/Users/prabhu/code/smart-tagz/src/components/Tags.vue": {"path":"/Users/prabhu/code/smart-tagz/src/components/Tags.vue","statementMap":{"0":{"start":{"line":43,"column":5},"end":{"line":116,"column":null}},"1":{"start":{"line":64,"column":22},"end":{"line":64,"column":null}},"2":{"start":{"line":80,"column":22},"end":{"line":80,"column":null}},"3":{"start":{"line":96,"column":10},"end":{"line":101,"column":null}},"4":{"start":{"line":97,"column":6},"end":{"line":99,"column":null}},"5":{"start":{"line":98,"column":8},"end":{"line":98,"column":null}},"6":{"start":{"line":98,"column":40},"end":{"line":98,"column":68}},"7":{"start":{"line":100,"column":6},"end":{"line":100,"column":null}},"8":{"start":{"line":103,"column":25},"end":{"line":103,"column":null}},"9":{"start":{"line":103,"column":41},"end":{"line":103,"column":null}},"10":{"start":{"line":104,"column":23},"end":{"line":104,"column":null}},"11":{"start":{"line":104,"column":57},"end":{"line":104,"column":null}},"12":{"start":{"line":105,"column":33},"end":{"line":105,"column":null}},"13":{"start":{"line":105,"column":49},"end":{"line":105,"column":null}},"14":{"start":{"line":106,"column":40},"end":{"line":106,"column":null}},"15":{"start":{"line":106,"column":46},"end":{"line":106,"column":null}},"16":{"start":{"line":108,"column":4},"end":{"line":114,"column":null}},"17":{"start":{"line":2,"column":7},"end":{"line":2,"column":null}},"18":{"start":{"line":2,"column":2},"end":{"line":33,"column":null}},"19":{"start":{"line":12,"column":6},"end":{"line":30,"column":null}},"20":{"start":{"line":30,"column":26},"end":{"line":30,"column":null}}},"fnMap":{"0":{"name":"(anonymous_0)","decl":{"start":{"line":64,"column":15},"end":{"line":64,"column":22}},"loc":{"start":{"line":64,"column":22},"end":{"line":64,"column":null}},"line":64},"1":{"name":"(anonymous_1)","decl":{"start":{"line":80,"column":15},"end":{"line":80,"column":22}},"loc":{"start":{"line":80,"column":22},"end":{"line":80,"column":null}},"line":80},"2":{"name":"(anonymous_2)","decl":{"start":{"line":84,"column":15},"end":{"line":84,"column":21}},"loc":{"start":{"line":84,"column":21},"end":{"line":84,"column":null}},"line":84},"3":{"name":"(anonymous_3)","decl":{"start":{"line":92,"column":15},"end":{"line":92,"column":21}},"loc":{"start":{"line":92,"column":21},"end":{"line":92,"column":null}},"line":92},"4":{"name":"(anonymous_4)","decl":{"start":{"line":95,"column":2},"end":{"line":95,"column":8}},"loc":{"start":{"line":95,"column":15},"end":{"line":115,"column":null}},"line":95},"5":{"name":"(anonymous_5)","decl":{"start":{"line":96,"column":31},"end":{"line":96,"column":37}},"loc":{"start":{"line":96,"column":37},"end":{"line":101,"column":5}},"line":96},"6":{"name":"(anonymous_6)","decl":{"start":{"line":98,"column":30},"end":{"line":98,"column":31}},"loc":{"start":{"line":98,"column":40},"end":{"line":98,"column":68}},"line":98},"7":{"name":"(anonymous_7)","decl":{"start":{"line":103,"column":25},"end":{"line":103,"column":26}},"loc":{"start":{"line":103,"column":41},"end":{"line":103,"column":null}},"line":103},"8":{"name":"(anonymous_8)","decl":{"start":{"line":104,"column":23},"end":{"line":104,"column":24}},"loc":{"start":{"line":104,"column":57},"end":{"line":104,"column":null}},"line":104},"9":{"name":"(anonymous_9)","decl":{"start":{"line":105,"column":33},"end":{"line":105,"column":34}},"loc":{"start":{"line":105,"column":49},"end":{"line":105,"column":null}},"line":105},"10":{"name":"(anonymous_10)","decl":{"start":{"line":106,"column":40},"end":{"line":106,"column":46}},"loc":{"start":{"line":106,"column":46},"end":{"line":106,"column":null}},"line":106},"11":{"name":"(anonymous_11)","decl":{"start":{"line":30,"column":24},"end":{"line":30,"column":26}},"loc":{"start":{"line":30,"column":26},"end":{"line":30,"column":null}},"line":30}},"branchMap":{"0":{"loc":{"start":{"line":97,"column":6},"end":{"line":99,"column":null}},"type":"if","locations":[{"start":{"line":97,"column":6},"end":{"line":99,"column":null}},{"start":{},"end":{}}],"line":97},"1":{"loc":{"start":{"line":4,"column":13},"end":{"line":4,"column":null}},"type":"binary-expr","locations":[{"start":{"line":4,"column":13},"end":{"line":4,"column":26}},{"start":{"line":4,"column":26},"end":{"line":4,"column":null}}],"line":4}},"s":{"0":2,"1":29,"2":29,"3":84,"4":108,"5":6,"6":12,"7":102,"8":84,"9":3,"10":84,"11":0,"12":84,"13":0,"14":84,"15":0,"16":84,"17":2,"18":135,"19":238,"20":0},"f":{"0":29,"1":29,"2":0,"3":0,"4":84,"5":108,"6":12,"7":3,"8":0,"9":0,"10":0,"11":0},"b":{"0":[6,102],"1":[135,0]},"meta":{"lastBranch":0,"lastFunction":0,"lastStatement":0,"seen":{}}}
,"/Users/prabhu/code/smart-tagz/src/components/Tooltip.vue": {"path":"/Users/prabhu/code/smart-tagz/src/components/Tooltip.vue","statementMap":{"0":{"start":{"line":25,"column":15},"end":{"line":27,"column":null}},"1":{"start":{"line":40,"column":13},"end":{"line":40,"column":null}},"2":{"start":{"line":10,"column":12},"end":{"line":10,"column":40}},"3":{"start":{"line":15,"column":16},"end":{"line":15,"column":null}}},"fnMap":{"0":{"name":"(anonymous_0)","decl":{"start":{"line":15,"column":14},"end":{"line":15,"column":16}},"loc":{"start":{"line":15,"column":16},"end":{"line":15,"column":null}},"line":15}},"branchMap":{"0":{"loc":{"start":{"line":4,"column":12},"end":{"line":19,"column":36}},"type":"cond-expr","locations":[{"start":{"line":4,"column":12},"end":{"line":19,"column":36}},{"start":{"line":19,"column":33},"end":{"line":19,"column":36}}],"line":4},"1":{"loc":{"start":{"line":8,"column":18},"end":{"line":8,"column":null}},"type":"cond-expr","locations":[{"start":{"line":8,"column":25},"end":{"line":8,"column":null}},{"start":{"line":8,"column":25},"end":{"line":8,"column":null}}],"line":8},"2":{"loc":{"start":{"line":12,"column":14},"end":{"line":18,"column":15}},"type":"cond-expr","locations":[{"start":{"line":12,"column":14},"end":{"line":18,"column":15}},{"start":{"line":18,"column":6},"end":{"line":18,"column":15}}],"line":12},"3":{"loc":{"start":{"line":15,"column":14},"end":{"line":15,"column":null}},"type":"binary-expr","locations":[{"start":{"line":15,"column":14},"end":{"line":15,"column":16}},{"start":{"line":15,"column":14},"end":{"line":15,"column":null}}],"line":15},"4":{"loc":{"start":{"line":19,"column":6},"end":{"line":19,"column":36}},"type":"binary-expr","locations":[{"start":{"line":19,"column":6},"end":{"line":19,"column":11}},{"start":{"line":19,"column":6},"end":{"line":19,"column":36}}],"line":19}},"s":{"0":3,"1":450,"2":3,"3":0},"f":{"0":0},"b":{"0":[6,447],"1":[6,0],"2":[5,1],"3":[5,5],"4":[6,6]},"meta":{"lastBranch":0,"lastFunction":0,"lastStatement":0,"seen":{}}}
}
