{"/Users/prabhu/code/smart-tagz/src/components/CloseIcon.vue": {"path":"/Users/prabhu/code/smart-tagz/src/components/CloseIcon.vue","statementMap":{"0":{"start":{"line":28,"column":5},"end":{"line":30,"column":null}},"1":{"start":{"line":2,"column":7},"end":{"line":2,"column":null}}},"fnMap":{},"branchMap":{},"s":{"0":4,"1":4},"f":{},"b":{},"meta":{"lastBranch":0,"lastFunction":0,"lastStatement":0,"seen":{}}}
,"/Users/prabhu/code/smart-tagz/src/components/HandlePaste.ts": {"path":"/Users/prabhu/code/smart-tagz/src/components/HandlePaste.ts","statementMap":{"0":{"start":{"line":3,"column":20},"end":{"line":61,"column":null}},"1":{"start":{"line":11,"column":2},"end":{"line":60,"column":null}},"2":{"start":{"line":13,"column":27},"end":{"line":13,"column":null}},"3":{"start":{"line":16,"column":16},"end":{"line":16,"column":null}},"4":{"start":{"line":19,"column":4},"end":{"line":19,"column":null}},"5":{"start":{"line":19,"column":32},"end":{"line":19,"column":43}},"6":{"start":{"line":19,"column":62},"end":{"line":19,"column":77}},"7":{"start":{"line":21,"column":4},"end":{"line":59,"column":null}},"8":{"start":{"line":23,"column":6},"end":{"line":23,"column":null}},"9":{"start":{"line":26,"column":6},"end":{"line":32,"column":null}},"10":{"start":{"line":27,"column":30},"end":{"line":27,"column":null}},"11":{"start":{"line":27,"column":50},"end":{"line":27,"column":56}},"12":{"start":{"line":28,"column":23},"end":{"line":28,"column":null}},"13":{"start":{"line":28,"column":46},"end":{"line":28,"column":84}},"14":{"start":{"line":31,"column":8},"end":{"line":31,"column":null}},"15":{"start":{"line":35,"column":6},"end":{"line":47,"column":null}},"16":{"start":{"line":36,"column":24},"end":{"line":42,"column":null}},"17":{"start":{"line":37,"column":31},"end":{"line":41,"column":12}},"18":{"start":{"line":43,"column":8},"end":{"line":46,"column":null}},"19":{"start":{"line":49,"column":22},"end":{"line":53,"column":null}},"20":{"start":{"line":55,"column":6},"end":{"line":58,"column":null}}},"fnMap":{"0":{"name":"(anonymous_0)","decl":{"start":{"line":3,"column":20},"end":{"line":3,"column":null}},"loc":{"start":{"line":10,"column":58},"end":{"line":61,"column":null}},"line":10},"1":{"name":"(anonymous_1)","decl":{"start":{"line":19,"column":22},"end":{"line":19,"column":23}},"loc":{"start":{"line":19,"column":32},"end":{"line":19,"column":43}},"line":19},"2":{"name":"(anonymous_2)","decl":{"start":{"line":19,"column":52},"end":{"line":19,"column":53}},"loc":{"start":{"line":19,"column":62},"end":{"line":19,"column":77}},"line":19},"3":{"name":"(anonymous_3)","decl":{"start":{"line":27,"column":43},"end":{"line":27,"column":44}},"loc":{"start":{"line":27,"column":50},"end":{"line":27,"column":56}},"line":27},"4":{"name":"(anonymous_4)","decl":{"start":{"line":28,"column":36},"end":{"line":28,"column":37}},"loc":{"start":{"line":28,"column":46},"end":{"line":28,"column":84}},"line":28},"5":{"name":"(anonymous_5)","decl":{"start":{"line":37,"column":20},"end":{"line":37,"column":21}},"loc":{"start":{"line":37,"column":31},"end":{"line":41,"column":12}},"line":37}},"branchMap":{"0":{"loc":{"start":{"line":11,"column":2},"end":{"line":60,"column":null}},"type":"if","locations":[{"start":{"line":11,"column":2},"end":{"line":60,"column":null}},{"start":{},"end":{}}],"line":11},"1":{"loc":{"start":{"line":16,"column":16},"end":{"line":16,"column":null}},"type":"cond-expr","locations":[{"start":{"line":16,"column":28},"end":{"line":16,"column":57}},{"start":{"line":16,"column":57},"end":{"line":16,"column":null}}],"line":16},"2":{"loc":{"start":{"line":21,"column":4},"end":{"line":59,"column":null}},"type":"if","locations":[{"start":{"line":21,"column":4},"end":{"line":59,"column":null}},{"start":{"line":48,"column":11},"end":{"line":59,"column":null}}],"line":21},"3":{"loc":{"start":{"line":26,"column":6},"end":{"line":32,"column":null}},"type":"if","locations":[{"start":{"line":26,"column":6},"end":{"line":32,"column":null}},{"start":{},"end":{}}],"line":26},"4":{"loc":{"start":{"line":35,"column":6},"end":{"line":47,"column":null}},"type":"if","locations":[{"start":{"line":35,"column":6},"end":{"line":47,"column":null}},{"start":{},"end":{}}],"line":35}},"s":{"0":3,"1":38,"2":36,"3":36,"4":36,"5":91,"6":91,"7":36,"8":28,"9":28,"10":26,"11":27,"12":26,"13":65,"14":26,"15":28,"16":27,"17":64,"18":27,"19":8,"20":8},"f":{"0":38,"1":91,"2":91,"3":27,"4":65,"5":64},"b":{"0":[36,2],"1":[36,0],"2":[28,8],"3":[26,2],"4":[27,1]},"meta":{"lastBranch":5,"lastFunction":6,"lastStatement":21,"seen":{"s:3:20:61:Infinity":0,"f:3:20:3:Infinity":0,"b:11:2:60:Infinity:undefined:undefined:undefined:undefined":0,"s:11:2:60:Infinity":1,"s:13:27:13:Infinity":2,"s:16:16:16:Infinity":3,"b:16:28:16:57:16:57:16:Infinity":1,"s:19:4:19:Infinity":4,"f:19:22:19:23":1,"s:19:32:19:43":5,"f:19:52:19:53":2,"s:19:62:19:77":6,"b:21:4:59:Infinity:48:11:59:Infinity":2,"s:21:4:59:Infinity":7,"s:23:6:23:Infinity":8,"b:26:6:32:Infinity:undefined:undefined:undefined:undefined":3,"s:26:6:32:Infinity":9,"s:27:30:27:Infinity":10,"f:27:43:27:44":3,"s:27:50:27:56":11,"s:28:23:28:Infinity":12,"f:28:36:28:37":4,"s:28:46:28:84":13,"s:31:8:31:Infinity":14,"b:35:6:47:Infinity:undefined:undefined:undefined:undefined":4,"s:35:6:47:Infinity":15,"s:36:24:42:Infinity":16,"f:37:20:37:21":5,"s:37:31:41:12":17,"s:43:8:46:Infinity":18,"s:49:22:53:Infinity":19,"s:55:6:58:Infinity":20}}}
,"/Users/prabhu/code/smart-tagz/src/components/Main.vue": {"path":"/Users/prabhu/code/smart-tagz/src/components/Main.vue","statementMap":{"0":{"start":{"line":115,"column":5},"end":{"line":209,"column":null}},"1":{"start":{"line":135,"column":22},"end":{"line":140,"column":null}},"2":{"start":{"line":144,"column":21},"end":{"line":144,"column":null}},"3":{"start":{"line":154,"column":21},"end":{"line":154,"column":null}},"4":{"start":{"line":201,"column":22},"end":{"line":205,"column":null}},"5":{"start":{"line":5,"column":17},"end":{"line":5,"column":32}},"6":{"start":{"line":46,"column":19},"end":{"line":46,"column":null}},"7":{"start":{"line":55,"column":24},"end":{"line":55,"column":null}},"8":{"start":{"line":56,"column":25},"end":{"line":56,"column":37}},"9":{"start":{"line":57,"column":22},"end":{"line":57,"column":34}},"10":{"start":{"line":58,"column":25},"end":{"line":58,"column":38}},"11":{"start":{"line":59,"column":23},"end":{"line":59,"column":34}},"12":{"start":{"line":60,"column":25},"end":{"line":60,"column":35}},"13":{"start":{"line":61,"column":24},"end":{"line":61,"column":33}},"14":{"start":{"line":62,"column":24},"end":{"line":62,"column":33}},"15":{"start":{"line":63,"column":31},"end":{"line":63,"column":46}},"16":{"start":{"line":64,"column":18},"end":{"line":64,"column":null}},"17":{"start":{"line":65,"column":18},"end":{"line":65,"column":null}},"18":{"start":{"line":66,"column":17},"end":{"line":66,"column":null}}},"fnMap":{"0":{"name":"(anonymous_0)","decl":{"start":{"line":135,"column":15},"end":{"line":135,"column":22}},"loc":{"start":{"line":135,"column":22},"end":{"line":140,"column":null}},"line":135},"1":{"name":"(anonymous_1)","decl":{"start":{"line":144,"column":15},"end":{"line":144,"column":21}},"loc":{"start":{"line":144,"column":21},"end":{"line":144,"column":null}},"line":144},"2":{"name":"(anonymous_2)","decl":{"start":{"line":154,"column":15},"end":{"line":154,"column":21}},"loc":{"start":{"line":154,"column":21},"end":{"line":154,"column":null}},"line":154},"3":{"name":"(anonymous_3)","decl":{"start":{"line":201,"column":15},"end":{"line":201,"column":22}},"loc":{"start":{"line":201,"column":22},"end":{"line":205,"column":null}},"line":201},"4":{"name":"(anonymous_4)","decl":{"start":{"line":5,"column":10},"end":{"line":5,"column":17}},"loc":{"start":{"line":5,"column":17},"end":{"line":5,"column":32}},"line":5},"5":{"name":"(anonymous_5)","decl":{"start":{"line":45,"column":14},"end":{"line":45,"column":null}},"loc":{"start":{"line":46,"column":19},"end":{"line":46,"column":null}},"line":46},"6":{"name":"(anonymous_6)","decl":{"start":{"line":55,"column":16},"end":{"line":55,"column":24}},"loc":{"start":{"line":55,"column":24},"end":{"line":55,"column":null}},"line":55},"7":{"name":"(anonymous_7)","decl":{"start":{"line":55,"column":83},"end":{"line":55,"column":null}},"loc":{"start":{"line":56,"column":25},"end":{"line":56,"column":37}},"line":56},"8":{"name":"(anonymous_8)","decl":{"start":{"line":56,"column":37},"end":{"line":56,"column":null}},"loc":{"start":{"line":57,"column":22},"end":{"line":57,"column":34}},"line":57},"9":{"name":"(anonymous_9)","decl":{"start":{"line":58,"column":18},"end":{"line":58,"column":25}},"loc":{"start":{"line":58,"column":25},"end":{"line":58,"column":38}},"line":58},"10":{"name":"(anonymous_10)","decl":{"start":{"line":58,"column":38},"end":{"line":58,"column":null}},"loc":{"start":{"line":59,"column":23},"end":{"line":59,"column":34}},"line":59},"11":{"name":"(anonymous_11)","decl":{"start":{"line":59,"column":34},"end":{"line":59,"column":null}},"loc":{"start":{"line":60,"column":25},"end":{"line":60,"column":35}},"line":60},"12":{"name":"(anonymous_12)","decl":{"start":{"line":60,"column":35},"end":{"line":60,"column":null}},"loc":{"start":{"line":61,"column":24},"end":{"line":61,"column":33}},"line":61},"13":{"name":"(anonymous_13)","decl":{"start":{"line":61,"column":33},"end":{"line":61,"column":null}},"loc":{"start":{"line":62,"column":24},"end":{"line":62,"column":33}},"line":62},"14":{"name":"(anonymous_14)","decl":{"start":{"line":62,"column":33},"end":{"line":62,"column":null}},"loc":{"start":{"line":63,"column":31},"end":{"line":63,"column":46}},"line":63},"15":{"name":"(anonymous_15)","decl":{"start":{"line":64,"column":16},"end":{"line":64,"column":18}},"loc":{"start":{"line":64,"column":18},"end":{"line":64,"column":null}},"line":64},"16":{"name":"(anonymous_16)","decl":{"start":{"line":65,"column":16},"end":{"line":65,"column":18}},"loc":{"start":{"line":65,"column":18},"end":{"line":65,"column":null}},"line":65},"17":{"name":"(anonymous_17)","decl":{"start":{"line":66,"column":15},"end":{"line":66,"column":17}},"loc":{"start":{"line":66,"column":17},"end":{"line":66,"column":null}},"line":66}},"branchMap":{"0":{"loc":{"start":{"line":5,"column":10},"end":{"line":5,"column":null}},"type":"binary-expr","locations":[{"start":{"line":5,"column":10},"end":{"line":5,"column":17}},{"start":{"line":5,"column":10},"end":{"line":5,"column":null}}],"line":5},"1":{"loc":{"start":{"line":5,"column":17},"end":{"line":5,"column":32}},"type":"binary-expr","locations":[{"start":{"line":5,"column":17},"end":{"line":5,"column":32}},{"start":{"line":5,"column":17},"end":{"line":5,"column":32}}],"line":5},"2":{"loc":{"start":{"line":20,"column":41},"end":{"line":20,"column":87}},"type":"binary-expr","locations":[{"start":{"line":20,"column":41},"end":{"line":20,"column":65}},{"start":{"line":20,"column":65},"end":{"line":20,"column":87}}],"line":20},"3":{"loc":{"start":{"line":20,"column":87},"end":{"line":20,"column":135}},"type":"binary-expr","locations":[{"start":{"line":20,"column":87},"end":{"line":20,"column":106}},{"start":{"line":20,"column":106},"end":{"line":20,"column":135}}],"line":20},"4":{"loc":{"start":{"line":20,"column":135},"end":{"line":20,"column":null}},"type":"binary-expr","locations":[{"start":{"line":20,"column":135},"end":{"line":20,"column":159}},{"start":{"line":20,"column":159},"end":{"line":20,"column":null}}],"line":20},"5":{"loc":{"start":{"line":32,"column":17},"end":{"line":32,"column":null}},"type":"binary-expr","locations":[{"start":{"line":32,"column":17},"end":{"line":32,"column":39}},{"start":{"line":32,"column":39},"end":{"line":32,"column":53}},{"start":{"line":32,"column":53},"end":{"line":32,"column":null}}],"line":32},"6":{"loc":{"start":{"line":44,"column":17},"end":{"line":46,"column":null}},"type":"cond-expr","locations":[{"start":{"line":44,"column":17},"end":{"line":46,"column":null}},{"start":{"line":46,"column":24},"end":{"line":46,"column":null}}],"line":44},"7":{"loc":{"start":{"line":45,"column":14},"end":{"line":46,"column":null}},"type":"binary-expr","locations":[{"start":{"line":45,"column":14},"end":{"line":45,"column":null}},{"start":{"line":45,"column":14},"end":{"line":46,"column":null}}],"line":45},"8":{"loc":{"start":{"line":53,"column":34},"end":{"line":53,"column":null}},"type":"cond-expr","locations":[{"start":{"line":53,"column":47},"end":{"line":53,"column":null}},{"start":{"line":53,"column":82},"end":{"line":53,"column":null}}],"line":53},"9":{"loc":{"start":{"line":54,"column":34},"end":{"line":54,"column":null}},"type":"cond-expr","locations":[{"start":{"line":54,"column":41},"end":{"line":54,"column":null}},{"start":{"line":54,"column":78},"end":{"line":54,"column":null}}],"line":54},"10":{"loc":{"start":{"line":55,"column":16},"end":{"line":55,"column":null}},"type":"binary-expr","locations":[{"start":{"line":55,"column":16},"end":{"line":55,"column":24}},{"start":{"line":55,"column":16},"end":{"line":55,"column":null}}],"line":55},"11":{"loc":{"start":{"line":55,"column":83},"end":{"line":56,"column":null}},"type":"binary-expr","locations":[{"start":{"line":55,"column":83},"end":{"line":55,"column":null}},{"start":{"line":55,"column":83},"end":{"line":56,"column":null}}],"line":55},"12":{"loc":{"start":{"line":56,"column":25},"end":{"line":56,"column":37}},"type":"binary-expr","locations":[{"start":{"line":56,"column":25},"end":{"line":56,"column":37}},{"start":{"line":56,"column":25},"end":{"line":56,"column":37}}],"line":56},"13":{"loc":{"start":{"line":56,"column":37},"end":{"line":57,"column":null}},"type":"binary-expr","locations":[{"start":{"line":56,"column":37},"end":{"line":56,"column":null}},{"start":{"line":56,"column":37},"end":{"line":57,"column":null}}],"line":56},"14":{"loc":{"start":{"line":57,"column":22},"end":{"line":57,"column":34}},"type":"binary-expr","locations":[{"start":{"line":57,"column":22},"end":{"line":57,"column":34}},{"start":{"line":57,"column":22},"end":{"line":57,"column":34}}],"line":57},"15":{"loc":{"start":{"line":58,"column":18},"end":{"line":58,"column":null}},"type":"binary-expr","locations":[{"start":{"line":58,"column":18},"end":{"line":58,"column":25}},{"start":{"line":58,"column":18},"end":{"line":58,"column":null}}],"line":58},"16":{"loc":{"start":{"line":58,"column":25},"end":{"line":58,"column":38}},"type":"binary-expr","locations":[{"start":{"line":58,"column":25},"end":{"line":58,"column":38}},{"start":{"line":58,"column":25},"end":{"line":58,"column":38}}],"line":58},"17":{"loc":{"start":{"line":58,"column":38},"end":{"line":59,"column":null}},"type":"binary-expr","locations":[{"start":{"line":58,"column":38},"end":{"line":58,"column":null}},{"start":{"line":58,"column":38},"end":{"line":59,"column":null}}],"line":58},"18":{"loc":{"start":{"line":59,"column":23},"end":{"line":59,"column":34}},"type":"binary-expr","locations":[{"start":{"line":59,"column":23},"end":{"line":59,"column":34}},{"start":{"line":59,"column":23},"end":{"line":59,"column":34}}],"line":59},"19":{"loc":{"start":{"line":59,"column":34},"end":{"line":60,"column":null}},"type":"binary-expr","locations":[{"start":{"line":59,"column":34},"end":{"line":59,"column":null}},{"start":{"line":59,"column":34},"end":{"line":60,"column":null}}],"line":59},"20":{"loc":{"start":{"line":60,"column":25},"end":{"line":60,"column":35}},"type":"binary-expr","locations":[{"start":{"line":60,"column":25},"end":{"line":60,"column":35}},{"start":{"line":60,"column":25},"end":{"line":60,"column":35}}],"line":60},"21":{"loc":{"start":{"line":60,"column":35},"end":{"line":61,"column":null}},"type":"binary-expr","locations":[{"start":{"line":60,"column":35},"end":{"line":60,"column":null}},{"start":{"line":60,"column":35},"end":{"line":61,"column":null}}],"line":60},"22":{"loc":{"start":{"line":61,"column":24},"end":{"line":61,"column":33}},"type":"binary-expr","locations":[{"start":{"line":61,"column":24},"end":{"line":61,"column":33}},{"start":{"line":61,"column":24},"end":{"line":61,"column":33}}],"line":61},"23":{"loc":{"start":{"line":61,"column":33},"end":{"line":62,"column":null}},"type":"binary-expr","locations":[{"start":{"line":61,"column":33},"end":{"line":61,"column":null}},{"start":{"line":61,"column":33},"end":{"line":62,"column":null}}],"line":61},"24":{"loc":{"start":{"line":62,"column":24},"end":{"line":62,"column":33}},"type":"binary-expr","locations":[{"start":{"line":62,"column":24},"end":{"line":62,"column":33}},{"start":{"line":62,"column":24},"end":{"line":62,"column":33}}],"line":62},"25":{"loc":{"start":{"line":62,"column":33},"end":{"line":63,"column":null}},"type":"binary-expr","locations":[{"start":{"line":62,"column":33},"end":{"line":62,"column":null}},{"start":{"line":62,"column":33},"end":{"line":63,"column":null}}],"line":62},"26":{"loc":{"start":{"line":63,"column":31},"end":{"line":63,"column":46}},"type":"binary-expr","locations":[{"start":{"line":63,"column":31},"end":{"line":63,"column":46}},{"start":{"line":63,"column":31},"end":{"line":63,"column":46}}],"line":63},"27":{"loc":{"start":{"line":64,"column":16},"end":{"line":64,"column":null}},"type":"binary-expr","locations":[{"start":{"line":64,"column":16},"end":{"line":64,"column":18}},{"start":{"line":64,"column":16},"end":{"line":64,"column":null}}],"line":64},"28":{"loc":{"start":{"line":64,"column":18},"end":{"line":64,"column":null}},"type":"binary-expr","locations":[{"start":{"line":64,"column":18},"end":{"line":64,"column":null}},{"start":{"line":64,"column":18},"end":{"line":64,"column":null}}],"line":64},"29":{"loc":{"start":{"line":65,"column":16},"end":{"line":65,"column":null}},"type":"binary-expr","locations":[{"start":{"line":65,"column":16},"end":{"line":65,"column":18}},{"start":{"line":65,"column":16},"end":{"line":65,"column":null}}],"line":65},"30":{"loc":{"start":{"line":65,"column":18},"end":{"line":65,"column":null}},"type":"binary-expr","locations":[{"start":{"line":65,"column":18},"end":{"line":65,"column":null}},{"start":{"line":65,"column":18},"end":{"line":65,"column":null}}],"line":65},"31":{"loc":{"start":{"line":66,"column":15},"end":{"line":66,"column":null}},"type":"binary-expr","locations":[{"start":{"line":66,"column":15},"end":{"line":66,"column":17}},{"start":{"line":66,"column":15},"end":{"line":66,"column":null}}],"line":66},"32":{"loc":{"start":{"line":66,"column":17},"end":{"line":66,"column":null}},"type":"binary-expr","locations":[{"start":{"line":66,"column":17},"end":{"line":66,"column":null}},{"start":{"line":66,"column":17},"end":{"line":66,"column":null}}],"line":66}},"s":{"0":1,"1":48,"2":38,"3":41,"4":46,"5":0,"6":7,"7":1,"8":1,"9":1,"10":1,"11":1,"12":0,"13":0,"14":0,"15":0,"16":1,"17":0,"18":1},"f":{"0":48,"1":38,"2":41,"3":46,"4":0,"5":7,"6":1,"7":1,"8":1,"9":1,"10":1,"11":0,"12":0,"13":0,"14":0,"15":1,"16":0,"17":1},"b":{"0":[61,49],"1":[0,0],"2":[61,0],"3":[61,0],"4":[61,0],"5":[77,0,0],"6":[75,2],"7":[75,46],"8":[2,73],"9":[75,0],"10":[75,46],"11":[75,46],"12":[1,1],"13":[75,46],"14":[1,1],"15":[75,46],"16":[1,1],"17":[75,46],"18":[1,1],"19":[75,46],"20":[0,0],"21":[75,46],"22":[0,0],"23":[75,46],"24":[0,0],"25":[75,46],"26":[0,0],"27":[75,46],"28":[1,1],"29":[75,46],"30":[0,0],"31":[75,46],"32":[1,1]},"meta":{"lastBranch":0,"lastFunction":0,"lastStatement":0,"seen":{}}}
,"/Users/prabhu/code/smart-tagz/src/components/MainSetup.ts": {"path":"/Users/prabhu/code/smart-tagz/src/components/MainSetup.ts","statementMap":{"0":{"start":{"line":31,"column":6},"end":{"line":31,"column":null}},"1":{"start":{"line":32,"column":8},"end":{"line":32,"column":null}},"2":{"start":{"line":34,"column":8},"end":{"line":40,"column":null}},"3":{"start":{"line":35,"column":49},"end":{"line":39,"column":6}},"4":{"start":{"line":41,"column":8},"end":{"line":41,"column":null}},"5":{"start":{"line":42,"column":8},"end":{"line":42,"column":null}},"6":{"start":{"line":44,"column":8},"end":{"line":44,"column":null}},"7":{"start":{"line":46,"column":8},"end":{"line":46,"column":null}},"8":{"start":{"line":48,"column":8},"end":{"line":48,"column":null}},"9":{"start":{"line":50,"column":8},"end":{"line":50,"column":null}},"10":{"start":{"line":51,"column":8},"end":{"line":51,"column":null}},"11":{"start":{"line":53,"column":8},"end":{"line":53,"column":null}},"12":{"start":{"line":55,"column":8},"end":{"line":55,"column":null}},"13":{"start":{"line":56,"column":8},"end":{"line":56,"column":null}},"14":{"start":{"line":57,"column":8},"end":{"line":57,"column":null}},"15":{"start":{"line":60,"column":19},"end":{"line":66,"column":null}},"16":{"start":{"line":61,"column":4},"end":{"line":61,"column":null}},"17":{"start":{"line":63,"column":4},"end":{"line":65,"column":null}},"18":{"start":{"line":64,"column":6},"end":{"line":64,"column":null}},"19":{"start":{"line":69,"column":20},"end":{"line":76,"column":null}},"20":{"start":{"line":70,"column":4},"end":{"line":70,"column":null}},"21":{"start":{"line":71,"column":4},"end":{"line":71,"column":null}},"22":{"start":{"line":73,"column":4},"end":{"line":75,"column":null}},"23":{"start":{"line":74,"column":6},"end":{"line":74,"column":null}},"24":{"start":{"line":78,"column":8},"end":{"line":80,"column":null}},"25":{"start":{"line":78,"column":32},"end":{"line":80,"column":4}},"26":{"start":{"line":83,"column":8},"end":{"line":83,"column":null}},"27":{"start":{"line":83,"column":36},"end":{"line":83,"column":55}},"28":{"start":{"line":85,"column":8},"end":{"line":98,"column":null}},"29":{"start":{"line":86,"column":4},"end":{"line":88,"column":null}},"30":{"start":{"line":87,"column":6},"end":{"line":87,"column":null}},"31":{"start":{"line":91,"column":17},"end":{"line":94,"column":null}},"32":{"start":{"line":96,"column":20},"end":{"line":96,"column":null}},"33":{"start":{"line":97,"column":4},"end":{"line":97,"column":null}},"34":{"start":{"line":97,"column":35},"end":{"line":97,"column":46}},"35":{"start":{"line":100,"column":8},"end":{"line":100,"column":null}},"36":{"start":{"line":100,"column":35},"end":{"line":100,"column":75}},"37":{"start":{"line":100,"column":64},"end":{"line":100,"column":74}},"38":{"start":{"line":103,"column":8},"end":{"line":107,"column":null}},"39":{"start":{"line":110,"column":33},"end":{"line":119,"column":null}},"40":{"start":{"line":111,"column":4},"end":{"line":111,"column":null}},"41":{"start":{"line":111,"column":32},"end":{"line":111,"column":null}},"42":{"start":{"line":113,"column":17},"end":{"line":113,"column":null}},"43":{"start":{"line":114,"column":4},"end":{"line":118,"column":null}},"44":{"start":{"line":122,"column":2},"end":{"line":129,"column":null}},"45":{"start":{"line":123,"column":4},"end":{"line":128,"column":null}},"46":{"start":{"line":125,"column":6},"end":{"line":127,"column":null}},"47":{"start":{"line":126,"column":8},"end":{"line":126,"column":null}},"48":{"start":{"line":132,"column":2},"end":{"line":135,"column":null}},"49":{"start":{"line":133,"column":4},"end":{"line":133,"column":null}},"50":{"start":{"line":134,"column":4},"end":{"line":134,"column":null}},"51":{"start":{"line":137,"column":2},"end":{"line":140,"column":null}},"52":{"start":{"line":138,"column":4},"end":{"line":138,"column":null}},"53":{"start":{"line":139,"column":4},"end":{"line":139,"column":null}},"54":{"start":{"line":142,"column":16},"end":{"line":146,"column":null}},"55":{"start":{"line":143,"column":4},"end":{"line":145,"column":null}},"56":{"start":{"line":144,"column":8},"end":{"line":144,"column":null}},"57":{"start":{"line":149,"column":27},"end":{"line":153,"column":null}},"58":{"start":{"line":150,"column":4},"end":{"line":152,"column":null}},"59":{"start":{"line":151,"column":6},"end":{"line":151,"column":null}},"60":{"start":{"line":156,"column":26},"end":{"line":160,"column":null}},"61":{"start":{"line":157,"column":4},"end":{"line":157,"column":null}},"62":{"start":{"line":158,"column":4},"end":{"line":158,"column":null}},"63":{"start":{"line":159,"column":4},"end":{"line":159,"column":null}},"64":{"start":{"line":163,"column":40},"end":{"line":166,"column":null}},"65":{"start":{"line":164,"column":4},"end":{"line":164,"column":null}},"66":{"start":{"line":165,"column":4},"end":{"line":165,"column":null}},"67":{"start":{"line":169,"column":31},"end":{"line":178,"column":null}},"68":{"start":{"line":170,"column":4},"end":{"line":170,"column":null}},"69":{"start":{"line":171,"column":4},"end":{"line":177,"column":null}},"70":{"start":{"line":172,"column":6},"end":{"line":175,"column":null}},"71":{"start":{"line":173,"column":39},"end":{"line":173,"column":null}},"72":{"start":{"line":174,"column":8},"end":{"line":174,"column":null}},"73":{"start":{"line":176,"column":6},"end":{"line":176,"column":null}},"74":{"start":{"line":180,"column":28},"end":{"line":187,"column":null}},"75":{"start":{"line":182,"column":4},"end":{"line":182,"column":null}},"76":{"start":{"line":182,"column":68},"end":{"line":182,"column":72}},"77":{"start":{"line":184,"column":4},"end":{"line":184,"column":null}},"78":{"start":{"line":185,"column":4},"end":{"line":185,"column":null}},"79":{"start":{"line":186,"column":4},"end":{"line":186,"column":null}},"80":{"start":{"line":189,"column":2},"end":{"line":191,"column":null}},"81":{"start":{"line":190,"column":4},"end":{"line":190,"column":null}},"82":{"start":{"line":193,"column":2},"end":{"line":215,"column":null}},"83":{"start":{"line":194,"column":4},"end":{"line":197,"column":null}},"84":{"start":{"line":195,"column":6},"end":{"line":195,"column":null}},"85":{"start":{"line":196,"column":6},"end":{"line":196,"column":null}},"86":{"start":{"line":196,"column":70},"end":{"line":196,"column":74}},"87":{"start":{"line":200,"column":4},"end":{"line":202,"column":null}},"88":{"start":{"line":201,"column":6},"end":{"line":201,"column":null}},"89":{"start":{"line":204,"column":4},"end":{"line":214,"column":null}},"90":{"start":{"line":205,"column":6},"end":{"line":205,"column":null}},"91":{"start":{"line":207,"column":6},"end":{"line":211,"column":null}},"92":{"start":{"line":208,"column":8},"end":{"line":208,"column":null}},"93":{"start":{"line":209,"column":6},"end":{"line":211,"column":null}},"94":{"start":{"line":210,"column":8},"end":{"line":210,"column":null}},"95":{"start":{"line":213,"column":6},"end":{"line":213,"column":null}},"96":{"start":{"line":217,"column":2},"end":{"line":223,"column":null}},"97":{"start":{"line":218,"column":4},"end":{"line":222,"column":null}},"98":{"start":{"line":219,"column":6},"end":{"line":221,"column":null}},"99":{"start":{"line":226,"column":2},"end":{"line":239,"column":null}},"100":{"start":{"line":227,"column":10},"end":{"line":227,"column":null}},"101":{"start":{"line":229,"column":6},"end":{"line":236,"column":null}},"102":{"start":{"line":230,"column":8},"end":{"line":234,"column":null}},"103":{"start":{"line":230,"column":73},"end":{"line":234,"column":10}},"104":{"start":{"line":235,"column":8},"end":{"line":235,"column":null}},"105":{"start":{"line":242,"column":20},"end":{"line":249,"column":null}},"106":{"start":{"line":243,"column":19},"end":{"line":243,"column":null}},"107":{"start":{"line":244,"column":28},"end":{"line":246,"column":null}},"108":{"start":{"line":245,"column":38},"end":{"line":245,"column":80}},"109":{"start":{"line":247,"column":23},"end":{"line":247,"column":null}},"110":{"start":{"line":248,"column":4},"end":{"line":248,"column":null}},"111":{"start":{"line":252,"column":47},"end":{"line":299,"column":null}},"112":{"start":{"line":253,"column":20},"end":{"line":253,"column":null}},"113":{"start":{"line":254,"column":10},"end":{"line":254,"column":null}},"114":{"start":{"line":256,"column":4},"end":{"line":260,"column":null}},"115":{"start":{"line":257,"column":6},"end":{"line":257,"column":null}},"116":{"start":{"line":259,"column":6},"end":{"line":259,"column":null}},"117":{"start":{"line":262,"column":4},"end":{"line":272,"column":null}},"118":{"start":{"line":263,"column":26},"end":{"line":265,"column":null}},"119":{"start":{"line":264,"column":17},"end":{"line":264,"column":null}},"120":{"start":{"line":266,"column":6},"end":{"line":270,"column":null}},"121":{"start":{"line":267,"column":8},"end":{"line":267,"column":null}},"122":{"start":{"line":268,"column":6},"end":{"line":270,"column":null}},"123":{"start":{"line":269,"column":8},"end":{"line":269,"column":null}},"124":{"start":{"line":271,"column":6},"end":{"line":271,"column":null}},"125":{"start":{"line":274,"column":17},"end":{"line":274,"column":null}},"126":{"start":{"line":276,"column":4},"end":{"line":280,"column":null}},"127":{"start":{"line":277,"column":6},"end":{"line":277,"column":null}},"128":{"start":{"line":279,"column":6},"end":{"line":279,"column":null}},"129":{"start":{"line":282,"column":4},"end":{"line":291,"column":null}},"130":{"start":{"line":283,"column":6},"end":{"line":287,"column":null}},"131":{"start":{"line":289,"column":24},"end":{"line":289,"column":null}},"132":{"start":{"line":290,"column":6},"end":{"line":290,"column":null}},"133":{"start":{"line":293,"column":4},"end":{"line":293,"column":null}},"134":{"start":{"line":294,"column":4},"end":{"line":294,"column":null}},"135":{"start":{"line":295,"column":4},"end":{"line":295,"column":null}},"136":{"start":{"line":296,"column":4},"end":{"line":296,"column":null}},"137":{"start":{"line":298,"column":4},"end":{"line":298,"column":null}},"138":{"start":{"line":298,"column":19},"end":{"line":298,"column":26}},"139":{"start":{"line":302,"column":48},"end":{"line":311,"column":null}},"140":{"start":{"line":303,"column":23},"end":{"line":303,"column":null}},"141":{"start":{"line":303,"column":50},"end":{"line":303,"column":61}},"142":{"start":{"line":304,"column":4},"end":{"line":304,"column":null}},"143":{"start":{"line":304,"column":50},"end":{"line":304,"column":61}},"144":{"start":{"line":305,"column":4},"end":{"line":305,"column":null}},"145":{"start":{"line":307,"column":4},"end":{"line":310,"column":null}},"146":{"start":{"line":308,"column":28},"end":{"line":308,"column":null}},"147":{"start":{"line":309,"column":6},"end":{"line":309,"column":null}},"148":{"start":{"line":313,"column":35},"end":{"line":347,"column":null}},"149":{"start":{"line":314,"column":4},"end":{"line":316,"column":null}},"150":{"start":{"line":315,"column":6},"end":{"line":315,"column":null}},"151":{"start":{"line":318,"column":4},"end":{"line":323,"column":null}},"152":{"start":{"line":319,"column":6},"end":{"line":319,"column":null}},"153":{"start":{"line":320,"column":6},"end":{"line":320,"column":null}},"154":{"start":{"line":321,"column":6},"end":{"line":321,"column":null}},"155":{"start":{"line":322,"column":6},"end":{"line":322,"column":null}},"156":{"start":{"line":325,"column":4},"end":{"line":346,"column":null}},"157":{"start":{"line":326,"column":18},"end":{"line":326,"column":null}},"158":{"start":{"line":327,"column":6},"end":{"line":327,"column":null}},"159":{"start":{"line":327,"column":52},"end":{"line":327,"column":67}},"160":{"start":{"line":328,"column":6},"end":{"line":328,"column":null}},"161":{"start":{"line":329,"column":6},"end":{"line":329,"column":null}},"162":{"start":{"line":330,"column":4},"end":{"line":346,"column":null}},"163":{"start":{"line":331,"column":18},"end":{"line":331,"column":null}},"164":{"start":{"line":332,"column":6},"end":{"line":345,"column":null}},"165":{"start":{"line":333,"column":8},"end":{"line":335,"column":null}},"166":{"start":{"line":336,"column":8},"end":{"line":344,"column":null}},"167":{"start":{"line":337,"column":10},"end":{"line":343,"column":null}},"168":{"start":{"line":338,"column":12},"end":{"line":340,"column":null}},"169":{"start":{"line":342,"column":12},"end":{"line":342,"column":null}},"170":{"start":{"line":350,"column":55},"end":{"line":378,"column":null}},"171":{"start":{"line":352,"column":4},"end":{"line":354,"column":null}},"172":{"start":{"line":353,"column":6},"end":{"line":353,"column":null}},"173":{"start":{"line":357,"column":4},"end":{"line":357,"column":null}},"174":{"start":{"line":358,"column":4},"end":{"line":358,"column":null}},"175":{"start":{"line":361,"column":17},"end":{"line":361,"column":null}},"176":{"start":{"line":363,"column":4},"end":{"line":377,"column":null}},"177":{"start":{"line":364,"column":12},"end":{"line":371,"column":null}},"178":{"start":{"line":373,"column":6},"end":{"line":376,"column":null}},"179":{"start":{"line":374,"column":8},"end":{"line":374,"column":null}},"180":{"start":{"line":375,"column":8},"end":{"line":375,"column":null}},"181":{"start":{"line":380,"column":23},"end":{"line":380,"column":null}},"182":{"start":{"line":380,"column":29},"end":{"line":380,"column":null}},"183":{"start":{"line":382,"column":64},"end":{"line":393,"column":null}},"184":{"start":{"line":383,"column":4},"end":{"line":392,"column":null}},"185":{"start":{"line":384,"column":6},"end":{"line":391,"column":null}},"186":{"start":{"line":385,"column":8},"end":{"line":388,"column":null}},"187":{"start":{"line":390,"column":8},"end":{"line":390,"column":null}},"188":{"start":{"line":395,"column":57},"end":{"line":400,"column":null}},"189":{"start":{"line":396,"column":4},"end":{"line":396,"column":null}},"190":{"start":{"line":397,"column":4},"end":{"line":399,"column":null}},"191":{"start":{"line":398,"column":6},"end":{"line":398,"column":null}},"192":{"start":{"line":402,"column":56},"end":{"line":412,"column":null}},"193":{"start":{"line":403,"column":4},"end":{"line":403,"column":null}},"194":{"start":{"line":405,"column":10},"end":{"line":405,"column":null}},"195":{"start":{"line":407,"column":4},"end":{"line":411,"column":null}},"196":{"start":{"line":408,"column":6},"end":{"line":408,"column":null}},"197":{"start":{"line":410,"column":6},"end":{"line":410,"column":null}},"198":{"start":{"line":414,"column":54},"end":{"line":424,"column":null}},"199":{"start":{"line":415,"column":4},"end":{"line":415,"column":null}},"200":{"start":{"line":417,"column":10},"end":{"line":417,"column":null}},"201":{"start":{"line":419,"column":4},"end":{"line":423,"column":null}},"202":{"start":{"line":420,"column":6},"end":{"line":420,"column":null}},"203":{"start":{"line":422,"column":6},"end":{"line":422,"column":null}},"204":{"start":{"line":426,"column":39},"end":{"line":429,"column":null}},"205":{"start":{"line":427,"column":4},"end":{"line":427,"column":null}},"206":{"start":{"line":428,"column":4},"end":{"line":428,"column":null}},"207":{"start":{"line":431,"column":58},"end":{"line":439,"column":null}},"208":{"start":{"line":432,"column":4},"end":{"line":434,"column":null}},"209":{"start":{"line":433,"column":6},"end":{"line":433,"column":null}},"210":{"start":{"line":435,"column":4},"end":{"line":438,"column":null}},"211":{"start":{"line":436,"column":6},"end":{"line":436,"column":null}},"212":{"start":{"line":437,"column":6},"end":{"line":437,"column":null}},"213":{"start":{"line":442,"column":53},"end":{"line":447,"column":null}},"214":{"start":{"line":443,"column":4},"end":{"line":446,"column":null}},"215":{"start":{"line":444,"column":6},"end":{"line":444,"column":null}},"216":{"start":{"line":445,"column":6},"end":{"line":445,"column":null}},"217":{"start":{"line":450,"column":52},"end":{"line":455,"column":null}},"218":{"start":{"line":451,"column":4},"end":{"line":454,"column":null}},"219":{"start":{"line":452,"column":6},"end":{"line":452,"column":null}},"220":{"start":{"line":453,"column":6},"end":{"line":453,"column":null}},"221":{"start":{"line":458,"column":52},"end":{"line":479,"column":null}},"222":{"start":{"line":459,"column":4},"end":{"line":478,"column":null}},"223":{"start":{"line":460,"column":6},"end":{"line":460,"column":null}},"224":{"start":{"line":461,"column":27},"end":{"line":461,"column":null}},"225":{"start":{"line":462,"column":6},"end":{"line":472,"column":null}},"226":{"start":{"line":468,"column":8},"end":{"line":468,"column":null}},"227":{"start":{"line":471,"column":8},"end":{"line":471,"column":null}},"228":{"start":{"line":474,"column":6},"end":{"line":477,"column":null}},"229":{"start":{"line":475,"column":28},"end":{"line":475,"column":null}},"230":{"start":{"line":476,"column":8},"end":{"line":476,"column":null}},"231":{"start":{"line":481,"column":50},"end":{"line":483,"column":null}},"232":{"start":{"line":482,"column":4},"end":{"line":482,"column":null}},"233":{"start":{"line":485,"column":2},"end":{"line":519,"column":null}}},"fnMap":{"0":{"name":"(anonymous_0)","decl":{"start":{"line":21,"column":0},"end":{"line":21,"column":25}},"loc":{"start":{"line":21,"column":43},"end":{"line":520,"column":null}},"line":21},"1":{"name":"(anonymous_1)","decl":{"start":{"line":35,"column":38},"end":{"line":35,"column":39}},"loc":{"start":{"line":35,"column":49},"end":{"line":39,"column":6}},"line":35},"2":{"name":"(anonymous_2)","decl":{"start":{"line":60,"column":19},"end":{"line":60,"column":20}},"loc":{"start":{"line":60,"column":40},"end":{"line":66,"column":null}},"line":60},"3":{"name":"(anonymous_3)","decl":{"start":{"line":63,"column":15},"end":{"line":63,"column":21}},"loc":{"start":{"line":63,"column":21},"end":{"line":65,"column":7}},"line":63},"4":{"name":"(anonymous_4)","decl":{"start":{"line":69,"column":20},"end":{"line":69,"column":21}},"loc":{"start":{"line":69,"column":41},"end":{"line":76,"column":null}},"line":69},"5":{"name":"(anonymous_5)","decl":{"start":{"line":73,"column":15},"end":{"line":73,"column":21}},"loc":{"start":{"line":73,"column":21},"end":{"line":75,"column":7}},"line":73},"6":{"name":"(anonymous_6)","decl":{"start":{"line":78,"column":25},"end":{"line":78,"column":32}},"loc":{"start":{"line":78,"column":32},"end":{"line":80,"column":4}},"line":78},"7":{"name":"(anonymous_7)","decl":{"start":{"line":83,"column":30},"end":{"line":83,"column":36}},"loc":{"start":{"line":83,"column":36},"end":{"line":83,"column":55}},"line":83},"8":{"name":"(anonymous_8)","decl":{"start":{"line":85,"column":33},"end":{"line":85,"column":39}},"loc":{"start":{"line":85,"column":39},"end":{"line":98,"column":3}},"line":85},"9":{"name":"(anonymous_9)","decl":{"start":{"line":97,"column":23},"end":{"line":97,"column":24}},"loc":{"start":{"line":97,"column":35},"end":{"line":97,"column":46}},"line":97},"10":{"name":"(anonymous_10)","decl":{"start":{"line":100,"column":29},"end":{"line":100,"column":35}},"loc":{"start":{"line":100,"column":35},"end":{"line":100,"column":75}},"line":100},"11":{"name":"(anonymous_11)","decl":{"start":{"line":100,"column":54},"end":{"line":100,"column":55}},"loc":{"start":{"line":100,"column":64},"end":{"line":100,"column":74}},"line":100},"12":{"name":"(anonymous_12)","decl":{"start":{"line":110,"column":33},"end":{"line":110,"column":39}},"loc":{"start":{"line":110,"column":39},"end":{"line":119,"column":null}},"line":110},"13":{"name":"(anonymous_13)","decl":{"start":{"line":122,"column":25},"end":{"line":122,"column":26}},"loc":{"start":{"line":122,"column":38},"end":{"line":129,"column":3}},"line":122},"14":{"name":"(anonymous_14)","decl":{"start":{"line":125,"column":15},"end":{"line":125,"column":21}},"loc":{"start":{"line":125,"column":21},"end":{"line":127,"column":7}},"line":125},"15":{"name":"(anonymous_15)","decl":{"start":{"line":132,"column":12},"end":{"line":132,"column":18}},"loc":{"start":{"line":132,"column":18},"end":{"line":135,"column":3}},"line":132},"16":{"name":"(anonymous_16)","decl":{"start":{"line":137,"column":14},"end":{"line":137,"column":20}},"loc":{"start":{"line":137,"column":20},"end":{"line":140,"column":3}},"line":137},"17":{"name":"(anonymous_17)","decl":{"start":{"line":142,"column":16},"end":{"line":142,"column":22}},"loc":{"start":{"line":142,"column":22},"end":{"line":146,"column":null}},"line":142},"18":{"name":"(anonymous_18)","decl":{"start":{"line":149,"column":27},"end":{"line":149,"column":33}},"loc":{"start":{"line":149,"column":33},"end":{"line":153,"column":null}},"line":149},"19":{"name":"(anonymous_19)","decl":{"start":{"line":156,"column":26},"end":{"line":156,"column":32}},"loc":{"start":{"line":156,"column":32},"end":{"line":160,"column":null}},"line":156},"20":{"name":"(anonymous_20)","decl":{"start":{"line":163,"column":40},"end":{"line":163,"column":46}},"loc":{"start":{"line":163,"column":46},"end":{"line":166,"column":null}},"line":163},"21":{"name":"(anonymous_21)","decl":{"start":{"line":169,"column":31},"end":{"line":169,"column":32}},"loc":{"start":{"line":169,"column":47},"end":{"line":178,"column":null}},"line":169},"22":{"name":"(anonymous_22)","decl":{"start":{"line":171,"column":40},"end":{"line":171,"column":41}},"loc":{"start":{"line":171,"column":49},"end":{"line":177,"column":5}},"line":171},"23":{"name":"(anonymous_23)","decl":{"start":{"line":180,"column":28},"end":{"line":180,"column":34}},"loc":{"start":{"line":180,"column":34},"end":{"line":187,"column":null}},"line":180},"24":{"name":"(anonymous_24)","decl":{"start":{"line":182,"column":40},"end":{"line":182,"column":41}},"loc":{"start":{"line":182,"column":68},"end":{"line":182,"column":72}},"line":182},"25":{"name":"(anonymous_25)","decl":{"start":{"line":189,"column":19},"end":{"line":189,"column":20}},"loc":{"start":{"line":189,"column":34},"end":{"line":191,"column":3}},"line":189},"26":{"name":"(anonymous_26)","decl":{"start":{"line":193,"column":15},"end":{"line":193,"column":16}},"loc":{"start":{"line":193,"column":29},"end":{"line":215,"column":3}},"line":193},"27":{"name":"(anonymous_27)","decl":{"start":{"line":196,"column":42},"end":{"line":196,"column":43}},"loc":{"start":{"line":196,"column":70},"end":{"line":196,"column":74}},"line":196},"28":{"name":"(anonymous_28)","decl":{"start":{"line":217,"column":22},"end":{"line":217,"column":23}},"loc":{"start":{"line":217,"column":36},"end":{"line":223,"column":3}},"line":217},"29":{"name":"(anonymous_29)","decl":{"start":{"line":218,"column":40},"end":{"line":218,"column":41}},"loc":{"start":{"line":219,"column":6},"end":{"line":221,"column":null}},"line":219},"30":{"name":"(anonymous_30)","decl":{"start":{"line":227,"column":4},"end":{"line":227,"column":10}},"loc":{"start":{"line":227,"column":10},"end":{"line":227,"column":null}},"line":227},"31":{"name":"(anonymous_31)","decl":{"start":{"line":228,"column":4},"end":{"line":228,"column":5}},"loc":{"start":{"line":228,"column":24},"end":{"line":237,"column":null}},"line":228},"32":{"name":"(anonymous_32)","decl":{"start":{"line":230,"column":62},"end":{"line":230,"column":63}},"loc":{"start":{"line":230,"column":73},"end":{"line":234,"column":10}},"line":230},"33":{"name":"(anonymous_33)","decl":{"start":{"line":242,"column":20},"end":{"line":242,"column":21}},"loc":{"start":{"line":242,"column":38},"end":{"line":249,"column":null}},"line":242},"34":{"name":"(anonymous_34)","decl":{"start":{"line":245,"column":29},"end":{"line":245,"column":30}},"loc":{"start":{"line":245,"column":38},"end":{"line":245,"column":80}},"line":245},"35":{"name":"(anonymous_35)","decl":{"start":{"line":252,"column":47},"end":{"line":252,"column":48}},"loc":{"start":{"line":252,"column":57},"end":{"line":299,"column":null}},"line":252},"36":{"name":"(anonymous_36)","decl":{"start":{"line":264,"column":8},"end":{"line":264,"column":9}},"loc":{"start":{"line":264,"column":17},"end":{"line":264,"column":null}},"line":264},"37":{"name":"(anonymous_37)","decl":{"start":{"line":298,"column":13},"end":{"line":298,"column":19}},"loc":{"start":{"line":298,"column":19},"end":{"line":298,"column":26}},"line":298},"38":{"name":"(anonymous_38)","decl":{"start":{"line":302,"column":48},"end":{"line":302,"column":49}},"loc":{"start":{"line":302,"column":56},"end":{"line":311,"column":null}},"line":302},"39":{"name":"(anonymous_39)","decl":{"start":{"line":303,"column":43},"end":{"line":303,"column":44}},"loc":{"start":{"line":303,"column":50},"end":{"line":303,"column":61}},"line":303},"40":{"name":"(anonymous_40)","decl":{"start":{"line":304,"column":43},"end":{"line":304,"column":44}},"loc":{"start":{"line":304,"column":50},"end":{"line":304,"column":61}},"line":304},"41":{"name":"(anonymous_41)","decl":{"start":{"line":313,"column":35},"end":{"line":313,"column":41}},"loc":{"start":{"line":313,"column":41},"end":{"line":347,"column":null}},"line":313},"42":{"name":"(anonymous_42)","decl":{"start":{"line":327,"column":45},"end":{"line":327,"column":46}},"loc":{"start":{"line":327,"column":52},"end":{"line":327,"column":67}},"line":327},"43":{"name":"(anonymous_43)","decl":{"start":{"line":336,"column":44},"end":{"line":336,"column":45}},"loc":{"start":{"line":336,"column":51},"end":{"line":344,"column":9}},"line":336},"44":{"name":"(anonymous_44)","decl":{"start":{"line":350,"column":55},"end":{"line":350,"column":56}},"loc":{"start":{"line":350,"column":66},"end":{"line":378,"column":null}},"line":350},"45":{"name":"(anonymous_45)","decl":{"start":{"line":380,"column":23},"end":{"line":380,"column":29}},"loc":{"start":{"line":380,"column":29},"end":{"line":380,"column":null}},"line":380},"46":{"name":"(anonymous_46)","decl":{"start":{"line":382,"column":64},"end":{"line":382,"column":65}},"loc":{"start":{"line":382,"column":82},"end":{"line":393,"column":null}},"line":382},"47":{"name":"(anonymous_47)","decl":{"start":{"line":383,"column":40},"end":{"line":383,"column":41}},"loc":{"start":{"line":383,"column":49},"end":{"line":392,"column":5}},"line":383},"48":{"name":"(anonymous_48)","decl":{"start":{"line":395,"column":57},"end":{"line":395,"column":58}},"loc":{"start":{"line":395,"column":67},"end":{"line":400,"column":null}},"line":395},"49":{"name":"(anonymous_49)","decl":{"start":{"line":397,"column":13},"end":{"line":397,"column":19}},"loc":{"start":{"line":397,"column":19},"end":{"line":399,"column":5}},"line":397},"50":{"name":"(anonymous_50)","decl":{"start":{"line":402,"column":56},"end":{"line":402,"column":57}},"loc":{"start":{"line":402,"column":67},"end":{"line":412,"column":null}},"line":402},"51":{"name":"(anonymous_51)","decl":{"start":{"line":414,"column":54},"end":{"line":414,"column":55}},"loc":{"start":{"line":414,"column":65},"end":{"line":424,"column":null}},"line":414},"52":{"name":"(anonymous_52)","decl":{"start":{"line":426,"column":39},"end":{"line":426,"column":45}},"loc":{"start":{"line":426,"column":45},"end":{"line":429,"column":null}},"line":426},"53":{"name":"(anonymous_53)","decl":{"start":{"line":431,"column":58},"end":{"line":431,"column":59}},"loc":{"start":{"line":431,"column":69},"end":{"line":439,"column":null}},"line":431},"54":{"name":"(anonymous_54)","decl":{"start":{"line":442,"column":53},"end":{"line":442,"column":54}},"loc":{"start":{"line":442,"column":64},"end":{"line":447,"column":null}},"line":442},"55":{"name":"(anonymous_55)","decl":{"start":{"line":450,"column":52},"end":{"line":450,"column":53}},"loc":{"start":{"line":450,"column":63},"end":{"line":455,"column":null}},"line":450},"56":{"name":"(anonymous_56)","decl":{"start":{"line":458,"column":52},"end":{"line":458,"column":53}},"loc":{"start":{"line":458,"column":63},"end":{"line":479,"column":null}},"line":458},"57":{"name":"(anonymous_57)","decl":{"start":{"line":474,"column":17},"end":{"line":474,"column":23}},"loc":{"start":{"line":474,"column":23},"end":{"line":477,"column":9}},"line":474},"58":{"name":"(anonymous_58)","decl":{"start":{"line":481,"column":50},"end":{"line":481,"column":56}},"loc":{"start":{"line":481,"column":56},"end":{"line":483,"column":null}},"line":481}},"branchMap":{"0":{"loc":{"start":{"line":24,"column":4},"end":{"line":24,"column":null}},"type":"default-arg","locations":[{"start":{"line":24,"column":17},"end":{"line":24,"column":null}}],"line":24},"1":{"loc":{"start":{"line":27,"column":4},"end":{"line":27,"column":null}},"type":"default-arg","locations":[{"start":{"line":27,"column":18},"end":{"line":27,"column":null}}],"line":27},"2":{"loc":{"start":{"line":46,"column":34},"end":{"line":46,"column":96}},"type":"cond-expr","locations":[{"start":{"line":46,"column":55},"end":{"line":46,"column":95}},{"start":{"line":46,"column":95},"end":{"line":46,"column":96}}],"line":46},"3":{"loc":{"start":{"line":83,"column":36},"end":{"line":83,"column":55}},"type":"binary-expr","locations":[{"start":{"line":83,"column":36},"end":{"line":83,"column":53}},{"start":{"line":83,"column":53},"end":{"line":83,"column":55}}],"line":83},"4":{"loc":{"start":{"line":86,"column":4},"end":{"line":88,"column":null}},"type":"if","locations":[{"start":{"line":86,"column":4},"end":{"line":88,"column":null}},{"start":{},"end":{}}],"line":86},"5":{"loc":{"start":{"line":111,"column":4},"end":{"line":111,"column":null}},"type":"if","locations":[{"start":{"line":111,"column":4},"end":{"line":111,"column":null}},{"start":{},"end":{}}],"line":111},"6":{"loc":{"start":{"line":123,"column":4},"end":{"line":128,"column":null}},"type":"if","locations":[{"start":{"line":123,"column":4},"end":{"line":128,"column":null}},{"start":{},"end":{}}],"line":123},"7":{"loc":{"start":{"line":143,"column":4},"end":{"line":145,"column":null}},"type":"if","locations":[{"start":{"line":143,"column":4},"end":{"line":145,"column":null}},{"start":{},"end":{}}],"line":143},"8":{"loc":{"start":{"line":150,"column":4},"end":{"line":152,"column":null}},"type":"if","locations":[{"start":{"line":150,"column":4},"end":{"line":152,"column":null}},{"start":{},"end":{}}],"line":150},"9":{"loc":{"start":{"line":150,"column":8},"end":{"line":150,"column":78}},"type":"binary-expr","locations":[{"start":{"line":150,"column":8},"end":{"line":150,"column":24}},{"start":{"line":150,"column":24},"end":{"line":150,"column":60}},{"start":{"line":150,"column":60},"end":{"line":150,"column":78}}],"line":150},"10":{"loc":{"start":{"line":172,"column":6},"end":{"line":175,"column":null}},"type":"if","locations":[{"start":{"line":172,"column":6},"end":{"line":175,"column":null}},{"start":{},"end":{}}],"line":172},"11":{"loc":{"start":{"line":194,"column":4},"end":{"line":197,"column":null}},"type":"if","locations":[{"start":{"line":194,"column":4},"end":{"line":197,"column":null}},{"start":{},"end":{}}],"line":194},"12":{"loc":{"start":{"line":200,"column":4},"end":{"line":202,"column":null}},"type":"if","locations":[{"start":{"line":200,"column":4},"end":{"line":202,"column":null}},{"start":{},"end":{}}],"line":200},"13":{"loc":{"start":{"line":200,"column":8},"end":{"line":200,"column":50}},"type":"binary-expr","locations":[{"start":{"line":200,"column":8},"end":{"line":200,"column":20}},{"start":{"line":200,"column":20},"end":{"line":200,"column":50}}],"line":200},"14":{"loc":{"start":{"line":204,"column":4},"end":{"line":214,"column":null}},"type":"if","locations":[{"start":{"line":204,"column":4},"end":{"line":214,"column":null}},{"start":{"line":212,"column":11},"end":{"line":214,"column":null}}],"line":204},"15":{"loc":{"start":{"line":207,"column":6},"end":{"line":211,"column":null}},"type":"if","locations":[{"start":{"line":207,"column":6},"end":{"line":211,"column":null}},{"start":{"line":209,"column":6},"end":{"line":211,"column":null}}],"line":207},"16":{"loc":{"start":{"line":207,"column":10},"end":{"line":207,"column":46}},"type":"binary-expr","locations":[{"start":{"line":207,"column":10},"end":{"line":207,"column":25}},{"start":{"line":207,"column":25},"end":{"line":207,"column":46}}],"line":207},"17":{"loc":{"start":{"line":209,"column":6},"end":{"line":211,"column":null}},"type":"if","locations":[{"start":{"line":209,"column":6},"end":{"line":211,"column":null}},{"start":{},"end":{}}],"line":209},"18":{"loc":{"start":{"line":209,"column":17},"end":{"line":209,"column":53}},"type":"binary-expr","locations":[{"start":{"line":209,"column":17},"end":{"line":209,"column":32}},{"start":{"line":209,"column":32},"end":{"line":209,"column":53}}],"line":209},"19":{"loc":{"start":{"line":229,"column":6},"end":{"line":236,"column":null}},"type":"if","locations":[{"start":{"line":229,"column":6},"end":{"line":236,"column":null}},{"start":{},"end":{}}],"line":229},"20":{"loc":{"start":{"line":244,"column":28},"end":{"line":246,"column":null}},"type":"cond-expr","locations":[{"start":{"line":245,"column":8},"end":{"line":245,"column":null}},{"start":{"line":246,"column":8},"end":{"line":246,"column":null}}],"line":244},"21":{"loc":{"start":{"line":245,"column":38},"end":{"line":245,"column":80}},"type":"binary-expr","locations":[{"start":{"line":245,"column":38},"end":{"line":245,"column":59}},{"start":{"line":245,"column":59},"end":{"line":245,"column":80}}],"line":245},"22":{"loc":{"start":{"line":248,"column":11},"end":{"line":248,"column":null}},"type":"binary-expr","locations":[{"start":{"line":248,"column":11},"end":{"line":248,"column":30}},{"start":{"line":248,"column":30},"end":{"line":248,"column":null}}],"line":248},"23":{"loc":{"start":{"line":256,"column":4},"end":{"line":260,"column":null}},"type":"if","locations":[{"start":{"line":256,"column":4},"end":{"line":260,"column":null}},{"start":{"line":258,"column":11},"end":{"line":260,"column":null}}],"line":256},"24":{"loc":{"start":{"line":257,"column":18},"end":{"line":257,"column":null}},"type":"binary-expr","locations":[{"start":{"line":257,"column":18},"end":{"line":257,"column":51}},{"start":{"line":257,"column":51},"end":{"line":257,"column":null}}],"line":257},"25":{"loc":{"start":{"line":262,"column":4},"end":{"line":272,"column":null}},"type":"if","locations":[{"start":{"line":262,"column":4},"end":{"line":272,"column":null}},{"start":{},"end":{}}],"line":262},"26":{"loc":{"start":{"line":266,"column":6},"end":{"line":270,"column":null}},"type":"if","locations":[{"start":{"line":266,"column":6},"end":{"line":270,"column":null}},{"start":{"line":268,"column":6},"end":{"line":270,"column":null}}],"line":266},"27":{"loc":{"start":{"line":266,"column":10},"end":{"line":266,"column":43}},"type":"binary-expr","locations":[{"start":{"line":266,"column":10},"end":{"line":266,"column":25}},{"start":{"line":266,"column":25},"end":{"line":266,"column":43}}],"line":266},"28":{"loc":{"start":{"line":268,"column":6},"end":{"line":270,"column":null}},"type":"if","locations":[{"start":{"line":268,"column":6},"end":{"line":270,"column":null}},{"start":{},"end":{}}],"line":268},"29":{"loc":{"start":{"line":276,"column":4},"end":{"line":280,"column":null}},"type":"if","locations":[{"start":{"line":276,"column":4},"end":{"line":280,"column":null}},{"start":{"line":278,"column":11},"end":{"line":280,"column":null}}],"line":276},"30":{"loc":{"start":{"line":276,"column":8},"end":{"line":276,"column":59}},"type":"binary-expr","locations":[{"start":{"line":276,"column":8},"end":{"line":276,"column":33}},{"start":{"line":276,"column":33},"end":{"line":276,"column":59}}],"line":276},"31":{"loc":{"start":{"line":282,"column":4},"end":{"line":291,"column":null}},"type":"if","locations":[{"start":{"line":282,"column":4},"end":{"line":291,"column":null}},{"start":{},"end":{}}],"line":282},"32":{"loc":{"start":{"line":307,"column":4},"end":{"line":310,"column":null}},"type":"if","locations":[{"start":{"line":307,"column":4},"end":{"line":310,"column":null}},{"start":{},"end":{}}],"line":307},"33":{"loc":{"start":{"line":314,"column":4},"end":{"line":316,"column":null}},"type":"if","locations":[{"start":{"line":314,"column":4},"end":{"line":316,"column":null}},{"start":{},"end":{}}],"line":314},"34":{"loc":{"start":{"line":318,"column":4},"end":{"line":323,"column":null}},"type":"if","locations":[{"start":{"line":318,"column":4},"end":{"line":323,"column":null}},{"start":{},"end":{}}],"line":318},"35":{"loc":{"start":{"line":325,"column":4},"end":{"line":346,"column":null}},"type":"if","locations":[{"start":{"line":325,"column":4},"end":{"line":346,"column":null}},{"start":{"line":330,"column":4},"end":{"line":346,"column":null}}],"line":325},"36":{"loc":{"start":{"line":330,"column":4},"end":{"line":346,"column":null}},"type":"if","locations":[{"start":{"line":330,"column":4},"end":{"line":346,"column":null}},{"start":{},"end":{}}],"line":330},"37":{"loc":{"start":{"line":332,"column":6},"end":{"line":345,"column":null}},"type":"if","locations":[{"start":{"line":332,"column":6},"end":{"line":345,"column":null}},{"start":{},"end":{}}],"line":332},"38":{"loc":{"start":{"line":337,"column":10},"end":{"line":343,"column":null}},"type":"if","locations":[{"start":{"line":337,"column":10},"end":{"line":343,"column":null}},{"start":{"line":341,"column":17},"end":{"line":343,"column":null}}],"line":337},"39":{"loc":{"start":{"line":352,"column":4},"end":{"line":354,"column":null}},"type":"if","locations":[{"start":{"line":352,"column":4},"end":{"line":354,"column":null}},{"start":{},"end":{}}],"line":352},"40":{"loc":{"start":{"line":352,"column":8},"end":{"line":352,"column":46}},"type":"binary-expr","locations":[{"start":{"line":352,"column":8},"end":{"line":352,"column":23}},{"start":{"line":352,"column":23},"end":{"line":352,"column":46}}],"line":352},"41":{"loc":{"start":{"line":363,"column":4},"end":{"line":377,"column":null}},"type":"if","locations":[{"start":{"line":363,"column":4},"end":{"line":377,"column":null}},{"start":{},"end":{}}],"line":363},"42":{"loc":{"start":{"line":373,"column":6},"end":{"line":376,"column":null}},"type":"if","locations":[{"start":{"line":373,"column":6},"end":{"line":376,"column":null}},{"start":{},"end":{}}],"line":373},"43":{"loc":{"start":{"line":384,"column":6},"end":{"line":391,"column":null}},"type":"if","locations":[{"start":{"line":384,"column":6},"end":{"line":391,"column":null}},{"start":{"line":389,"column":13},"end":{"line":391,"column":null}}],"line":384},"44":{"loc":{"start":{"line":407,"column":4},"end":{"line":411,"column":null}},"type":"if","locations":[{"start":{"line":407,"column":4},"end":{"line":411,"column":null}},{"start":{"line":409,"column":11},"end":{"line":411,"column":null}}],"line":407},"45":{"loc":{"start":{"line":419,"column":4},"end":{"line":423,"column":null}},"type":"if","locations":[{"start":{"line":419,"column":4},"end":{"line":423,"column":null}},{"start":{"line":421,"column":11},"end":{"line":423,"column":null}}],"line":419},"46":{"loc":{"start":{"line":432,"column":4},"end":{"line":434,"column":null}},"type":"if","locations":[{"start":{"line":432,"column":4},"end":{"line":434,"column":null}},{"start":{},"end":{}}],"line":432},"47":{"loc":{"start":{"line":435,"column":4},"end":{"line":438,"column":null}},"type":"if","locations":[{"start":{"line":435,"column":4},"end":{"line":438,"column":null}},{"start":{},"end":{}}],"line":435},"48":{"loc":{"start":{"line":435,"column":8},"end":{"line":435,"column":43}},"type":"binary-expr","locations":[{"start":{"line":435,"column":8},"end":{"line":435,"column":29}},{"start":{"line":435,"column":29},"end":{"line":435,"column":43}}],"line":435},"49":{"loc":{"start":{"line":443,"column":4},"end":{"line":446,"column":null}},"type":"if","locations":[{"start":{"line":443,"column":4},"end":{"line":446,"column":null}},{"start":{},"end":{}}],"line":443},"50":{"loc":{"start":{"line":443,"column":8},"end":{"line":443,"column":65}},"type":"binary-expr","locations":[{"start":{"line":443,"column":8},"end":{"line":443,"column":33}},{"start":{"line":443,"column":33},"end":{"line":443,"column":65}}],"line":443},"51":{"loc":{"start":{"line":451,"column":4},"end":{"line":454,"column":null}},"type":"if","locations":[{"start":{"line":451,"column":4},"end":{"line":454,"column":null}},{"start":{},"end":{}}],"line":451},"52":{"loc":{"start":{"line":451,"column":8},"end":{"line":451,"column":65}},"type":"binary-expr","locations":[{"start":{"line":451,"column":8},"end":{"line":451,"column":33}},{"start":{"line":451,"column":33},"end":{"line":451,"column":65}}],"line":451},"53":{"loc":{"start":{"line":459,"column":4},"end":{"line":478,"column":null}},"type":"if","locations":[{"start":{"line":459,"column":4},"end":{"line":478,"column":null}},{"start":{},"end":{}}],"line":459},"54":{"loc":{"start":{"line":462,"column":6},"end":{"line":472,"column":null}},"type":"if","locations":[{"start":{"line":462,"column":6},"end":{"line":472,"column":null}},{"start":{"line":469,"column":13},"end":{"line":472,"column":null}}],"line":462},"55":{"loc":{"start":{"line":463,"column":8},"end":{"line":465,"column":null}},"type":"binary-expr","locations":[{"start":{"line":463,"column":8},"end":{"line":463,"column":null}},{"start":{"line":464,"column":8},"end":{"line":464,"column":null}},{"start":{"line":465,"column":8},"end":{"line":465,"column":null}}],"line":463}},"s":{"0":175,"1":175,"2":175,"3":42,"4":175,"5":175,"6":175,"7":175,"8":175,"9":175,"10":175,"11":175,"12":175,"13":175,"14":175,"15":175,"16":39,"17":39,"18":2,"19":175,"20":14,"21":14,"22":14,"23":1,"24":175,"25":2,"26":175,"27":38,"28":175,"29":43,"30":3,"31":40,"32":40,"33":40,"34":60,"35":175,"36":251,"37":155,"38":175,"39":175,"40":41,"41":36,"42":5,"43":5,"44":175,"45":51,"46":41,"47":41,"48":175,"49":49,"50":49,"51":175,"52":0,"53":0,"54":175,"55":23,"56":6,"57":175,"58":0,"59":0,"60":175,"61":1,"62":1,"63":1,"64":175,"65":0,"66":0,"67":175,"68":0,"69":0,"70":0,"71":0,"72":0,"73":0,"74":175,"75":7,"76":3,"77":7,"78":7,"79":7,"80":175,"81":76,"82":175,"83":53,"84":0,"85":0,"86":0,"87":53,"88":0,"89":53,"90":47,"91":47,"92":44,"93":3,"94":0,"95":6,"96":175,"97":1,"98":2,"99":175,"100":182,"101":7,"102":7,"103":17,"104":7,"105":175,"106":36,"107":36,"108":15,"109":36,"110":36,"111":175,"112":36,"113":36,"114":36,"115":3,"116":33,"117":36,"118":14,"119":14,"120":14,"121":11,"122":3,"123":3,"124":14,"125":22,"126":22,"127":2,"128":20,"129":22,"130":20,"131":20,"132":20,"133":22,"134":22,"135":22,"136":22,"137":22,"138":22,"139":175,"140":5,"141":7,"142":5,"143":12,"144":5,"145":5,"146":5,"147":5,"148":175,"149":11,"150":1,"151":10,"152":0,"153":0,"154":0,"155":0,"156":10,"157":2,"158":2,"159":4,"160":2,"161":2,"162":8,"163":7,"164":7,"165":7,"166":7,"167":13,"168":7,"169":6,"170":175,"171":4,"172":0,"173":4,"174":4,"175":4,"176":4,"177":4,"178":4,"179":4,"180":4,"181":175,"182":6,"183":175,"184":5,"185":6,"186":5,"187":1,"188":175,"189":3,"190":3,"191":3,"192":175,"193":4,"194":4,"195":4,"196":3,"197":1,"198":175,"199":3,"200":3,"201":3,"202":2,"203":1,"204":175,"205":1,"206":1,"207":175,"208":4,"209":2,"210":2,"211":1,"212":1,"213":175,"214":3,"215":1,"216":1,"217":175,"218":2,"219":1,"220":1,"221":175,"222":4,"223":3,"224":3,"225":3,"226":1,"227":2,"228":3,"229":3,"230":3,"231":175,"232":0,"233":175},"f":{"0":175,"1":42,"2":39,"3":2,"4":14,"5":1,"6":2,"7":38,"8":43,"9":60,"10":251,"11":155,"12":41,"13":51,"14":41,"15":49,"16":0,"17":23,"18":0,"19":1,"20":0,"21":0,"22":0,"23":7,"24":3,"25":76,"26":53,"27":0,"28":1,"29":2,"30":182,"31":7,"32":17,"33":36,"34":15,"35":36,"36":14,"37":22,"38":5,"39":7,"40":12,"41":11,"42":4,"43":13,"44":4,"45":6,"46":5,"47":6,"48":3,"49":3,"50":4,"51":3,"52":1,"53":4,"54":3,"55":2,"56":4,"57":3,"58":0},"b":{"0":[175],"1":[175],"2":[26,149],"3":[38,0],"4":[3,40],"5":[36,5],"6":[41,10],"7":[6,17],"8":[0,0],"9":[0,0,0],"10":[0,0],"11":[0,53],"12":[0,53],"13":[53,47],"14":[47,6],"15":[44,3],"16":[47,44],"17":[0,3],"18":[3,0],"19":[7,0],"20":[30,6],"21":[15,9],"22":[36,25],"23":[3,33],"24":[3,1],"25":[14,22],"26":[11,3],"27":[14,11],"28":[3,0],"29":[2,20],"30":[22,3],"31":[20,2],"32":[5,0],"33":[1,10],"34":[0,10],"35":[2,8],"36":[7,1],"37":[7,0],"38":[7,6],"39":[0,4],"40":[4,4],"41":[4,0],"42":[4,0],"43":[5,1],"44":[3,1],"45":[2,1],"46":[2,2],"47":[1,1],"48":[2,1],"49":[1,2],"50":[3,2],"51":[1,1],"52":[2,1],"53":[3,1],"54":[1,2],"55":[3,2,1]},"meta":{"lastBranch":56,"lastFunction":59,"lastStatement":234,"seen":{"f:21:0:21:25":0,"s:31:6:31:Infinity":0,"b:24:17:24:Infinity":0,"b:27:18:27:Infinity":1,"s:32:8:32:Infinity":1,"s:34:8:40:Infinity":2,"f:35:38:35:39":1,"s:35:49:39:6":3,"s:41:8:41:Infinity":4,"s:42:8:42:Infinity":5,"s:44:8:44:Infinity":6,"s:46:8:46:Infinity":7,"b:46:55:46:95:46:95:46:96":2,"s:48:8:48:Infinity":8,"s:50:8:50:Infinity":9,"s:51:8:51:Infinity":10,"s:53:8:53:Infinity":11,"s:55:8:55:Infinity":12,"s:56:8:56:Infinity":13,"s:57:8:57:Infinity":14,"s:60:19:66:Infinity":15,"f:60:19:60:20":2,"s:61:4:61:Infinity":16,"s:63:4:65:Infinity":17,"f:63:15:63:21":3,"s:64:6:64:Infinity":18,"s:69:20:76:Infinity":19,"f:69:20:69:21":4,"s:70:4:70:Infinity":20,"s:71:4:71:Infinity":21,"s:73:4:75:Infinity":22,"f:73:15:73:21":5,"s:74:6:74:Infinity":23,"s:78:8:80:Infinity":24,"f:78:25:78:32":6,"s:78:32:80:4":25,"s:83:8:83:Infinity":26,"f:83:30:83:36":7,"s:83:36:83:55":27,"b:83:36:83:53:83:53:83:55":3,"s:85:8:98:Infinity":28,"f:85:33:85:39":8,"b:86:4:88:Infinity:undefined:undefined:undefined:undefined":4,"s:86:4:88:Infinity":29,"s:87:6:87:Infinity":30,"s:91:17:94:Infinity":31,"s:96:20:96:Infinity":32,"s:97:4:97:Infinity":33,"f:97:23:97:24":9,"s:97:35:97:46":34,"s:100:8:100:Infinity":35,"f:100:29:100:35":10,"s:100:35:100:75":36,"f:100:54:100:55":11,"s:100:64:100:74":37,"s:103:8:107:Infinity":38,"s:110:33:119:Infinity":39,"f:110:33:110:39":12,"b:111:4:111:Infinity:undefined:undefined:undefined:undefined":5,"s:111:4:111:Infinity":40,"s:111:32:111:Infinity":41,"s:113:17:113:Infinity":42,"s:114:4:118:Infinity":43,"s:122:2:129:Infinity":44,"f:122:25:122:26":13,"b:123:4:128:Infinity:undefined:undefined:undefined:undefined":6,"s:123:4:128:Infinity":45,"s:125:6:127:Infinity":46,"f:125:15:125:21":14,"s:126:8:126:Infinity":47,"s:132:2:135:Infinity":48,"f:132:12:132:18":15,"s:133:4:133:Infinity":49,"s:134:4:134:Infinity":50,"s:137:2:140:Infinity":51,"f:137:14:137:20":16,"s:138:4:138:Infinity":52,"s:139:4:139:Infinity":53,"s:142:16:146:Infinity":54,"f:142:16:142:22":17,"b:143:4:145:Infinity:undefined:undefined:undefined:undefined":7,"s:143:4:145:Infinity":55,"s:144:8:144:Infinity":56,"s:149:27:153:Infinity":57,"f:149:27:149:33":18,"b:150:4:152:Infinity:undefined:undefined:undefined:undefined":8,"s:150:4:152:Infinity":58,"b:150:8:150:24:150:24:150:60:150:60:150:78":9,"s:151:6:151:Infinity":59,"s:156:26:160:Infinity":60,"f:156:26:156:32":19,"s:157:4:157:Infinity":61,"s:158:4:158:Infinity":62,"s:159:4:159:Infinity":63,"s:163:40:166:Infinity":64,"f:163:40:163:46":20,"s:164:4:164:Infinity":65,"s:165:4:165:Infinity":66,"s:169:31:178:Infinity":67,"f:169:31:169:32":21,"s:170:4:170:Infinity":68,"s:171:4:177:Infinity":69,"f:171:40:171:41":22,"b:172:6:175:Infinity:undefined:undefined:undefined:undefined":10,"s:172:6:175:Infinity":70,"s:173:39:173:Infinity":71,"s:174:8:174:Infinity":72,"s:176:6:176:Infinity":73,"s:180:28:187:Infinity":74,"f:180:28:180:34":23,"s:182:4:182:Infinity":75,"f:182:40:182:41":24,"s:182:68:182:72":76,"s:184:4:184:Infinity":77,"s:185:4:185:Infinity":78,"s:186:4:186:Infinity":79,"s:189:2:191:Infinity":80,"f:189:19:189:20":25,"s:190:4:190:Infinity":81,"s:193:2:215:Infinity":82,"f:193:15:193:16":26,"b:194:4:197:Infinity:undefined:undefined:undefined:undefined":11,"s:194:4:197:Infinity":83,"s:195:6:195:Infinity":84,"s:196:6:196:Infinity":85,"f:196:42:196:43":27,"s:196:70:196:74":86,"b:200:4:202:Infinity:undefined:undefined:undefined:undefined":12,"s:200:4:202:Infinity":87,"b:200:8:200:20:200:20:200:50":13,"s:201:6:201:Infinity":88,"b:204:4:214:Infinity:212:11:214:Infinity":14,"s:204:4:214:Infinity":89,"s:205:6:205:Infinity":90,"b:207:6:211:Infinity:209:6:211:Infinity":15,"s:207:6:211:Infinity":91,"b:207:10:207:25:207:25:207:46":16,"s:208:8:208:Infinity":92,"b:209:6:211:Infinity:undefined:undefined:undefined:undefined":17,"s:209:6:211:Infinity":93,"b:209:17:209:32:209:32:209:53":18,"s:210:8:210:Infinity":94,"s:213:6:213:Infinity":95,"s:217:2:223:Infinity":96,"f:217:22:217:23":28,"s:218:4:222:Infinity":97,"f:218:40:218:41":29,"s:219:6:221:Infinity":98,"s:226:2:239:Infinity":99,"f:227:4:227:10":30,"s:227:10:227:Infinity":100,"f:228:4:228:5":31,"b:229:6:236:Infinity:undefined:undefined:undefined:undefined":19,"s:229:6:236:Infinity":101,"s:230:8:234:Infinity":102,"f:230:62:230:63":32,"s:230:73:234:10":103,"s:235:8:235:Infinity":104,"s:242:20:249:Infinity":105,"f:242:20:242:21":33,"s:243:19:243:Infinity":106,"s:244:28:246:Infinity":107,"b:245:8:245:Infinity:246:8:246:Infinity":20,"f:245:29:245:30":34,"s:245:38:245:80":108,"b:245:38:245:59:245:59:245:80":21,"s:247:23:247:Infinity":109,"s:248:4:248:Infinity":110,"b:248:11:248:30:248:30:248:Infinity":22,"s:252:47:299:Infinity":111,"f:252:47:252:48":35,"s:253:20:253:Infinity":112,"s:254:10:254:Infinity":113,"b:256:4:260:Infinity:258:11:260:Infinity":23,"s:256:4:260:Infinity":114,"s:257:6:257:Infinity":115,"b:257:18:257:51:257:51:257:Infinity":24,"s:259:6:259:Infinity":116,"b:262:4:272:Infinity:undefined:undefined:undefined:undefined":25,"s:262:4:272:Infinity":117,"s:263:26:265:Infinity":118,"f:264:8:264:9":36,"s:264:17:264:Infinity":119,"b:266:6:270:Infinity:268:6:270:Infinity":26,"s:266:6:270:Infinity":120,"b:266:10:266:25:266:25:266:43":27,"s:267:8:267:Infinity":121,"b:268:6:270:Infinity:undefined:undefined:undefined:undefined":28,"s:268:6:270:Infinity":122,"s:269:8:269:Infinity":123,"s:271:6:271:Infinity":124,"s:274:17:274:Infinity":125,"b:276:4:280:Infinity:278:11:280:Infinity":29,"s:276:4:280:Infinity":126,"b:276:8:276:33:276:33:276:59":30,"s:277:6:277:Infinity":127,"s:279:6:279:Infinity":128,"b:282:4:291:Infinity:undefined:undefined:undefined:undefined":31,"s:282:4:291:Infinity":129,"s:283:6:287:Infinity":130,"s:289:24:289:Infinity":131,"s:290:6:290:Infinity":132,"s:293:4:293:Infinity":133,"s:294:4:294:Infinity":134,"s:295:4:295:Infinity":135,"s:296:4:296:Infinity":136,"s:298:4:298:Infinity":137,"f:298:13:298:19":37,"s:298:19:298:26":138,"s:302:48:311:Infinity":139,"f:302:48:302:49":38,"s:303:23:303:Infinity":140,"f:303:43:303:44":39,"s:303:50:303:61":141,"s:304:4:304:Infinity":142,"f:304:43:304:44":40,"s:304:50:304:61":143,"s:305:4:305:Infinity":144,"b:307:4:310:Infinity:undefined:undefined:undefined:undefined":32,"s:307:4:310:Infinity":145,"s:308:28:308:Infinity":146,"s:309:6:309:Infinity":147,"s:313:35:347:Infinity":148,"f:313:35:313:41":41,"b:314:4:316:Infinity:undefined:undefined:undefined:undefined":33,"s:314:4:316:Infinity":149,"s:315:6:315:Infinity":150,"b:318:4:323:Infinity:undefined:undefined:undefined:undefined":34,"s:318:4:323:Infinity":151,"s:319:6:319:Infinity":152,"s:320:6:320:Infinity":153,"s:321:6:321:Infinity":154,"s:322:6:322:Infinity":155,"b:325:4:346:Infinity:330:4:346:Infinity":35,"s:325:4:346:Infinity":156,"s:326:18:326:Infinity":157,"s:327:6:327:Infinity":158,"f:327:45:327:46":42,"s:327:52:327:67":159,"s:328:6:328:Infinity":160,"s:329:6:329:Infinity":161,"b:330:4:346:Infinity:undefined:undefined:undefined:undefined":36,"s:330:4:346:Infinity":162,"s:331:18:331:Infinity":163,"b:332:6:345:Infinity:undefined:undefined:undefined:undefined":37,"s:332:6:345:Infinity":164,"s:333:8:335:Infinity":165,"s:336:8:344:Infinity":166,"f:336:44:336:45":43,"b:337:10:343:Infinity:341:17:343:Infinity":38,"s:337:10:343:Infinity":167,"s:338:12:340:Infinity":168,"s:342:12:342:Infinity":169,"s:350:55:378:Infinity":170,"f:350:55:350:56":44,"b:352:4:354:Infinity:undefined:undefined:undefined:undefined":39,"s:352:4:354:Infinity":171,"b:352:8:352:23:352:23:352:46":40,"s:353:6:353:Infinity":172,"s:357:4:357:Infinity":173,"s:358:4:358:Infinity":174,"s:361:17:361:Infinity":175,"b:363:4:377:Infinity:undefined:undefined:undefined:undefined":41,"s:363:4:377:Infinity":176,"s:364:12:371:Infinity":177,"b:373:6:376:Infinity:undefined:undefined:undefined:undefined":42,"s:373:6:376:Infinity":178,"s:374:8:374:Infinity":179,"s:375:8:375:Infinity":180,"s:380:23:380:Infinity":181,"f:380:23:380:29":45,"s:380:29:380:Infinity":182,"s:382:64:393:Infinity":183,"f:382:64:382:65":46,"s:383:4:392:Infinity":184,"f:383:40:383:41":47,"b:384:6:391:Infinity:389:13:391:Infinity":43,"s:384:6:391:Infinity":185,"s:385:8:388:Infinity":186,"s:390:8:390:Infinity":187,"s:395:57:400:Infinity":188,"f:395:57:395:58":48,"s:396:4:396:Infinity":189,"s:397:4:399:Infinity":190,"f:397:13:397:19":49,"s:398:6:398:Infinity":191,"s:402:56:412:Infinity":192,"f:402:56:402:57":50,"s:403:4:403:Infinity":193,"s:405:10:405:Infinity":194,"b:407:4:411:Infinity:409:11:411:Infinity":44,"s:407:4:411:Infinity":195,"s:408:6:408:Infinity":196,"s:410:6:410:Infinity":197,"s:414:54:424:Infinity":198,"f:414:54:414:55":51,"s:415:4:415:Infinity":199,"s:417:10:417:Infinity":200,"b:419:4:423:Infinity:421:11:423:Infinity":45,"s:419:4:423:Infinity":201,"s:420:6:420:Infinity":202,"s:422:6:422:Infinity":203,"s:426:39:429:Infinity":204,"f:426:39:426:45":52,"s:427:4:427:Infinity":205,"s:428:4:428:Infinity":206,"s:431:58:439:Infinity":207,"f:431:58:431:59":53,"b:432:4:434:Infinity:undefined:undefined:undefined:undefined":46,"s:432:4:434:Infinity":208,"s:433:6:433:Infinity":209,"b:435:4:438:Infinity:undefined:undefined:undefined:undefined":47,"s:435:4:438:Infinity":210,"b:435:8:435:29:435:29:435:43":48,"s:436:6:436:Infinity":211,"s:437:6:437:Infinity":212,"s:442:53:447:Infinity":213,"f:442:53:442:54":54,"b:443:4:446:Infinity:undefined:undefined:undefined:undefined":49,"s:443:4:446:Infinity":214,"b:443:8:443:33:443:33:443:65":50,"s:444:6:444:Infinity":215,"s:445:6:445:Infinity":216,"s:450:52:455:Infinity":217,"f:450:52:450:53":55,"b:451:4:454:Infinity:undefined:undefined:undefined:undefined":51,"s:451:4:454:Infinity":218,"b:451:8:451:33:451:33:451:65":52,"s:452:6:452:Infinity":219,"s:453:6:453:Infinity":220,"s:458:52:479:Infinity":221,"f:458:52:458:53":56,"b:459:4:478:Infinity:undefined:undefined:undefined:undefined":53,"s:459:4:478:Infinity":222,"s:460:6:460:Infinity":223,"s:461:27:461:Infinity":224,"b:462:6:472:Infinity:469:13:472:Infinity":54,"s:462:6:472:Infinity":225,"b:463:8:463:Infinity:464:8:464:Infinity:465:8:465:Infinity":55,"s:468:8:468:Infinity":226,"s:471:8:471:Infinity":227,"s:474:6:477:Infinity":228,"f:474:17:474:23":57,"s:475:28:475:Infinity":229,"s:476:8:476:Infinity":230,"s:481:50:483:Infinity":231,"f:481:50:481:56":58,"s:482:4:482:Infinity":232,"s:485:2:519:Infinity":233}}}
,"/Users/prabhu/code/smart-tagz/src/components/SuggestPane.vue": {"path":"/Users/prabhu/code/smart-tagz/src/components/SuggestPane.vue","statementMap":{"0":{"start":{"line":55,"column":5},"end":{"line":132,"column":null}},"1":{"start":{"line":60,"column":21},"end":{"line":60,"column":null}},"2":{"start":{"line":81,"column":22},"end":{"line":83,"column":null}},"3":{"start":{"line":91,"column":10},"end":{"line":91,"column":null}},"4":{"start":{"line":92,"column":28},"end":{"line":92,"column":null}},"5":{"start":{"line":92,"column":46},"end":{"line":92,"column":null}},"6":{"start":{"line":93,"column":10},"end":{"line":93,"column":null}},"7":{"start":{"line":96,"column":4},"end":{"line":102,"column":null}},"8":{"start":{"line":97,"column":12},"end":{"line":97,"column":null}},"9":{"start":{"line":99,"column":8},"end":{"line":99,"column":null}},"10":{"start":{"line":105,"column":24},"end":{"line":111,"column":null}},"11":{"start":{"line":106,"column":6},"end":{"line":106,"column":null}},"12":{"start":{"line":107,"column":27},"end":{"line":107,"column":null}},"13":{"start":{"line":108,"column":6},"end":{"line":110,"column":null}},"14":{"start":{"line":109,"column":8},"end":{"line":109,"column":null}},"15":{"start":{"line":114,"column":27},"end":{"line":122,"column":null}},"16":{"start":{"line":115,"column":6},"end":{"line":115,"column":null}},"17":{"start":{"line":115,"column":18},"end":{"line":115,"column":null}},"18":{"start":{"line":118,"column":27},"end":{"line":118,"column":null}},"19":{"start":{"line":119,"column":20},"end":{"line":119,"column":null}},"20":{"start":{"line":121,"column":6},"end":{"line":121,"column":null}},"21":{"start":{"line":124,"column":4},"end":{"line":130,"column":null}},"22":{"start":{"line":46,"column":13},"end":{"line":46,"column":46}},"23":{"start":{"line":31,"column":24},"end":{"line":31,"column":null}}},"fnMap":{"0":{"name":"(anonymous_0)","decl":{"start":{"line":60,"column":15},"end":{"line":60,"column":21}},"loc":{"start":{"line":60,"column":21},"end":{"line":60,"column":null}},"line":60},"1":{"name":"(anonymous_1)","decl":{"start":{"line":81,"column":15},"end":{"line":81,"column":22}},"loc":{"start":{"line":81,"column":22},"end":{"line":83,"column":null}},"line":81},"2":{"name":"(anonymous_2)","decl":{"start":{"line":90,"column":2},"end":{"line":90,"column":8}},"loc":{"start":{"line":90,"column":15},"end":{"line":131,"column":null}},"line":90},"3":{"name":"(anonymous_3)","decl":{"start":{"line":92,"column":28},"end":{"line":92,"column":29}},"loc":{"start":{"line":92,"column":46},"end":{"line":92,"column":null}},"line":92},"4":{"name":"(anonymous_4)","decl":{"start":{"line":97,"column":6},"end":{"line":97,"column":12}},"loc":{"start":{"line":97,"column":12},"end":{"line":97,"column":null}},"line":97},"5":{"name":"(anonymous_5)","decl":{"start":{"line":98,"column":6},"end":{"line":98,"column":7}},"loc":{"start":{"line":98,"column":20},"end":{"line":100,"column":null}},"line":98},"6":{"name":"(anonymous_6)","decl":{"start":{"line":105,"column":24},"end":{"line":105,"column":25}},"loc":{"start":{"line":105,"column":50},"end":{"line":111,"column":null}},"line":105},"7":{"name":"(anonymous_7)","decl":{"start":{"line":114,"column":27},"end":{"line":114,"column":28}},"loc":{"start":{"line":114,"column":68},"end":{"line":122,"column":null}},"line":114},"8":{"name":"(anonymous_8)","decl":{"start":{"line":31,"column":22},"end":{"line":31,"column":24}},"loc":{"start":{"line":31,"column":24},"end":{"line":31,"column":null}},"line":31}},"branchMap":{"0":{"loc":{"start":{"line":92,"column":46},"end":{"line":92,"column":null}},"type":"binary-expr","locations":[{"start":{"line":92,"column":46},"end":{"line":92,"column":67}},{"start":{"line":92,"column":67},"end":{"line":92,"column":null}}],"line":92},"1":{"loc":{"start":{"line":108,"column":6},"end":{"line":110,"column":null}},"type":"if","locations":[{"start":{"line":108,"column":6},"end":{"line":110,"column":null}},{"start":{},"end":{}}],"line":108},"2":{"loc":{"start":{"line":115,"column":6},"end":{"line":115,"column":null}},"type":"if","locations":[{"start":{"line":115,"column":6},"end":{"line":115,"column":null}},{"start":{},"end":{}}],"line":115}},"s":{"0":2,"1":0,"2":31,"3":38,"4":38,"5":7,"6":38,"7":38,"8":39,"9":39,"10":38,"11":2,"12":2,"13":2,"14":2,"15":38,"16":1112,"17":0,"18":1112,"19":1112,"20":1112,"21":38,"22":2,"23":0},"f":{"0":0,"1":31,"2":38,"3":7,"4":39,"5":39,"6":2,"7":1112,"8":0},"b":{"0":[7,6],"1":[2,0],"2":[0,1112]},"meta":{"lastBranch":0,"lastFunction":0,"lastStatement":0,"seen":{}}}
,"/Users/prabhu/code/smart-tagz/src/components/Tag.vue": {"path":"/Users/prabhu/code/smart-tagz/src/components/Tag.vue","statementMap":{"0":{"start":{"line":54,"column":5},"end":{"line":162,"column":null}},"1":{"start":{"line":67,"column":22},"end":{"line":71,"column":null}},"2":{"start":{"line":96,"column":22},"end":{"line":99,"column":null}},"3":{"start":{"line":107,"column":29},"end":{"line":107,"column":null}},"4":{"start":{"line":110,"column":10},"end":{"line":110,"column":null}},"5":{"start":{"line":111,"column":10},"end":{"line":111,"column":null}},"6":{"start":{"line":112,"column":10},"end":{"line":112,"column":null}},"7":{"start":{"line":113,"column":10},"end":{"line":113,"column":null}},"8":{"start":{"line":115,"column":25},"end":{"line":115,"column":null}},"9":{"start":{"line":115,"column":41},"end":{"line":115,"column":null}},"10":{"start":{"line":116,"column":33},"end":{"line":116,"column":null}},"11":{"start":{"line":116,"column":39},"end":{"line":116,"column":null}},"12":{"start":{"line":117,"column":30},"end":{"line":126,"column":null}},"13":{"start":{"line":118,"column":6},"end":{"line":120,"column":null}},"14":{"start":{"line":119,"column":8},"end":{"line":119,"column":null}},"15":{"start":{"line":121,"column":6},"end":{"line":121,"column":null}},"16":{"start":{"line":123,"column":6},"end":{"line":125,"column":null}},"17":{"start":{"line":124,"column":8},"end":{"line":124,"column":null}},"18":{"start":{"line":128,"column":27},"end":{"line":131,"column":null}},"19":{"start":{"line":129,"column":6},"end":{"line":129,"column":null}},"20":{"start":{"line":130,"column":6},"end":{"line":130,"column":null}},"21":{"start":{"line":133,"column":25},"end":{"line":135,"column":null}},"22":{"start":{"line":134,"column":6},"end":{"line":134,"column":null}},"23":{"start":{"line":137,"column":10},"end":{"line":137,"column":null}},"24":{"start":{"line":137,"column":43},"end":{"line":137,"column":94}},"25":{"start":{"line":139,"column":10},"end":{"line":139,"column":null}},"26":{"start":{"line":139,"column":44},"end":{"line":139,"column":59}},"27":{"start":{"line":141,"column":10},"end":{"line":146,"column":null}},"28":{"start":{"line":142,"column":6},"end":{"line":145,"column":null}},"29":{"start":{"line":148,"column":4},"end":{"line":160,"column":null}},"30":{"start":{"line":22,"column":15},"end":{"line":22,"column":null}},"31":{"start":{"line":25,"column":13},"end":{"line":25,"column":null}},"32":{"start":{"line":26,"column":20},"end":{"line":26,"column":34}},"33":{"start":{"line":27,"column":18},"end":{"line":27,"column":30}},"34":{"start":{"line":32,"column":17},"end":{"line":32,"column":null}},"35":{"start":{"line":41,"column":14},"end":{"line":41,"column":null}}},"fnMap":{"0":{"name":"(anonymous_0)","decl":{"start":{"line":67,"column":15},"end":{"line":67,"column":22}},"loc":{"start":{"line":67,"column":22},"end":{"line":71,"column":null}},"line":67},"1":{"name":"(anonymous_1)","decl":{"start":{"line":96,"column":15},"end":{"line":96,"column":22}},"loc":{"start":{"line":96,"column":22},"end":{"line":99,"column":null}},"line":96},"2":{"name":"(anonymous_2)","decl":{"start":{"line":107,"column":23},"end":{"line":107,"column":29}},"loc":{"start":{"line":107,"column":29},"end":{"line":107,"column":null}},"line":107},"3":{"name":"(anonymous_3)","decl":{"start":{"line":109,"column":2},"end":{"line":109,"column":8}},"loc":{"start":{"line":109,"column":25},"end":{"line":161,"column":null}},"line":109},"4":{"name":"(anonymous_4)","decl":{"start":{"line":115,"column":25},"end":{"line":115,"column":26}},"loc":{"start":{"line":115,"column":41},"end":{"line":115,"column":null}},"line":115},"5":{"name":"(anonymous_5)","decl":{"start":{"line":116,"column":33},"end":{"line":116,"column":39}},"loc":{"start":{"line":116,"column":39},"end":{"line":116,"column":null}},"line":116},"6":{"name":"(anonymous_6)","decl":{"start":{"line":117,"column":30},"end":{"line":117,"column":36}},"loc":{"start":{"line":117,"column":36},"end":{"line":126,"column":null}},"line":117},"7":{"name":"(anonymous_7)","decl":{"start":{"line":123,"column":15},"end":{"line":123,"column":21}},"loc":{"start":{"line":123,"column":21},"end":{"line":125,"column":7}},"line":123},"8":{"name":"(anonymous_8)","decl":{"start":{"line":128,"column":27},"end":{"line":128,"column":33}},"loc":{"start":{"line":128,"column":33},"end":{"line":131,"column":null}},"line":128},"9":{"name":"(anonymous_9)","decl":{"start":{"line":133,"column":25},"end":{"line":133,"column":31}},"loc":{"start":{"line":133,"column":31},"end":{"line":135,"column":null}},"line":133},"10":{"name":"(anonymous_10)","decl":{"start":{"line":137,"column":37},"end":{"line":137,"column":43}},"loc":{"start":{"line":137,"column":43},"end":{"line":137,"column":94}},"line":137},"11":{"name":"(anonymous_11)","decl":{"start":{"line":139,"column":38},"end":{"line":139,"column":44}},"loc":{"start":{"line":139,"column":44},"end":{"line":139,"column":59}},"line":139},"12":{"name":"(anonymous_12)","decl":{"start":{"line":141,"column":27},"end":{"line":141,"column":33}},"loc":{"start":{"line":141,"column":33},"end":{"line":146,"column":5}},"line":141},"13":{"name":"(anonymous_13)","decl":{"start":{"line":21,"column":10},"end":{"line":21,"column":null}},"loc":{"start":{"line":22,"column":15},"end":{"line":22,"column":null}},"line":22},"14":{"name":"(anonymous_14)","decl":{"start":{"line":25,"column":11},"end":{"line":25,"column":13}},"loc":{"start":{"line":25,"column":13},"end":{"line":25,"column":null}},"line":25},"15":{"name":"(anonymous_15)","decl":{"start":{"line":26,"column":12},"end":{"line":26,"column":20}},"loc":{"start":{"line":26,"column":20},"end":{"line":26,"column":34}},"line":26},"16":{"name":"(anonymous_16)","decl":{"start":{"line":26,"column":34},"end":{"line":26,"column":null}},"loc":{"start":{"line":27,"column":18},"end":{"line":27,"column":30}},"line":27},"17":{"name":"(anonymous_17)","decl":{"start":{"line":32,"column":15},"end":{"line":32,"column":17}},"loc":{"start":{"line":32,"column":17},"end":{"line":32,"column":null}},"line":32},"18":{"name":"(anonymous_18)","decl":{"start":{"line":41,"column":12},"end":{"line":41,"column":14}},"loc":{"start":{"line":41,"column":14},"end":{"line":41,"column":null}},"line":41}},"branchMap":{"0":{"loc":{"start":{"line":118,"column":6},"end":{"line":120,"column":null}},"type":"if","locations":[{"start":{"line":118,"column":6},"end":{"line":120,"column":null}},{"start":{},"end":{}}],"line":118},"1":{"loc":{"start":{"line":118,"column":10},"end":{"line":118,"column":45}},"type":"binary-expr","locations":[{"start":{"line":118,"column":10},"end":{"line":118,"column":29}},{"start":{"line":118,"column":29},"end":{"line":118,"column":45}}],"line":118},"2":{"loc":{"start":{"line":137,"column":43},"end":{"line":137,"column":94}},"type":"binary-expr","locations":[{"start":{"line":137,"column":43},"end":{"line":137,"column":61}},{"start":{"line":137,"column":61},"end":{"line":137,"column":79}},{"start":{"line":137,"column":79},"end":{"line":137,"column":94}}],"line":137},"3":{"loc":{"start":{"line":143,"column":20},"end":{"line":143,"column":null}},"type":"cond-expr","locations":[{"start":{"line":143,"column":41},"end":{"line":143,"column":53}},{"start":{"line":143,"column":53},"end":{"line":143,"column":null}}],"line":143},"4":{"loc":{"start":{"line":3,"column":25},"end":{"line":4,"column":79}},"type":"cond-expr","locations":[{"start":{"line":4,"column":37},"end":{"line":4,"column":79}},{"start":{"line":4,"column":37},"end":{"line":4,"column":79}}],"line":3},"5":{"loc":{"start":{"line":10,"column":17},"end":{"line":10,"column":null}},"type":"cond-expr","locations":[{"start":{"line":10,"column":26},"end":{"line":10,"column":72}},{"start":{"line":10,"column":72},"end":{"line":10,"column":null}}],"line":10},"6":{"loc":{"start":{"line":13,"column":11},"end":{"line":13,"column":null}},"type":"binary-expr","locations":[{"start":{"line":13,"column":11},"end":{"line":13,"column":24}},{"start":{"line":13,"column":24},"end":{"line":13,"column":null}}],"line":13},"7":{"loc":{"start":{"line":20,"column":12},"end":{"line":34,"column":null}},"type":"cond-expr","locations":[{"start":{"line":20,"column":12},"end":{"line":22,"column":null}},{"start":{"line":22,"column":20},"end":{"line":34,"column":null}}],"line":20},"8":{"loc":{"start":{"line":21,"column":10},"end":{"line":22,"column":null}},"type":"binary-expr","locations":[{"start":{"line":21,"column":10},"end":{"line":21,"column":null}},{"start":{"line":21,"column":10},"end":{"line":22,"column":null}}],"line":21},"9":{"loc":{"start":{"line":25,"column":11},"end":{"line":25,"column":null}},"type":"binary-expr","locations":[{"start":{"line":25,"column":11},"end":{"line":25,"column":13}},{"start":{"line":25,"column":11},"end":{"line":25,"column":null}}],"line":25},"10":{"loc":{"start":{"line":25,"column":13},"end":{"line":25,"column":null}},"type":"binary-expr","locations":[{"start":{"line":25,"column":13},"end":{"line":25,"column":null}},{"start":{"line":25,"column":13},"end":{"line":25,"column":null}}],"line":25},"11":{"loc":{"start":{"line":26,"column":12},"end":{"line":26,"column":null}},"type":"binary-expr","locations":[{"start":{"line":26,"column":12},"end":{"line":26,"column":20}},{"start":{"line":26,"column":12},"end":{"line":26,"column":null}}],"line":26},"12":{"loc":{"start":{"line":26,"column":20},"end":{"line":26,"column":34}},"type":"binary-expr","locations":[{"start":{"line":26,"column":20},"end":{"line":26,"column":34}},{"start":{"line":26,"column":20},"end":{"line":26,"column":34}}],"line":26},"13":{"loc":{"start":{"line":26,"column":34},"end":{"line":27,"column":null}},"type":"binary-expr","locations":[{"start":{"line":26,"column":34},"end":{"line":26,"column":null}},{"start":{"line":26,"column":34},"end":{"line":27,"column":null}}],"line":26},"14":{"loc":{"start":{"line":27,"column":18},"end":{"line":27,"column":30}},"type":"binary-expr","locations":[{"start":{"line":27,"column":18},"end":{"line":27,"column":30}},{"start":{"line":27,"column":18},"end":{"line":27,"column":30}}],"line":27},"15":{"loc":{"start":{"line":32,"column":15},"end":{"line":32,"column":null}},"type":"binary-expr","locations":[{"start":{"line":32,"column":15},"end":{"line":32,"column":17}},{"start":{"line":32,"column":15},"end":{"line":32,"column":null}}],"line":32},"16":{"loc":{"start":{"line":32,"column":17},"end":{"line":32,"column":null}},"type":"binary-expr","locations":[{"start":{"line":32,"column":17},"end":{"line":32,"column":null}},{"start":{"line":32,"column":17},"end":{"line":32,"column":null}}],"line":32},"17":{"loc":{"start":{"line":41,"column":12},"end":{"line":41,"column":null}},"type":"binary-expr","locations":[{"start":{"line":41,"column":12},"end":{"line":41,"column":14}},{"start":{"line":41,"column":12},"end":{"line":41,"column":null}}],"line":41}},"s":{"0":3,"1":44,"2":41,"3":0,"4":250,"5":250,"6":250,"7":250,"8":250,"9":6,"10":250,"11":0,"12":250,"13":16,"14":2,"15":14,"16":14,"17":14,"18":250,"19":5,"20":5,"21":250,"22":4,"23":250,"24":273,"25":250,"26":250,"27":250,"28":256,"29":250,"30":3,"31":1,"32":5,"33":3,"34":16,"35":3},"f":{"0":44,"1":41,"2":0,"3":250,"4":6,"5":0,"6":16,"7":14,"8":5,"9":4,"10":273,"11":250,"12":256,"13":3,"14":1,"15":5,"16":3,"17":16,"18":3},"b":{"0":[2,14],"1":[16,15],"2":[273,51,14],"3":[5,251],"4":[18,265],"5":[5,278],"6":[283,5],"7":[17,266],"8":[17,14],"9":[17,14],"10":[1,1],"11":[17,14],"12":[5,5],"13":[17,14],"14":[3,3],"15":[266,250],"16":[16,16],"17":[265,232]},"meta":{"lastBranch":0,"lastFunction":0,"lastStatement":0,"seen":{}}}
,"/Users/prabhu/code/smart-tagz/src/components/Tags.vue": {"path":"/Users/prabhu/code/smart-tagz/src/components/Tags.vue","statementMap":{"0":{"start":{"line":43,"column":5},"end":{"line":116,"column":null}},"1":{"start":{"line":64,"column":22},"end":{"line":64,"column":null}},"2":{"start":{"line":80,"column":22},"end":{"line":80,"column":null}},"3":{"start":{"line":96,"column":10},"end":{"line":101,"column":null}},"4":{"start":{"line":97,"column":6},"end":{"line":99,"column":null}},"5":{"start":{"line":98,"column":8},"end":{"line":98,"column":null}},"6":{"start":{"line":98,"column":40},"end":{"line":98,"column":68}},"7":{"start":{"line":100,"column":6},"end":{"line":100,"column":null}},"8":{"start":{"line":103,"column":25},"end":{"line":103,"column":null}},"9":{"start":{"line":103,"column":41},"end":{"line":103,"column":null}},"10":{"start":{"line":104,"column":23},"end":{"line":104,"column":null}},"11":{"start":{"line":104,"column":57},"end":{"line":104,"column":null}},"12":{"start":{"line":105,"column":33},"end":{"line":105,"column":null}},"13":{"start":{"line":105,"column":49},"end":{"line":105,"column":null}},"14":{"start":{"line":106,"column":40},"end":{"line":106,"column":null}},"15":{"start":{"line":106,"column":46},"end":{"line":106,"column":null}},"16":{"start":{"line":108,"column":4},"end":{"line":114,"column":null}},"17":{"start":{"line":2,"column":7},"end":{"line":2,"column":null}},"18":{"start":{"line":2,"column":2},"end":{"line":33,"column":null}},"19":{"start":{"line":12,"column":6},"end":{"line":30,"column":null}},"20":{"start":{"line":30,"column":26},"end":{"line":30,"column":null}}},"fnMap":{"0":{"name":"(anonymous_0)","decl":{"start":{"line":64,"column":15},"end":{"line":64,"column":22}},"loc":{"start":{"line":64,"column":22},"end":{"line":64,"column":null}},"line":64},"1":{"name":"(anonymous_1)","decl":{"start":{"line":80,"column":15},"end":{"line":80,"column":22}},"loc":{"start":{"line":80,"column":22},"end":{"line":80,"column":null}},"line":80},"2":{"name":"(anonymous_2)","decl":{"start":{"line":84,"column":15},"end":{"line":84,"column":21}},"loc":{"start":{"line":84,"column":21},"end":{"line":84,"column":null}},"line":84},"3":{"name":"(anonymous_3)","decl":{"start":{"line":92,"column":15},"end":{"line":92,"column":21}},"loc":{"start":{"line":92,"column":21},"end":{"line":92,"column":null}},"line":92},"4":{"name":"(anonymous_4)","decl":{"start":{"line":95,"column":2},"end":{"line":95,"column":8}},"loc":{"start":{"line":95,"column":15},"end":{"line":115,"column":null}},"line":95},"5":{"name":"(anonymous_5)","decl":{"start":{"line":96,"column":31},"end":{"line":96,"column":37}},"loc":{"start":{"line":96,"column":37},"end":{"line":101,"column":5}},"line":96},"6":{"name":"(anonymous_6)","decl":{"start":{"line":98,"column":30},"end":{"line":98,"column":31}},"loc":{"start":{"line":98,"column":40},"end":{"line":98,"column":68}},"line":98},"7":{"name":"(anonymous_7)","decl":{"start":{"line":103,"column":25},"end":{"line":103,"column":26}},"loc":{"start":{"line":103,"column":41},"end":{"line":103,"column":null}},"line":103},"8":{"name":"(anonymous_8)","decl":{"start":{"line":104,"column":23},"end":{"line":104,"column":24}},"loc":{"start":{"line":104,"column":57},"end":{"line":104,"column":null}},"line":104},"9":{"name":"(anonymous_9)","decl":{"start":{"line":105,"column":33},"end":{"line":105,"column":34}},"loc":{"start":{"line":105,"column":49},"end":{"line":105,"column":null}},"line":105},"10":{"name":"(anonymous_10)","decl":{"start":{"line":106,"column":40},"end":{"line":106,"column":46}},"loc":{"start":{"line":106,"column":46},"end":{"line":106,"column":null}},"line":106},"11":{"name":"(anonymous_11)","decl":{"start":{"line":30,"column":24},"end":{"line":30,"column":26}},"loc":{"start":{"line":30,"column":26},"end":{"line":30,"column":null}},"line":30}},"branchMap":{"0":{"loc":{"start":{"line":97,"column":6},"end":{"line":99,"column":null}},"type":"if","locations":[{"start":{"line":97,"column":6},"end":{"line":99,"column":null}},{"start":{},"end":{}}],"line":97},"1":{"loc":{"start":{"line":4,"column":13},"end":{"line":4,"column":null}},"type":"binary-expr","locations":[{"start":{"line":4,"column":13},"end":{"line":4,"column":26}},{"start":{"line":4,"column":26},"end":{"line":4,"column":null}}],"line":4}},"s":{"0":2,"1":29,"2":29,"3":80,"4":94,"5":6,"6":12,"7":88,"8":80,"9":3,"10":80,"11":0,"12":80,"13":0,"14":80,"15":0,"16":80,"17":2,"18":111,"19":211,"20":0},"f":{"0":29,"1":29,"2":0,"3":0,"4":80,"5":94,"6":12,"7":3,"8":0,"9":0,"10":0,"11":0},"b":{"0":[6,88],"1":[111,0]},"meta":{"lastBranch":0,"lastFunction":0,"lastStatement":0,"seen":{}}}
,"/Users/prabhu/code/smart-tagz/src/components/Tooltip.vue": {"path":"/Users/prabhu/code/smart-tagz/src/components/Tooltip.vue","statementMap":{"0":{"start":{"line":25,"column":15},"end":{"line":27,"column":null}},"1":{"start":{"line":40,"column":13},"end":{"line":40,"column":null}},"2":{"start":{"line":10,"column":12},"end":{"line":10,"column":40}},"3":{"start":{"line":15,"column":16},"end":{"line":15,"column":null}}},"fnMap":{"0":{"name":"(anonymous_0)","decl":{"start":{"line":15,"column":14},"end":{"line":15,"column":16}},"loc":{"start":{"line":15,"column":16},"end":{"line":15,"column":null}},"line":15}},"branchMap":{"0":{"loc":{"start":{"line":4,"column":12},"end":{"line":19,"column":36}},"type":"cond-expr","locations":[{"start":{"line":4,"column":12},"end":{"line":19,"column":36}},{"start":{"line":19,"column":33},"end":{"line":19,"column":36}}],"line":4},"1":{"loc":{"start":{"line":8,"column":18},"end":{"line":8,"column":null}},"type":"cond-expr","locations":[{"start":{"line":8,"column":25},"end":{"line":8,"column":null}},{"start":{"line":8,"column":25},"end":{"line":8,"column":null}}],"line":8},"2":{"loc":{"start":{"line":12,"column":14},"end":{"line":18,"column":15}},"type":"cond-expr","locations":[{"start":{"line":12,"column":14},"end":{"line":18,"column":15}},{"start":{"line":18,"column":6},"end":{"line":18,"column":15}}],"line":12},"3":{"loc":{"start":{"line":15,"column":14},"end":{"line":15,"column":null}},"type":"binary-expr","locations":[{"start":{"line":15,"column":14},"end":{"line":15,"column":16}},{"start":{"line":15,"column":14},"end":{"line":15,"column":null}}],"line":15},"4":{"loc":{"start":{"line":19,"column":6},"end":{"line":19,"column":36}},"type":"binary-expr","locations":[{"start":{"line":19,"column":6},"end":{"line":19,"column":11}},{"start":{"line":19,"column":6},"end":{"line":19,"column":36}}],"line":19}},"s":{"0":3,"1":426,"2":3,"3":0},"f":{"0":0},"b":{"0":[6,423],"1":[6,0],"2":[5,1],"3":[5,5],"4":[6,6]},"meta":{"lastBranch":0,"lastFunction":0,"lastStatement":0,"seen":{}}}
}
