TN:
SF:src/components/CloseIcon.vue
FNF:0
FNH:0
DA:2,4
DA:28,4
LF:2
LH:2
BRF:0
BRH:0
end_of_record
TN:
SF:src/components/HandlePaste.ts
FN:3,(anonymous_0)
FN:19,(anonymous_1)
FN:19,(anonymous_2)
FN:27,(anonymous_3)
FN:28,(anonymous_4)
FN:37,(anonymous_5)
FNF:6
FNH:6
FNDA:38,(anonymous_0)
FNDA:91,(anonymous_1)
FNDA:91,(anonymous_2)
FNDA:27,(anonymous_3)
FNDA:65,(anonymous_4)
FNDA:64,(anonymous_5)
DA:3,3
DA:11,38
DA:13,36
DA:16,36
DA:19,91
DA:21,36
DA:23,28
DA:26,28
DA:27,27
DA:28,65
DA:31,26
DA:35,28
DA:36,27
DA:37,64
DA:43,27
DA:49,8
DA:55,8
LF:17
LH:17
BRDA:11,0,0,36
BRDA:11,0,1,2
BRDA:16,1,0,36
BRDA:16,1,1,0
BRDA:21,2,0,28
BRDA:21,2,1,8
BRDA:26,3,0,26
BRDA:26,3,1,2
BRDA:35,4,0,27
BRDA:35,4,1,1
BRF:10
BRH:9
end_of_record
TN:
SF:src/components/Main.vue
FN:135,(anonymous_0)
FN:144,(anonymous_1)
FN:154,(anonymous_2)
FN:201,(anonymous_3)
FN:5,(anonymous_4)
FN:45,(anonymous_5)
FN:55,(anonymous_6)
FN:55,(anonymous_7)
FN:56,(anonymous_8)
FN:58,(anonymous_9)
FN:58,(anonymous_10)
FN:59,(anonymous_11)
FN:60,(anonymous_12)
FN:61,(anonymous_13)
FN:62,(anonymous_14)
FN:64,(anonymous_15)
FN:65,(anonymous_16)
FN:66,(anonymous_17)
FNF:18
FNH:12
FNDA:48,(anonymous_0)
FNDA:38,(anonymous_1)
FNDA:41,(anonymous_2)
FNDA:46,(anonymous_3)
FNDA:0,(anonymous_4)
FNDA:7,(anonymous_5)
FNDA:1,(anonymous_6)
FNDA:1,(anonymous_7)
FNDA:1,(anonymous_8)
FNDA:1,(anonymous_9)
FNDA:1,(anonymous_10)
FNDA:0,(anonymous_11)
FNDA:0,(anonymous_12)
FNDA:0,(anonymous_13)
FNDA:0,(anonymous_14)
FNDA:1,(anonymous_15)
FNDA:0,(anonymous_16)
FNDA:1,(anonymous_17)
DA:5,0
DA:46,7
DA:55,1
DA:56,1
DA:57,1
DA:58,1
DA:59,1
DA:60,0
DA:61,0
DA:62,0
DA:63,0
DA:64,1
DA:65,0
DA:66,1
DA:115,1
DA:135,48
DA:144,38
DA:154,41
DA:201,46
LF:19
LH:13
BRDA:5,0,0,61
BRDA:5,0,1,49
BRDA:5,1,0,0
BRDA:5,1,1,0
BRDA:20,2,0,61
BRDA:20,2,1,0
BRDA:20,3,0,61
BRDA:20,3,1,0
BRDA:20,4,0,61
BRDA:20,4,1,0
BRDA:32,5,0,77
BRDA:32,5,1,0
BRDA:32,5,2,0
BRDA:44,6,0,75
BRDA:44,6,1,2
BRDA:45,7,0,75
BRDA:45,7,1,46
BRDA:53,8,0,2
BRDA:53,8,1,73
BRDA:54,9,0,75
BRDA:54,9,1,0
BRDA:55,10,0,75
BRDA:55,10,1,46
BRDA:55,11,0,75
BRDA:55,11,1,46
BRDA:56,12,0,1
BRDA:56,12,1,1
BRDA:56,13,0,75
BRDA:56,13,1,46
BRDA:57,14,0,1
BRDA:57,14,1,1
BRDA:58,15,0,75
BRDA:58,15,1,46
BRDA:58,16,0,1
BRDA:58,16,1,1
BRDA:58,17,0,75
BRDA:58,17,1,46
BRDA:59,18,0,1
BRDA:59,18,1,1
BRDA:59,19,0,75
BRDA:59,19,1,46
BRDA:60,20,0,0
BRDA:60,20,1,0
BRDA:60,21,0,75
BRDA:60,21,1,46
BRDA:61,22,0,0
BRDA:61,22,1,0
BRDA:61,23,0,75
BRDA:61,23,1,46
BRDA:62,24,0,0
BRDA:62,24,1,0
BRDA:62,25,0,75
BRDA:62,25,1,46
BRDA:63,26,0,0
BRDA:63,26,1,0
BRDA:64,27,0,75
BRDA:64,27,1,46
BRDA:64,28,0,1
BRDA:64,28,1,1
BRDA:65,29,0,75
BRDA:65,29,1,46
BRDA:65,30,0,0
BRDA:65,30,1,0
BRDA:66,31,0,75
BRDA:66,31,1,46
BRDA:66,32,0,1
BRDA:66,32,1,1
BRF:67
BRH:49
end_of_record
TN:
SF:src/components/MainSetup.ts
FN:21,(anonymous_0)
FN:35,(anonymous_1)
FN:60,(anonymous_2)
FN:63,(anonymous_3)
FN:69,(anonymous_4)
FN:73,(anonymous_5)
FN:78,(anonymous_6)
FN:83,(anonymous_7)
FN:85,(anonymous_8)
FN:97,(anonymous_9)
FN:100,(anonymous_10)
FN:100,(anonymous_11)
FN:110,(anonymous_12)
FN:122,(anonymous_13)
FN:125,(anonymous_14)
FN:132,(anonymous_15)
FN:137,(anonymous_16)
FN:142,(anonymous_17)
FN:149,(anonymous_18)
FN:156,(anonymous_19)
FN:163,(anonymous_20)
FN:169,(anonymous_21)
FN:171,(anonymous_22)
FN:180,(anonymous_23)
FN:182,(anonymous_24)
FN:189,(anonymous_25)
FN:193,(anonymous_26)
FN:196,(anonymous_27)
FN:217,(anonymous_28)
FN:218,(anonymous_29)
FN:227,(anonymous_30)
FN:228,(anonymous_31)
FN:230,(anonymous_32)
FN:242,(anonymous_33)
FN:245,(anonymous_34)
FN:252,(anonymous_35)
FN:264,(anonymous_36)
FN:298,(anonymous_37)
FN:302,(anonymous_38)
FN:303,(anonymous_39)
FN:304,(anonymous_40)
FN:313,(anonymous_41)
FN:327,(anonymous_42)
FN:336,(anonymous_43)
FN:350,(anonymous_44)
FN:380,(anonymous_45)
FN:382,(anonymous_46)
FN:383,(anonymous_47)
FN:395,(anonymous_48)
FN:397,(anonymous_49)
FN:402,(anonymous_50)
FN:414,(anonymous_51)
FN:426,(anonymous_52)
FN:431,(anonymous_53)
FN:442,(anonymous_54)
FN:450,(anonymous_55)
FN:458,(anonymous_56)
FN:474,(anonymous_57)
FN:481,(anonymous_58)
FNF:59
FNH:52
FNDA:175,(anonymous_0)
FNDA:42,(anonymous_1)
FNDA:39,(anonymous_2)
FNDA:2,(anonymous_3)
FNDA:14,(anonymous_4)
FNDA:1,(anonymous_5)
FNDA:2,(anonymous_6)
FNDA:38,(anonymous_7)
FNDA:43,(anonymous_8)
FNDA:60,(anonymous_9)
FNDA:251,(anonymous_10)
FNDA:155,(anonymous_11)
FNDA:41,(anonymous_12)
FNDA:51,(anonymous_13)
FNDA:41,(anonymous_14)
FNDA:49,(anonymous_15)
FNDA:0,(anonymous_16)
FNDA:23,(anonymous_17)
FNDA:0,(anonymous_18)
FNDA:1,(anonymous_19)
FNDA:0,(anonymous_20)
FNDA:0,(anonymous_21)
FNDA:0,(anonymous_22)
FNDA:7,(anonymous_23)
FNDA:3,(anonymous_24)
FNDA:76,(anonymous_25)
FNDA:53,(anonymous_26)
FNDA:0,(anonymous_27)
FNDA:1,(anonymous_28)
FNDA:2,(anonymous_29)
FNDA:182,(anonymous_30)
FNDA:7,(anonymous_31)
FNDA:17,(anonymous_32)
FNDA:36,(anonymous_33)
FNDA:15,(anonymous_34)
FNDA:36,(anonymous_35)
FNDA:14,(anonymous_36)
FNDA:22,(anonymous_37)
FNDA:5,(anonymous_38)
FNDA:7,(anonymous_39)
FNDA:12,(anonymous_40)
FNDA:11,(anonymous_41)
FNDA:4,(anonymous_42)
FNDA:13,(anonymous_43)
FNDA:4,(anonymous_44)
FNDA:6,(anonymous_45)
FNDA:5,(anonymous_46)
FNDA:6,(anonymous_47)
FNDA:3,(anonymous_48)
FNDA:3,(anonymous_49)
FNDA:4,(anonymous_50)
FNDA:3,(anonymous_51)
FNDA:1,(anonymous_52)
FNDA:4,(anonymous_53)
FNDA:3,(anonymous_54)
FNDA:2,(anonymous_55)
FNDA:4,(anonymous_56)
FNDA:3,(anonymous_57)
FNDA:0,(anonymous_58)
DA:31,175
DA:32,175
DA:34,175
DA:35,42
DA:41,175
DA:42,175
DA:44,175
DA:46,175
DA:48,175
DA:50,175
DA:51,175
DA:53,175
DA:55,175
DA:56,175
DA:57,175
DA:60,175
DA:61,39
DA:63,39
DA:64,2
DA:69,175
DA:70,14
DA:71,14
DA:73,14
DA:74,1
DA:78,175
DA:83,175
DA:85,175
DA:86,43
DA:87,3
DA:91,40
DA:96,40
DA:97,60
DA:100,251
DA:103,175
DA:110,175
DA:111,41
DA:113,5
DA:114,5
DA:122,175
DA:123,51
DA:125,41
DA:126,41
DA:132,175
DA:133,49
DA:134,49
DA:137,175
DA:138,0
DA:139,0
DA:142,175
DA:143,23
DA:144,6
DA:149,175
DA:150,0
DA:151,0
DA:156,175
DA:157,1
DA:158,1
DA:159,1
DA:163,175
DA:164,0
DA:165,0
DA:169,175
DA:170,0
DA:171,0
DA:172,0
DA:173,0
DA:174,0
DA:176,0
DA:180,175
DA:182,7
DA:184,7
DA:185,7
DA:186,7
DA:189,175
DA:190,76
DA:193,175
DA:194,53
DA:195,0
DA:196,0
DA:200,53
DA:201,0
DA:204,53
DA:205,47
DA:207,47
DA:208,44
DA:209,3
DA:210,0
DA:213,6
DA:217,175
DA:218,1
DA:219,2
DA:226,175
DA:227,182
DA:229,7
DA:230,17
DA:235,7
DA:242,175
DA:243,36
DA:244,36
DA:245,15
DA:247,36
DA:248,36
DA:252,175
DA:253,36
DA:254,36
DA:256,36
DA:257,3
DA:259,33
DA:262,36
DA:263,14
DA:264,14
DA:266,14
DA:267,11
DA:268,3
DA:269,3
DA:271,14
DA:274,22
DA:276,22
DA:277,2
DA:279,20
DA:282,22
DA:283,20
DA:289,20
DA:290,20
DA:293,22
DA:294,22
DA:295,22
DA:296,22
DA:298,22
DA:302,175
DA:303,7
DA:304,12
DA:305,5
DA:307,5
DA:308,5
DA:309,5
DA:313,175
DA:314,11
DA:315,1
DA:318,10
DA:319,0
DA:320,0
DA:321,0
DA:322,0
DA:325,10
DA:326,2
DA:327,4
DA:328,2
DA:329,2
DA:330,8
DA:331,7
DA:332,7
DA:333,7
DA:336,7
DA:337,13
DA:338,7
DA:342,6
DA:350,175
DA:352,4
DA:353,0
DA:357,4
DA:358,4
DA:361,4
DA:363,4
DA:364,4
DA:373,4
DA:374,4
DA:375,4
DA:380,175
DA:382,175
DA:383,5
DA:384,6
DA:385,5
DA:390,1
DA:395,175
DA:396,3
DA:397,3
DA:398,3
DA:402,175
DA:403,4
DA:405,4
DA:407,4
DA:408,3
DA:410,1
DA:414,175
DA:415,3
DA:417,3
DA:419,3
DA:420,2
DA:422,1
DA:426,175
DA:427,1
DA:428,1
DA:431,175
DA:432,4
DA:433,2
DA:435,2
DA:436,1
DA:437,1
DA:442,175
DA:443,3
DA:444,1
DA:445,1
DA:450,175
DA:451,2
DA:452,1
DA:453,1
DA:458,175
DA:459,4
DA:460,3
DA:461,3
DA:462,3
DA:468,1
DA:471,2
DA:474,3
DA:475,3
DA:476,3
DA:481,175
DA:482,0
DA:485,175
LF:220
LH:198
BRDA:24,0,0,175
BRDA:27,1,0,175
BRDA:46,2,0,26
BRDA:46,2,1,149
BRDA:83,3,0,38
BRDA:83,3,1,0
BRDA:86,4,0,3
BRDA:86,4,1,40
BRDA:111,5,0,36
BRDA:111,5,1,5
BRDA:123,6,0,41
BRDA:123,6,1,10
BRDA:143,7,0,6
BRDA:143,7,1,17
BRDA:150,8,0,0
BRDA:150,8,1,0
BRDA:150,9,0,0
BRDA:150,9,1,0
BRDA:150,9,2,0
BRDA:172,10,0,0
BRDA:172,10,1,0
BRDA:194,11,0,0
BRDA:194,11,1,53
BRDA:200,12,0,0
BRDA:200,12,1,53
BRDA:200,13,0,53
BRDA:200,13,1,47
BRDA:204,14,0,47
BRDA:204,14,1,6
BRDA:207,15,0,44
BRDA:207,15,1,3
BRDA:207,16,0,47
BRDA:207,16,1,44
BRDA:209,17,0,0
BRDA:209,17,1,3
BRDA:209,18,0,3
BRDA:209,18,1,0
BRDA:229,19,0,7
BRDA:229,19,1,0
BRDA:244,20,0,30
BRDA:244,20,1,6
BRDA:245,21,0,15
BRDA:245,21,1,9
BRDA:248,22,0,36
BRDA:248,22,1,25
BRDA:256,23,0,3
BRDA:256,23,1,33
BRDA:257,24,0,3
BRDA:257,24,1,1
BRDA:262,25,0,14
BRDA:262,25,1,22
BRDA:266,26,0,11
BRDA:266,26,1,3
BRDA:266,27,0,14
BRDA:266,27,1,11
BRDA:268,28,0,3
BRDA:268,28,1,0
BRDA:276,29,0,2
BRDA:276,29,1,20
BRDA:276,30,0,22
BRDA:276,30,1,3
BRDA:282,31,0,20
BRDA:282,31,1,2
BRDA:307,32,0,5
BRDA:307,32,1,0
BRDA:314,33,0,1
BRDA:314,33,1,10
BRDA:318,34,0,0
BRDA:318,34,1,10
BRDA:325,35,0,2
BRDA:325,35,1,8
BRDA:330,36,0,7
BRDA:330,36,1,1
BRDA:332,37,0,7
BRDA:332,37,1,0
BRDA:337,38,0,7
BRDA:337,38,1,6
BRDA:352,39,0,0
BRDA:352,39,1,4
BRDA:352,40,0,4
BRDA:352,40,1,4
BRDA:363,41,0,4
BRDA:363,41,1,0
BRDA:373,42,0,4
BRDA:373,42,1,0
BRDA:384,43,0,5
BRDA:384,43,1,1
BRDA:407,44,0,3
BRDA:407,44,1,1
BRDA:419,45,0,2
BRDA:419,45,1,1
BRDA:432,46,0,2
BRDA:432,46,1,2
BRDA:435,47,0,1
BRDA:435,47,1,1
BRDA:435,48,0,2
BRDA:435,48,1,1
BRDA:443,49,0,1
BRDA:443,49,1,2
BRDA:443,50,0,3
BRDA:443,50,1,2
BRDA:451,51,0,1
BRDA:451,51,1,1
BRDA:451,52,0,2
BRDA:451,52,1,1
BRDA:459,53,0,3
BRDA:459,53,1,1
BRDA:462,54,0,1
BRDA:462,54,1,2
BRDA:463,55,0,3
BRDA:463,55,1,2
BRDA:463,55,2,1
BRF:112
BRH:92
end_of_record
TN:
SF:src/components/SuggestPane.vue
FN:60,(anonymous_0)
FN:81,(anonymous_1)
FN:90,(anonymous_2)
FN:92,(anonymous_3)
FN:97,(anonymous_4)
FN:98,(anonymous_5)
FN:105,(anonymous_6)
FN:114,(anonymous_7)
FN:31,(anonymous_8)
FNF:9
FNH:7
FNDA:0,(anonymous_0)
FNDA:31,(anonymous_1)
FNDA:38,(anonymous_2)
FNDA:7,(anonymous_3)
FNDA:39,(anonymous_4)
FNDA:39,(anonymous_5)
FNDA:2,(anonymous_6)
FNDA:1112,(anonymous_7)
FNDA:0,(anonymous_8)
DA:31,0
DA:46,2
DA:55,2
DA:60,0
DA:81,31
DA:91,38
DA:92,38
DA:93,38
DA:96,38
DA:97,39
DA:99,39
DA:105,38
DA:106,2
DA:107,2
DA:108,2
DA:109,2
DA:114,38
DA:115,1112
DA:118,1112
DA:119,1112
DA:121,1112
DA:124,38
LF:22
LH:20
BRDA:92,0,0,7
BRDA:92,0,1,6
BRDA:108,1,0,2
BRDA:108,1,1,0
BRDA:115,2,0,0
BRDA:115,2,1,1112
BRF:6
BRH:4
end_of_record
TN:
SF:src/components/Tag.vue
FN:67,(anonymous_0)
FN:96,(anonymous_1)
FN:107,(anonymous_2)
FN:109,(anonymous_3)
FN:115,(anonymous_4)
FN:116,(anonymous_5)
FN:117,(anonymous_6)
FN:123,(anonymous_7)
FN:128,(anonymous_8)
FN:133,(anonymous_9)
FN:137,(anonymous_10)
FN:139,(anonymous_11)
FN:141,(anonymous_12)
FN:21,(anonymous_13)
FN:25,(anonymous_14)
FN:26,(anonymous_15)
FN:26,(anonymous_16)
FN:32,(anonymous_17)
FN:41,(anonymous_18)
FNF:19
FNH:17
FNDA:44,(anonymous_0)
FNDA:41,(anonymous_1)
FNDA:0,(anonymous_2)
FNDA:250,(anonymous_3)
FNDA:6,(anonymous_4)
FNDA:0,(anonymous_5)
FNDA:16,(anonymous_6)
FNDA:14,(anonymous_7)
FNDA:5,(anonymous_8)
FNDA:4,(anonymous_9)
FNDA:273,(anonymous_10)
FNDA:250,(anonymous_11)
FNDA:256,(anonymous_12)
FNDA:3,(anonymous_13)
FNDA:1,(anonymous_14)
FNDA:5,(anonymous_15)
FNDA:3,(anonymous_16)
FNDA:16,(anonymous_17)
FNDA:3,(anonymous_18)
DA:22,3
DA:25,1
DA:26,5
DA:27,3
DA:32,16
DA:41,3
DA:54,3
DA:67,44
DA:96,41
DA:107,0
DA:110,250
DA:111,250
DA:112,250
DA:113,250
DA:115,250
DA:116,250
DA:117,250
DA:118,16
DA:119,2
DA:121,14
DA:123,14
DA:124,14
DA:128,250
DA:129,5
DA:130,5
DA:133,250
DA:134,4
DA:137,273
DA:139,250
DA:141,250
DA:142,256
DA:148,250
LF:32
LH:31
BRDA:118,0,0,2
BRDA:118,0,1,14
BRDA:118,1,0,16
BRDA:118,1,1,15
BRDA:137,2,0,273
BRDA:137,2,1,51
BRDA:137,2,2,14
BRDA:143,3,0,5
BRDA:143,3,1,251
BRDA:3,4,0,18
BRDA:3,4,1,265
BRDA:10,5,0,5
BRDA:10,5,1,278
BRDA:13,6,0,283
BRDA:13,6,1,5
BRDA:20,7,0,17
BRDA:20,7,1,266
BRDA:21,8,0,17
BRDA:21,8,1,14
BRDA:25,9,0,17
BRDA:25,9,1,14
BRDA:25,10,0,1
BRDA:25,10,1,1
BRDA:26,11,0,17
BRDA:26,11,1,14
BRDA:26,12,0,5
BRDA:26,12,1,5
BRDA:26,13,0,17
BRDA:26,13,1,14
BRDA:27,14,0,3
BRDA:27,14,1,3
BRDA:32,15,0,266
BRDA:32,15,1,250
BRDA:32,16,0,16
BRDA:32,16,1,16
BRDA:41,17,0,265
BRDA:41,17,1,232
BRF:37
BRH:37
end_of_record
TN:
SF:src/components/Tags.vue
FN:64,(anonymous_0)
FN:80,(anonymous_1)
FN:84,(anonymous_2)
FN:92,(anonymous_3)
FN:95,(anonymous_4)
FN:96,(anonymous_5)
FN:98,(anonymous_6)
FN:103,(anonymous_7)
FN:104,(anonymous_8)
FN:105,(anonymous_9)
FN:106,(anonymous_10)
FN:30,(anonymous_11)
FNF:12
FNH:6
FNDA:29,(anonymous_0)
FNDA:29,(anonymous_1)
FNDA:0,(anonymous_2)
FNDA:0,(anonymous_3)
FNDA:80,(anonymous_4)
FNDA:94,(anonymous_5)
FNDA:12,(anonymous_6)
FNDA:3,(anonymous_7)
FNDA:0,(anonymous_8)
FNDA:0,(anonymous_9)
FNDA:0,(anonymous_10)
FNDA:0,(anonymous_11)
DA:2,111
DA:12,211
DA:30,0
DA:43,2
DA:64,29
DA:80,29
DA:96,80
DA:97,94
DA:98,12
DA:100,88
DA:103,80
DA:104,80
DA:105,80
DA:106,80
DA:108,80
LF:15
LH:14
BRDA:97,0,0,6
BRDA:97,0,1,88
BRDA:4,1,0,111
BRDA:4,1,1,0
BRF:4
BRH:3
end_of_record
TN:
SF:src/components/Tooltip.vue
FN:15,(anonymous_0)
FNF:1
FNH:0
FNDA:0,(anonymous_0)
DA:10,3
DA:15,0
DA:25,3
DA:40,426
LF:4
LH:3
BRDA:4,0,0,6
BRDA:4,0,1,423
BRDA:8,1,0,6
BRDA:8,1,1,0
BRDA:12,2,0,5
BRDA:12,2,1,1
BRDA:15,3,0,5
BRDA:15,3,1,5
BRDA:19,4,0,6
BRDA:19,4,1,6
BRF:10
BRH:9
end_of_record
