TN:
SF:src/components/CloseIcon.vue
FNF:0
FNH:0
DA:2,4
DA:28,4
LF:2
LH:2
BRF:0
BRH:0
end_of_record
TN:
SF:src/components/HandlePaste.ts
FN:3,(anonymous_0)
FN:24,(anonymous_1)
FN:25,(anonymous_2)
FN:34,(anonymous_3)
FNF:4
FNH:4
FNDA:38,(anonymous_0)
FNDA:27,(anonymous_1)
FNDA:68,(anonymous_2)
FNDA:67,(anonymous_3)
DA:3,3
DA:11,38
DA:13,36
DA:16,36
DA:18,36
DA:20,28
DA:23,28
DA:24,27
DA:25,68
DA:28,26
DA:32,28
DA:33,27
DA:34,67
DA:40,27
DA:46,8
DA:52,8
LF:16
LH:16
BRDA:11,0,0,36
BRDA:11,0,1,2
BRDA:16,1,0,36
BRDA:16,1,1,0
BRDA:18,2,0,28
BRDA:18,2,1,8
BRDA:23,3,0,26
BRDA:23,3,1,2
BRDA:32,4,0,27
BRDA:32,4,1,1
BRF:10
BRH:9
end_of_record
TN:
SF:src/components/Main.vue
FN:117,(anonymous_0)
FN:126,(anonymous_1)
FN:136,(anonymous_2)
FN:183,(anonymous_3)
FN:5,(anonymous_4)
FN:39,(anonymous_5)
FN:50,(anonymous_6)
FN:50,(anonymous_7)
FN:51,(anonymous_8)
FN:53,(anonymous_9)
FN:53,(anonymous_10)
FN:54,(anonymous_11)
FN:55,(anonymous_12)
FN:56,(anonymous_13)
FN:57,(anonymous_14)
FN:59,(anonymous_15)
FN:60,(anonymous_16)
FNF:17
FNH:12
FNDA:48,(anonymous_0)
FNDA:38,(anonymous_1)
FNDA:41,(anonymous_2)
FNDA:46,(anonymous_3)
FNDA:0,(anonymous_4)
FNDA:7,(anonymous_5)
FNDA:1,(anonymous_6)
FNDA:1,(anonymous_7)
FNDA:1,(anonymous_8)
FNDA:1,(anonymous_9)
FNDA:1,(anonymous_10)
FNDA:0,(anonymous_11)
FNDA:0,(anonymous_12)
FNDA:0,(anonymous_13)
FNDA:0,(anonymous_14)
FNDA:1,(anonymous_15)
FNDA:1,(anonymous_16)
DA:5,0
DA:40,7
DA:50,1
DA:51,1
DA:52,1
DA:53,1
DA:54,1
DA:55,0
DA:56,0
DA:57,0
DA:58,0
DA:59,1
DA:60,1
DA:98,1
DA:117,48
DA:126,38
DA:136,41
DA:183,46
LF:18
LH:13
BRDA:5,0,0,61
BRDA:5,0,1,49
BRDA:5,1,0,0
BRDA:5,1,1,0
BRDA:17,2,0,61
BRDA:17,2,1,0
BRDA:17,3,0,61
BRDA:17,3,1,0
BRDA:17,4,0,61
BRDA:17,4,1,0
BRDA:26,5,0,1
BRDA:26,5,1,49
BRDA:34,6,0,72
BRDA:34,6,1,1
BRDA:87,7,0,70
BRDA:87,7,1,2
BRDA:39,8,0,70
BRDA:39,8,1,46
BRDA:48,9,0,2
BRDA:48,9,1,68
BRDA:49,10,0,70
BRDA:49,10,1,0
BRDA:50,11,0,70
BRDA:50,11,1,46
BRDA:50,12,0,70
BRDA:50,12,1,46
BRDA:51,13,0,1
BRDA:51,13,1,1
BRDA:51,14,0,70
BRDA:51,14,1,46
BRDA:52,15,0,1
BRDA:52,15,1,1
BRDA:53,16,0,70
BRDA:53,16,1,46
BRDA:53,17,0,1
BRDA:53,17,1,1
BRDA:53,18,0,70
BRDA:53,18,1,46
BRDA:54,19,0,1
BRDA:54,19,1,1
BRDA:54,20,0,70
BRDA:54,20,1,46
BRDA:55,21,0,0
BRDA:55,21,1,0
BRDA:55,22,0,70
BRDA:55,22,1,46
BRDA:56,23,0,0
BRDA:56,23,1,0
BRDA:56,24,0,70
BRDA:56,24,1,46
BRDA:57,25,0,0
BRDA:57,25,1,0
BRDA:57,26,0,70
BRDA:57,26,1,46
BRDA:58,27,0,0
BRDA:58,27,1,0
BRDA:59,28,0,70
BRDA:59,28,1,46
BRDA:59,29,0,1
BRDA:59,29,1,1
BRDA:60,30,0,70
BRDA:60,30,1,46
BRDA:60,31,0,1
BRDA:60,31,1,1
BRF:64
BRH:50
end_of_record
TN:
SF:src/components/MainSetup.ts
FN:21,(anonymous_0)
FN:35,(anonymous_1)
FN:55,(anonymous_2)
FN:58,(anonymous_3)
FN:64,(anonymous_4)
FN:68,(anonymous_5)
FN:73,(anonymous_6)
FN:77,(anonymous_7)
FN:89,(anonymous_8)
FN:92,(anonymous_9)
FN:92,(anonymous_10)
FN:94,(anonymous_11)
FN:100,(anonymous_12)
FN:102,(anonymous_13)
FN:109,(anonymous_14)
FN:113,(anonymous_15)
FN:116,(anonymous_16)
FN:132,(anonymous_17)
FN:133,(anonymous_18)
FN:141,(anonymous_19)
FN:144,(anonymous_20)
FN:151,(anonymous_21)
FN:163,(anonymous_22)
FN:197,(anonymous_23)
FN:201,(anonymous_24)
FN:202,(anonymous_25)
FN:203,(anonymous_26)
FN:212,(anonymous_27)
FN:226,(anonymous_28)
FN:235,(anonymous_29)
FN:249,(anonymous_30)
FN:274,(anonymous_31)
FN:276,(anonymous_32)
FN:277,(anonymous_33)
FN:289,(anonymous_34)
FN:291,(anonymous_35)
FN:296,(anonymous_36)
FN:308,(anonymous_37)
FN:320,(anonymous_38)
FN:325,(anonymous_39)
FN:336,(anonymous_40)
FN:344,(anonymous_41)
FN:352,(anonymous_42)
FN:368,(anonymous_43)
FNF:44
FNH:43
FNDA:149,(anonymous_0)
FNDA:30,(anonymous_1)
FNDA:39,(anonymous_2)
FNDA:2,(anonymous_3)
FNDA:14,(anonymous_4)
FNDA:1,(anonymous_5)
FNDA:2,(anonymous_6)
FNDA:79,(anonymous_7)
FNDA:42,(anonymous_8)
FNDA:218,(anonymous_9)
FNDA:126,(anonymous_10)
FNDA:23,(anonymous_11)
FNDA:7,(anonymous_12)
FNDA:3,(anonymous_13)
FNDA:69,(anonymous_14)
FNDA:44,(anonymous_15)
FNDA:0,(anonymous_16)
FNDA:1,(anonymous_17)
FNDA:2,(anonymous_18)
FNDA:36,(anonymous_19)
FNDA:15,(anonymous_20)
FNDA:36,(anonymous_21)
FNDA:14,(anonymous_22)
FNDA:22,(anonymous_23)
FNDA:5,(anonymous_24)
FNDA:7,(anonymous_25)
FNDA:12,(anonymous_26)
FNDA:11,(anonymous_27)
FNDA:4,(anonymous_28)
FNDA:13,(anonymous_29)
FNDA:4,(anonymous_30)
FNDA:7,(anonymous_31)
FNDA:5,(anonymous_32)
FNDA:6,(anonymous_33)
FNDA:3,(anonymous_34)
FNDA:3,(anonymous_35)
FNDA:4,(anonymous_36)
FNDA:3,(anonymous_37)
FNDA:1,(anonymous_38)
FNDA:4,(anonymous_39)
FNDA:3,(anonymous_40)
FNDA:2,(anonymous_41)
FNDA:4,(anonymous_42)
FNDA:3,(anonymous_43)
DA:32,149
DA:34,149
DA:35,30
DA:41,149
DA:43,149
DA:45,149
DA:47,149
DA:49,149
DA:50,149
DA:51,149
DA:52,149
DA:55,149
DA:56,39
DA:58,39
DA:59,2
DA:64,149
DA:65,14
DA:66,14
DA:68,14
DA:69,1
DA:73,149
DA:77,149
DA:78,79
DA:79,52
DA:83,27
DA:88,27
DA:89,42
DA:92,218
DA:94,149
DA:95,23
DA:96,6
DA:100,149
DA:102,7
DA:104,7
DA:105,7
DA:106,7
DA:109,149
DA:110,69
DA:113,149
DA:114,44
DA:115,0
DA:116,0
DA:119,44
DA:120,38
DA:122,38
DA:123,35
DA:124,3
DA:125,0
DA:128,6
DA:132,149
DA:133,1
DA:134,2
DA:141,149
DA:142,36
DA:143,36
DA:144,15
DA:146,36
DA:147,36
DA:151,149
DA:152,36
DA:153,36
DA:155,36
DA:156,3
DA:158,33
DA:161,36
DA:162,14
DA:163,14
DA:165,14
DA:166,11
DA:167,3
DA:168,3
DA:170,14
DA:173,22
DA:175,22
DA:176,2
DA:178,20
DA:181,22
DA:182,20
DA:188,20
DA:189,20
DA:192,22
DA:193,22
DA:194,22
DA:195,22
DA:197,22
DA:201,149
DA:202,7
DA:203,12
DA:204,5
DA:206,5
DA:207,5
DA:208,5
DA:212,149
DA:213,11
DA:214,1
DA:217,10
DA:218,0
DA:219,0
DA:220,0
DA:221,0
DA:224,10
DA:225,2
DA:226,4
DA:227,2
DA:228,2
DA:229,8
DA:230,7
DA:231,7
DA:232,7
DA:235,7
DA:236,13
DA:237,7
DA:241,6
DA:249,149
DA:251,4
DA:252,4
DA:255,4
DA:257,4
DA:258,4
DA:267,4
DA:268,4
DA:269,4
DA:274,149
DA:276,149
DA:277,5
DA:278,6
DA:279,5
DA:284,1
DA:289,149
DA:290,3
DA:291,3
DA:292,3
DA:296,149
DA:297,4
DA:299,4
DA:301,4
DA:302,3
DA:304,1
DA:308,149
DA:309,3
DA:311,3
DA:313,3
DA:314,2
DA:316,1
DA:320,149
DA:321,1
DA:322,1
DA:325,149
DA:326,4
DA:327,2
DA:329,2
DA:330,1
DA:331,1
DA:336,149
DA:337,3
DA:338,1
DA:339,1
DA:344,149
DA:345,2
DA:346,1
DA:347,1
DA:352,149
DA:353,4
DA:354,3
DA:355,3
DA:356,3
DA:362,1
DA:365,2
DA:368,3
DA:369,3
DA:370,3
DA:375,149
LF:172
LH:165
BRDA:23,0,0,149
BRDA:26,1,0,149
BRDA:45,2,0,19
BRDA:45,2,1,130
BRDA:78,3,0,52
BRDA:78,3,1,27
BRDA:95,4,0,6
BRDA:95,4,1,17
BRDA:114,5,0,0
BRDA:114,5,1,44
BRDA:119,6,0,38
BRDA:119,6,1,6
BRDA:122,7,0,35
BRDA:122,7,1,3
BRDA:122,8,0,38
BRDA:122,8,1,35
BRDA:124,9,0,0
BRDA:124,9,1,3
BRDA:124,10,0,3
BRDA:124,10,1,0
BRDA:143,11,0,30
BRDA:143,11,1,6
BRDA:144,12,0,15
BRDA:144,12,1,9
BRDA:147,13,0,36
BRDA:147,13,1,25
BRDA:155,14,0,3
BRDA:155,14,1,33
BRDA:156,15,0,3
BRDA:156,15,1,1
BRDA:161,16,0,14
BRDA:161,16,1,22
BRDA:165,17,0,11
BRDA:165,17,1,3
BRDA:165,18,0,14
BRDA:165,18,1,11
BRDA:167,19,0,3
BRDA:167,19,1,0
BRDA:175,20,0,2
BRDA:175,20,1,20
BRDA:175,21,0,22
BRDA:175,21,1,3
BRDA:181,22,0,20
BRDA:181,22,1,2
BRDA:206,23,0,5
BRDA:206,23,1,0
BRDA:213,24,0,1
BRDA:213,24,1,10
BRDA:217,25,0,0
BRDA:217,25,1,10
BRDA:224,26,0,2
BRDA:224,26,1,8
BRDA:229,27,0,7
BRDA:229,27,1,1
BRDA:231,28,0,7
BRDA:231,28,1,0
BRDA:236,29,0,7
BRDA:236,29,1,6
BRDA:257,30,0,4
BRDA:257,30,1,0
BRDA:267,31,0,4
BRDA:267,31,1,0
BRDA:278,32,0,5
BRDA:278,32,1,1
BRDA:301,33,0,3
BRDA:301,33,1,1
BRDA:313,34,0,2
BRDA:313,34,1,1
BRDA:326,35,0,2
BRDA:326,35,1,2
BRDA:329,36,0,1
BRDA:329,36,1,1
BRDA:329,37,0,2
BRDA:329,37,1,1
BRDA:337,38,0,1
BRDA:337,38,1,2
BRDA:337,39,0,3
BRDA:337,39,1,2
BRDA:345,40,0,1
BRDA:345,40,1,1
BRDA:345,41,0,2
BRDA:345,41,1,1
BRDA:353,42,0,3
BRDA:353,42,1,1
BRDA:356,43,0,1
BRDA:356,43,1,2
BRDA:357,44,0,3
BRDA:357,44,1,2
BRDA:357,44,2,1
BRF:89
BRH:80
end_of_record
TN:
SF:src/components/SuggestPane.vue
FN:58,(anonymous_0)
FN:79,(anonymous_1)
FN:88,(anonymous_2)
FN:90,(anonymous_3)
FN:95,(anonymous_4)
FN:96,(anonymous_5)
FN:102,(anonymous_6)
FN:111,(anonymous_7)
FN:30,(anonymous_8)
FNF:9
FNH:7
FNDA:0,(anonymous_0)
FNDA:31,(anonymous_1)
FNDA:81,(anonymous_2)
FNDA:7,(anonymous_3)
FNDA:88,(anonymous_4)
FNDA:7,(anonymous_5)
FNDA:2,(anonymous_6)
FNDA:26,(anonymous_7)
FNDA:0,(anonymous_8)
DA:10,2
DA:30,0
DA:45,2
DA:53,2
DA:58,0
DA:79,31
DA:89,81
DA:90,81
DA:91,81
DA:94,81
DA:95,88
DA:97,7
DA:102,81
DA:103,2
DA:104,2
DA:105,2
DA:106,2
DA:111,81
DA:112,26
DA:115,26
DA:116,26
DA:118,26
DA:121,81
LF:23
LH:21
BRDA:90,0,0,7
BRDA:90,0,1,6
BRDA:105,1,0,2
BRDA:105,1,1,0
BRDA:112,2,0,0
BRDA:112,2,1,26
BRDA:11,3,0,0
BRDA:11,3,1,10
BRF:8
BRH:5
end_of_record
TN:
SF:src/components/Tag.vue
FN:64,(anonymous_0)
FN:93,(anonymous_1)
FN:99,(anonymous_2)
FN:105,(anonymous_3)
FN:106,(anonymous_4)
FN:112,(anonymous_5)
FN:117,(anonymous_6)
FN:122,(anonymous_7)
FN:126,(anonymous_8)
FN:128,(anonymous_9)
FN:130,(anonymous_10)
FN:14,(anonymous_11)
FN:18,(anonymous_12)
FN:19,(anonymous_13)
FN:19,(anonymous_14)
FN:25,(anonymous_15)
FN:40,(anonymous_16)
FNF:17
FNH:17
FNDA:44,(anonymous_0)
FNDA:41,(anonymous_1)
FNDA:250,(anonymous_2)
FNDA:6,(anonymous_3)
FNDA:16,(anonymous_4)
FNDA:14,(anonymous_5)
FNDA:5,(anonymous_6)
FNDA:4,(anonymous_7)
FNDA:273,(anonymous_8)
FNDA:250,(anonymous_9)
FNDA:256,(anonymous_10)
FNDA:3,(anonymous_11)
FNDA:1,(anonymous_12)
FNDA:5,(anonymous_13)
FNDA:3,(anonymous_14)
FNDA:16,(anonymous_15)
FNDA:3,(anonymous_16)
DA:15,3
DA:18,1
DA:19,5
DA:20,3
DA:25,16
DA:40,3
DA:52,3
DA:64,44
DA:93,41
DA:100,250
DA:101,250
DA:102,250
DA:103,250
DA:105,250
DA:106,250
DA:107,16
DA:108,2
DA:110,14
DA:112,14
DA:113,14
DA:117,250
DA:118,5
DA:119,5
DA:122,250
DA:123,4
DA:126,273
DA:128,250
DA:130,250
DA:131,256
DA:137,250
LF:30
LH:30
BRDA:107,0,0,2
BRDA:107,0,1,14
BRDA:107,1,0,16
BRDA:107,1,1,15
BRDA:126,2,0,273
BRDA:126,2,1,51
BRDA:126,2,2,14
BRDA:132,3,0,5
BRDA:132,3,1,251
BRDA:3,4,0,18
BRDA:3,4,1,265
BRDA:10,5,0,5
BRDA:10,5,1,278
BRDA:14,6,0,17
BRDA:14,6,1,14
BRDA:18,7,0,17
BRDA:18,7,1,14
BRDA:18,8,0,1
BRDA:18,8,1,1
BRDA:19,9,0,17
BRDA:19,9,1,14
BRDA:19,10,0,5
BRDA:19,10,1,5
BRDA:19,11,0,17
BRDA:19,11,1,14
BRDA:20,12,0,3
BRDA:20,12,1,3
BRDA:25,13,0,266
BRDA:25,13,1,250
BRDA:25,14,0,16
BRDA:25,14,1,16
BRDA:29,15,0,5
BRDA:29,15,1,261
BRDA:40,16,0,265
BRDA:40,16,1,232
BRF:35
BRH:35
end_of_record
TN:
SF:src/components/Tags.vue
FN:52,(anonymous_0)
FN:68,(anonymous_1)
FN:71,(anonymous_2)
FN:72,(anonymous_3)
FN:74,(anonymous_4)
FN:79,(anonymous_5)
FN:80,(anonymous_6)
FNF:7
FNH:6
FNDA:29,(anonymous_0)
FNDA:29,(anonymous_1)
FNDA:80,(anonymous_2)
FNDA:94,(anonymous_3)
FNDA:12,(anonymous_4)
FNDA:3,(anonymous_5)
FNDA:0,(anonymous_6)
DA:2,106
DA:32,2
DA:52,29
DA:68,29
DA:72,80
DA:73,94
DA:74,12
DA:76,88
DA:79,80
DA:80,80
DA:82,80
LF:11
LH:11
BRDA:73,0,0,6
BRDA:73,0,1,88
BRF:2
BRH:2
end_of_record
